2025-02-06 00:28:56,464 - WARNING - Scrapeo iniciado.
2025-02-06 00:32:08,560 - ERROR - Error al acceder a https://www.carrefour.es/cloud-api/plp-food-papi/v1/supermercado/la-despensa/helados/barquillos/cat460012/c?offset=0: 500
2025-02-06 00:33:28,966 - ERROR - Error 403: Reintentando acceso a https://www.carrefour.es/cloud-api/plp-food-papi/v1/supermercado/parafarmacia/nutricion-y-dietetica/complementos-vitaminicos/cat20426/c?offset=0 (1/3)
2025-02-06 00:36:55,117 - ERROR - Error al acceder a https://www.carrefour.es/cloud-api/plp-food-papi/v1/supermercado/la-despensa/helados/frutas-heladas/cat460009/c?offset=0: 500
2025-02-06 00:37:24,696 - ERROR - Error 403: Reintentando acceso a https://www.carrefour.es/cloud-api/plp-food-papi/v1/supermercado/limpieza-y-hogar/bazar/electricidad/cat20257/c?offset=0 (1/3)
2025-02-06 00:37:28,074 - ERROR - Error 403: Reintentando acceso a https://www.carrefour.es/cloud-api/plp-food-papi/v1/supermercado/limpieza-y-hogar/bazar/electricidad/cat20257/c?offset=0 (2/3)
2025-02-06 00:37:38,095 - ERROR - Error al acceder a https://www.carrefour.es/cloud-api/plp-food-papi/v1/supermercado/la-despensa/helados/conos/cat460004/c?offset=0: 500
2025-02-06 00:37:55,710 - ERROR - Error 403: Reintentando acceso a https://www.carrefour.es/cloud-api/plp-food-papi/v1/supermercado/productos-frescos/quesos/queso-fresco/cat20169/c?offset=0 (1/3)
2025-02-06 00:40:05,176 - ERROR - Error 403: Reintentando acceso a https://www.carrefour.es/cloud-api/plp-food-papi/v1/supermercado/mascotas/perros/premios-snacks-y-huesos/cat20384/c?offset=0 (1/3)
2025-02-06 00:41:13,260 - ERROR - Error 403: Reintentando acceso a https://www.carrefour.es/cloud-api/plp-food-papi/v1/supermercado/la-despensa/aperitivos/torreznos-y-cortezas/cat390006/c?offset=0 (1/3)
2025-02-06 00:44:27,927 - ERROR - Error 403: Reintentando acceso a https://www.carrefour.es/cloud-api/plp-food-papi/v1/supermercado/bebidas/cerveza/rubia/cat20189/c?offset=48 (1/3)
2025-02-06 00:45:04,381 - ERROR - Error 403: Reintentando acceso a https://www.carrefour.es/cloud-api/plp-food-papi/v1/supermercado/la-despensa/conservas-sopas-y-precocinados/platos-preparados/cat20116/c?offset=120 (1/3)
2025-02-06 00:47:15,550 - ERROR - Error al decodificar JSON de la respuesta en https://www.carrefour.es/cloud-api/plp-food-papi/v1/supermercado/productos-frescos/panaderia-tradicional/pdteborrar-pdteborrar-pdteborrar-pan-de-molde-tostado-y-picos/cat20163/c?offset=0
2025-02-06 00:48:29,572 - ERROR - Error al acceder a https://www.carrefour.es/cloud-api/plp-food-papi/v1/supermercado/la-despensa/helados/bloques/cat460002/c?offset=0: 500
2025-02-06 00:48:51,006 - ERROR - Error 403: Reintentando acceso a https://www.carrefour.es/cloud-api/plp-food-papi/v1/supermercado/bebe/puericultura/chupetes-biberones-y-tetinas/cat400003/c?offset=0 (1/3)
2025-02-06 00:49:40,177 - ERROR - Error al decodificar JSON de la respuesta en https://www.carrefour.es/cloud-api/plp-food-papi/v1/supermercado/productos-frescos/panaderia-tradicional/pdteborrar-pdteborrar-masa-fresca-y-bases/cat20162/c?offset=0
2025-02-06 00:49:59,405 - ERROR - Error 403: Reintentando acceso a https://www.carrefour.es/cloud-api/plp-food-papi/v1/supermercado/productos-frescos/charcuteria/chorizo-lomo-y-otros/cat20138/c?offset=48 (1/3)
2025-02-06 00:51:45,891 - ERROR - Error al acceder a https://www.carrefour.es/cloud-api/plp-food-papi/v1/supermercado/la-despensa/helados/tartas-heladas/cat460010/c?offset=0: 500
2025-02-06 00:53:37,813 - ERROR - Error 403: Reintentando acceso a https://www.carrefour.es/cloud-api/plp-food-papi/v1/supermercado/limpieza-y-hogar/menaje/menaje-desechable/cat20286/c?offset=24 (1/3)
2025-02-06 00:53:52,898 - ERROR - Error 403: Reintentando acceso a https://www.carrefour.es/cloud-api/plp-food-papi/v1/supermercado/productos-frescos/carniceria/empanados/cat20153/c?offset=0 (1/3)
2025-02-06 00:54:21,869 - ERROR - Error 403: Reintentando acceso a https://www.carrefour.es/cloud-api/plp-food-papi/v1/supermercado/limpieza-y-hogar/cuidado-de-la-ropa/suavizantes/cat20307/c?offset=48 (1/3)
2025-02-06 00:55:55,054 - ERROR - Error 403: Reintentando acceso a https://www.carrefour.es/cloud-api/plp-food-papi/v1/supermercado/limpieza-y-hogar/utensilios-de-limpieza/guantes/cat20330/c?offset=24 (1/3)
2025-02-06 00:56:24,716 - ERROR - Error al acceder a https://www.carrefour.es/cloud-api/plp-food-papi/v1/supermercado/la-despensa/helados/polos/cat460006/c?offset=0: 500
2025-02-06 00:57:22,505 - ERROR - Error 403: Reintentando acceso a https://www.carrefour.es/cloud-api/plp-food-papi/v1/supermercado/productos-frescos/panaderia-tradicional/bolleria-tradicional/cat170026/c?offset=72 (1/3)
2025-02-06 00:58:23,257 - ERROR - Error al decodificar JSON de la respuesta en https://www.carrefour.es/cloud-api/plp-food-papi/v1/supermercado/productos-frescos/panaderia-tradicional/pdteborrar-pdteborrar-magdalenas-dulces-y-bollos/cat20161/c?offset=0
2025-02-06 00:58:23,592 - ERROR - Error al acceder a https://www.carrefour.es/cloud-api/plp-food-papi/v1/supermercado/la-despensa/helados/sandwiches/cat460005/c?offset=0: 500
2025-02-06 01:01:20,382 - ERROR - Error 403: Reintentando acceso a https://www.carrefour.es/cloud-api/plp-food-papi/v1/supermercado/perfumeria-e-higiene/bano-e-higiene-corporal/ojos-y-oreja/cat20210/c?offset=0 (1/3)
2025-02-06 01:03:02,684 - ERROR - Error 403: Reintentando acceso a https://www.carrefour.es/cloud-api/plp-food-papi/v1/supermercado/bebidas/cerveza/artesanas/cat30001/c?offset=0 (1/3)
2025-02-06 01:03:06,922 - ERROR - Error 403: Reintentando acceso a https://www.carrefour.es/cloud-api/plp-food-papi/v1/supermercado/bebidas/cerveza/artesanas/cat30001/c?offset=0 (2/3)
2025-02-06 01:03:53,477 - ERROR - Error 403: Reintentando acceso a https://www.carrefour.es/cloud-api/plp-food-papi/v1/supermercado/parafarmacia/cuidado-e-higiene-facial/exfoliantes-y-mascarillas/cat20410/c?offset=24 (1/3)
2025-02-06 01:04:36,779 - ERROR - Error al acceder a https://www.carrefour.es/cloud-api/plp-food-papi/v1/supermercado/la-despensa/helados/bombon/cat460003/c?offset=0: 500
2025-02-06 01:05:45,784 - ERROR - Error 403: Reintentando acceso a https://www.carrefour.es/cloud-api/plp-food-papi/v1/supermercado/perfumeria-e-higiene/cosmetica/rostro/cat20229/c?offset=72 (1/3)
2025-02-06 01:05:48,554 - ERROR - Error al acceder a https://www.carrefour.es/cloud-api/plp-food-papi/v1/supermercado/la-despensa/helados/tarrinas/cat460007/c?offset=0: 500
2025-02-06 01:06:51,069 - ERROR - Error 403: Reintentando acceso a https://www.carrefour.es/cloud-api/plp-food-papi/v1/supermercado/bebidas/aguas-y-zumos/agua-con-sabor/cat650007/c?offset=24 (1/3)
2025-02-06 01:08:06,929 - ERROR - Error 403: Reintentando acceso a https://www.carrefour.es/cloud-api/plp-food-papi/v1/supermercado/limpieza-y-hogar/ambientadores/aerosol-o-pistola/cat20247/c?offset=24 (1/3)
2025-02-06 01:11:05,924 - ERROR - Error 403: Reintentando acceso a https://www.carrefour.es/cloud-api/plp-food-papi/v1/supermercado/productos-frescos/platos-preparados-cocinados/pastas-y-pizzas/cat180024/c?offset=24 (1/3)
2025-02-06 01:12:15,851 - ERROR - Error al acceder a https://www.carrefour.es/cloud-api/plp-food-papi/v1/supermercado/la-despensa/helados/hielo/cat460011/c?offset=0: 500
2025-02-06 01:12:54,878 - ERROR - Error 403: Reintentando acceso a https://www.carrefour.es/cloud-api/plp-food-papi/v1/supermercado/la-despensa/conservas-sopas-y-precocinados/conservas-de-vegetales/cat20113/c?offset=72 (1/3)
2025-02-06 01:13:54,362 - WARNING - Scrapeo terminado.
2025-02-06 01:13:54,520 - WARNING - Limpiando duplicados en output/productos_carrefour.csv, número de elementos duplicados: 18
2025-02-06 01:13:54,745 - WARNING - Limpiando duplicados en output/productos_carrefour.csv, número de elementos duplicados: 0
