2025-05-08 00:20:32,286 - WARNING - Scrapeo iniciado.
2025-05-08 00:22:07,316 - ERROR - Error 403: Reintentando acceso a https://www.carrefour.es/cloud-api/plp-food-papi/v1/supermercado/la-despensa/yogures-y-postres/yogures-infantiles/cat360007/c?offset=0 (1/3)
2025-05-08 00:25:03,390 - ERROR - Error 403: Reintentando acceso a https://www.carrefour.es/cloud-api/plp-food-papi/v1/supermercado/bebidas/cerveza/sin-alcohol/cat610003/c?offset=24 (1/3)
2025-05-08 00:25:46,288 - ERROR - Error 403: Reintentando acceso a https://www.carrefour.es/cloud-api/plp-food-papi/v1/supermercado/la-despensa/aperitivos/tortitas/cat390007/c?offset=0 (1/3)
2025-05-08 00:27:32,489 - ERROR - Error 403: Reintentando acceso a https://www.carrefour.es/cloud-api/plp-food-papi/v1/supermercado/parafarmacia/bebe/embarazo-y-lactancia/cat20355/c?offset=24 (1/3)
2025-05-08 00:28:45,709 - ERROR - Error al acceder a https://www.carrefour.es/cloud-api/plp-food-papi/v1/supermercado/la-despensa/helados/frutas-heladas/cat460009/c?offset=0: 500
2025-05-08 00:29:14,705 - ERROR - Error al acceder a https://www.carrefour.es/cloud-api/plp-food-papi/v1/supermercado/la-despensa/helados/conos/cat460004/c?offset=0: 500
2025-05-08 00:31:04,650 - ERROR - Error 403: Reintentando acceso a https://www.carrefour.es/cloud-api/plp-food-papi/v1/supermercado/perfumeria-e-higiene/cabello/tinte/cat20225/c?offset=72 (1/3)
2025-05-08 00:32:27,800 - ERROR - Error 403: Reintentando acceso a https://www.carrefour.es/cloud-api/plp-food-papi/v1/supermercado/limpieza-y-hogar/menaje/sartenes-paelleras-y-wok-fondue-parrillas-grill-accesorios/cat20289/c?offset=0 (1/3)
2025-05-08 00:33:38,731 - ERROR - Error 403: Reintentando acceso a https://www.carrefour.es/cloud-api/plp-food-papi/v1/supermercado/productos-frescos/quesos/tierno/cat20171/c?offset=48 (1/3)
2025-05-08 00:34:39,029 - ERROR - Error 403: Reintentando acceso a https://www.carrefour.es/cloud-api/plp-food-papi/v1/supermercado/la-despensa/lacteos/bebida-vegetal/cat20090/c?offset=48 (1/3)
2025-05-08 00:34:44,045 - ERROR - Error 403: Reintentando acceso a https://www.carrefour.es/cloud-api/plp-food-papi/v1/supermercado/la-despensa/lacteos/bebida-vegetal/cat20090/c?offset=72 (1/3)
2025-05-08 00:35:31,037 - ERROR - Error 403: Reintentando acceso a https://www.carrefour.es/cloud-api/plp-food-papi/v1/supermercado/bebidas/sidra/achampanada/cat370009/c?offset=0 (1/3)
2025-05-08 00:35:45,341 - ERROR - Error 403: Reintentando acceso a https://www.carrefour.es/cloud-api/plp-food-papi/v1/supermercado/limpieza-y-hogar/papeleria/dibujo-tecnico/cat260009/c?offset=0 (1/3)
2025-05-08 00:38:31,646 - ERROR - Error 403: Reintentando acceso a https://www.carrefour.es/cloud-api/plp-food-papi/v1/supermercado/bebidas/aguas-y-zumos/zumos-refrigerados/cat650008/c?offset=0 (1/3)
2025-05-08 00:39:02,553 - ERROR - Error 403: Reintentando acceso a https://www.carrefour.es/cloud-api/plp-food-papi/v1/supermercado/productos-frescos/charcuteria/foie-pates-y-sobrasadas/cat20142/c?offset=0 (1/3)
2025-05-08 00:39:05,586 - ERROR - Error 403: Reintentando acceso a https://www.carrefour.es/cloud-api/plp-food-papi/v1/supermercado/productos-frescos/charcuteria/foie-pates-y-sobrasadas/cat20142/c?offset=0 (2/3)
2025-05-08 00:39:09,853 - ERROR - Error 403: Reintentando acceso a https://www.carrefour.es/cloud-api/plp-food-papi/v1/supermercado/productos-frescos/charcuteria/foie-pates-y-sobrasadas/cat20142/c?offset=0 (3/3)
2025-05-08 00:39:12,081 - ERROR - Error 403 persistente: Acceso denegado a https://www.carrefour.es/cloud-api/plp-food-papi/v1/supermercado/productos-frescos/charcuteria/foie-pates-y-sobrasadas/cat20142/c?offset=0 tras 3 intentos
2025-05-08 00:39:20,429 - ERROR - Error al decodificar JSON de la respuesta en https://www.carrefour.es/cloud-api/plp-food-papi/v1/supermercado/productos-frescos/panaderia-tradicional/pdteborrar-pdteborrar-pdteborrar-pan-de-molde-tostado-y-picos/cat20163/c?offset=0
2025-05-08 00:39:21,396 - ERROR - Error 403: Reintentando acceso a https://www.carrefour.es/cloud-api/plp-food-papi/v1/supermercado/la-despensa/lacteos/bechamel/cat20091/c?offset=0 (1/3)
2025-05-08 00:40:39,041 - ERROR - Error 403: Reintentando acceso a https://www.carrefour.es/cloud-api/plp-food-papi/v1/supermercado/perfumeria-e-higiene/cuidado-y-proteccion-corporal/piel/cat20233/c?offset=0 (1/3)
2025-05-08 00:41:04,082 - ERROR - Error al acceder a https://www.carrefour.es/cloud-api/plp-food-papi/v1/supermercado/la-despensa/helados/bloques/cat460002/c?offset=0: 500
2025-05-08 00:41:52,804 - ERROR - Error 403: Reintentando acceso a https://www.carrefour.es/cloud-api/plp-food-papi/v1/supermercado/la-despensa/dulce/siropes-aromas-y-decoracion/cat26102820/c?offset=0 (1/3)
2025-05-08 00:42:06,105 - ERROR - Error al decodificar JSON de la respuesta en https://www.carrefour.es/cloud-api/plp-food-papi/v1/supermercado/productos-frescos/panaderia-tradicional/pdteborrar-pdteborrar-masa-fresca-y-bases/cat20162/c?offset=0
2025-05-08 00:42:32,635 - ERROR - Error 403: Reintentando acceso a https://www.carrefour.es/cloud-api/plp-food-papi/v1/supermercado/productos-frescos/charcuteria/chorizo-lomo-y-otros/cat20138/c?offset=72 (1/3)
2025-05-08 00:43:56,009 - ERROR - Error 403: Reintentando acceso a https://www.carrefour.es/cloud-api/plp-food-papi/v1/supermercado/la-despensa/aperitivos/frutos-secos/cat390003/c?offset=168 (1/3)
2025-05-08 00:44:17,454 - ERROR - Error 403: Reintentando acceso a https://www.carrefour.es/cloud-api/plp-food-papi/v1/supermercado/la-despensa/desayuno/azucar-y-edulcorantes/cat26102048/c?offset=24 (1/3)
2025-05-08 00:44:26,192 - ERROR - Error al acceder a https://www.carrefour.es/cloud-api/plp-food-papi/v1/supermercado/la-despensa/helados/tartas-heladas/cat460010/c?offset=0: 500
2025-05-08 00:45:22,706 - ERROR - Error 403: Reintentando acceso a https://www.carrefour.es/cloud-api/plp-food-papi/v1/supermercado/perfumeria-e-higiene/depilacion-y-afeitado/afeitado/cat20236/c?offset=24 (1/3)
2025-05-08 00:45:41,830 - ERROR - Error 403: Reintentando acceso a https://www.carrefour.es/cloud-api/plp-food-papi/v1/supermercado/bebe/alimentacion-infantil/complementos-alimenticios-e-infusiones-para-bebe/cat400010/c?offset=24 (1/3)
2025-05-08 00:45:59,632 - ERROR - Error 403: Reintentando acceso a https://www.carrefour.es/cloud-api/plp-food-papi/v1/supermercado/la-despensa/conservas-sopas-y-precocinados/platos-tradicionales/cat20117/c?offset=48 (1/3)
2025-05-08 00:46:28,264 - ERROR - Error 403: Reintentando acceso a https://www.carrefour.es/cloud-api/plp-food-papi/v1/supermercado/la-despensa/alimentacion/salsas-y-tomate-frito/cat20076/c?offset=168 (1/3)
2025-05-08 00:47:05,901 - ERROR - Error 403: Reintentando acceso a https://www.carrefour.es/cloud-api/plp-food-papi/v1/supermercado/parafarmacia/cabello/antiparasitarios/cat20396/c?offset=24 (1/3)
2025-05-08 00:47:14,848 - ERROR - Error 403: Reintentando acceso a https://www.carrefour.es/cloud-api/plp-food-papi/v1/supermercado/productos-frescos/carniceria/empanados/cat20153/c?offset=0 (1/3)
2025-05-08 00:47:24,158 - ERROR - Error 403: Reintentando acceso a https://www.carrefour.es/cloud-api/plp-food-papi/v1/supermercado/productos-frescos/carniceria/empanados/cat20153/c?offset=24 (1/3)
2025-05-08 00:47:26,804 - ERROR - Error 403: Reintentando acceso a https://www.carrefour.es/cloud-api/plp-food-papi/v1/supermercado/productos-frescos/carniceria/empanados/cat20153/c?offset=24 (2/3)
2025-05-08 00:47:47,199 - ERROR - Error 403: Reintentando acceso a https://www.carrefour.es/cloud-api/plp-food-papi/v1/supermercado/productos-frescos/carniceria/otras-carnes/cat190009/c?offset=48 (1/3)
2025-05-08 00:48:23,016 - ERROR - Error 403: Reintentando acceso a https://www.carrefour.es/cloud-api/plp-food-papi/v1/supermercado/bebidas/refrescos/kombucha/cat23383768/c?offset=0 (1/3)
2025-05-08 00:48:29,986 - ERROR - Error 403: Reintentando acceso a https://www.carrefour.es/cloud-api/plp-food-papi/v1/supermercado/la-despensa/conservas-sopas-y-precocinados/gazpacho-y-salmorejo/cat500001/c?offset=0 (1/3)
2025-05-08 00:48:43,240 - ERROR - Error 403: Reintentando acceso a https://www.carrefour.es/cloud-api/plp-food-papi/v1/supermercado/la-despensa/dulce/reposteria/cat26102772/c?offset=48 (1/3)
2025-05-08 00:49:08,031 - ERROR - Error 403: Reintentando acceso a https://www.carrefour.es/cloud-api/plp-food-papi/v1/supermercado/la-despensa/panaderia-bolleria-y-pasteleria/pan-perrito-y-burguer/cat21623839/c?offset=48 (1/3)
2025-05-08 00:49:11,262 - ERROR - Error 403: Reintentando acceso a https://www.carrefour.es/cloud-api/plp-food-papi/v1/supermercado/la-despensa/panaderia-bolleria-y-pasteleria/pan-perrito-y-burguer/cat21623839/c?offset=48 (2/3)
2025-05-08 00:49:27,064 - ERROR - Error 403: Reintentando acceso a https://www.carrefour.es/cloud-api/plp-food-papi/v1/supermercado/perfumeria-e-higiene/bano-e-higiene-corporal/desodorantes/cat20206/c?offset=72 (1/3)
2025-05-08 00:49:43,507 - ERROR - Error 403: Reintentando acceso a https://www.carrefour.es/cloud-api/plp-food-papi/v1/supermercado/la-despensa/aperitivos/frutas-desecadas/cat390004/c?offset=0 (1/3)
2025-05-08 00:49:59,465 - ERROR - Error 403: Reintentando acceso a https://www.carrefour.es/cloud-api/plp-food-papi/v1/supermercado/bebidas/alcoholes/tequila/cat20183/c?offset=24 (1/3)
2025-05-08 00:50:23,987 - ERROR - Error 403: Reintentando acceso a https://www.carrefour.es/cloud-api/plp-food-papi/v1/supermercado/parafarmacia/bebe/hidratantes-y-aceites-corporales/cat20356/c?offset=24 (1/3)
2025-05-08 00:50:27,737 - ERROR - Error 403: Reintentando acceso a https://www.carrefour.es/cloud-api/plp-food-papi/v1/supermercado/parafarmacia/bebe/hidratantes-y-aceites-corporales/cat20356/c?offset=24 (2/3)
2025-05-08 00:50:37,471 - ERROR - Error 403: Reintentando acceso a https://www.carrefour.es/cloud-api/plp-food-papi/v1/supermercado/congelados/helados/tartas-heladas/cat21449319/c?offset=0 (1/3)
2025-05-08 00:50:55,570 - ERROR - Error al acceder a https://www.carrefour.es/cloud-api/plp-food-papi/v1/supermercado/la-despensa/helados/polos/cat460006/c?offset=0: 500
2025-05-08 00:51:15,437 - ERROR - Error 403: Reintentando acceso a https://www.carrefour.es/cloud-api/plp-food-papi/v1/supermercado/perfumeria-e-higiene/cabello/champus/cat20222/c?offset=144 (1/3)
2025-05-08 00:51:42,198 - ERROR - Error 403: Reintentando acceso a https://www.carrefour.es/cloud-api/plp-food-papi/v1/supermercado/productos-frescos/charcuteria-y-quesos-al-corte/jamones-y-paletas-curados/cat510006/c?offset=0 (1/3)
2025-05-08 00:51:57,088 - ERROR - Error 403: Reintentando acceso a https://www.carrefour.es/cloud-api/plp-food-papi/v1/supermercado/productos-frescos/panaderia-tradicional/bolleria-tradicional/cat170026/c?offset=24 (1/3)
2025-05-08 00:52:10,528 - ERROR - Error 403: Reintentando acceso a https://www.carrefour.es/cloud-api/plp-food-papi/v1/supermercado/productos-frescos/carniceria/carne-picada/cat20147/c?offset=0 (1/3)
2025-05-08 00:52:26,448 - ERROR - Error 403: Reintentando acceso a https://www.carrefour.es/cloud-api/plp-food-papi/v1/supermercado/productos-frescos/pescaderia/pescado-fresco/cat20125/c?offset=24 (1/3)
2025-05-08 00:53:03,768 - ERROR - Error 403: Reintentando acceso a https://www.carrefour.es/cloud-api/plp-food-papi/v1/supermercado/productos-frescos/verduras-y-hortalizas/hierbas-aromaticas-y-especias/cat220023/c?offset=0 (1/3)
2025-05-08 00:53:07,602 - ERROR - Error 403: Reintentando acceso a https://www.carrefour.es/cloud-api/plp-food-papi/v1/supermercado/productos-frescos/verduras-y-hortalizas/hierbas-aromaticas-y-especias/cat220023/c?offset=0 (2/3)
2025-05-08 00:53:22,411 - ERROR - Error 403: Reintentando acceso a https://www.carrefour.es/cloud-api/plp-food-papi/v1/supermercado/limpieza-y-hogar/productos-para-bano/desatascadores-y-limpia-tuberias/cat310001/c?offset=0 (1/3)
2025-05-08 00:53:25,180 - ERROR - Error 403: Reintentando acceso a https://www.carrefour.es/cloud-api/plp-food-papi/v1/supermercado/limpieza-y-hogar/productos-para-bano/desatascadores-y-limpia-tuberias/cat310001/c?offset=0 (2/3)
2025-05-08 00:53:28,170 - ERROR - Error 403: Reintentando acceso a https://www.carrefour.es/cloud-api/plp-food-papi/v1/supermercado/limpieza-y-hogar/productos-para-bano/desatascadores-y-limpia-tuberias/cat310001/c?offset=0 (3/3)
2025-05-08 00:53:30,763 - ERROR - Error 403 persistente: Acceso denegado a https://www.carrefour.es/cloud-api/plp-food-papi/v1/supermercado/limpieza-y-hogar/productos-para-bano/desatascadores-y-limpia-tuberias/cat310001/c?offset=0 tras 3 intentos
2025-05-08 00:53:31,542 - ERROR - Error 403: Reintentando acceso a https://www.carrefour.es/cloud-api/plp-food-papi/v1/supermercado/productos-frescos/quesos/azules-y-roquefort/cat20174/c?offset=0 (1/3)
2025-05-08 00:53:35,933 - ERROR - Error 403: Reintentando acceso a https://www.carrefour.es/cloud-api/plp-food-papi/v1/supermercado/productos-frescos/quesos/azules-y-roquefort/cat20174/c?offset=0 (2/3)
2025-05-08 00:53:42,414 - ERROR - Error al decodificar JSON de la respuesta en https://www.carrefour.es/cloud-api/plp-food-papi/v1/supermercado/productos-frescos/panaderia-tradicional/pdteborrar-pdteborrar-magdalenas-dulces-y-bollos/cat20161/c?offset=0
2025-05-08 00:53:42,679 - ERROR - Error al acceder a https://www.carrefour.es/cloud-api/plp-food-papi/v1/supermercado/la-despensa/helados/sandwiches/cat460005/c?offset=0: 500
2025-05-08 00:53:44,948 - ERROR - Error 403: Reintentando acceso a https://www.carrefour.es/cloud-api/plp-food-papi/v1/supermercado/bebe/alimentacion-infantil/postres-zumos-petit-y-yogures-infantiles/cat20337/c?offset=24 (1/3)
2025-05-08 00:53:55,424 - ERROR - Error 403: Reintentando acceso a https://www.carrefour.es/cloud-api/plp-food-papi/v1/supermercado/bebe/alimentacion-infantil/postres-zumos-petit-y-yogures-infantiles/cat20337/c?offset=72 (1/3)
2025-05-08 00:54:07,689 - ERROR - Error 403: Reintentando acceso a https://www.carrefour.es/cloud-api/plp-food-papi/v1/supermercado/la-despensa/lacteos/listo-para-beber/cat410003/c?offset=48 (1/3)
2025-05-08 00:55:09,989 - ERROR - Error 403: Reintentando acceso a https://www.carrefour.es/cloud-api/plp-food-papi/v1/supermercado/la-despensa/desayuno/galletas/cat26102047/c?offset=24 (1/3)
2025-05-08 00:55:23,470 - ERROR - Error 403: Reintentando acceso a https://www.carrefour.es/cloud-api/plp-food-papi/v1/supermercado/la-despensa/desayuno/galletas/cat26102047/c?offset=96 (1/3)
2025-05-08 00:55:45,911 - ERROR - Error 403: Reintentando acceso a https://www.carrefour.es/cloud-api/plp-food-papi/v1/supermercado/la-despensa/desayuno/galletas/cat26102047/c?offset=240 (1/3)
2025-05-08 00:55:48,080 - ERROR - Error 403: Reintentando acceso a https://www.carrefour.es/cloud-api/plp-food-papi/v1/supermercado/la-despensa/desayuno/galletas/cat26102047/c?offset=240 (2/3)
2025-05-08 00:56:08,121 - ERROR - Error 403: Reintentando acceso a https://www.carrefour.es/cloud-api/plp-food-papi/v1/supermercado/perfumeria-e-higiene/boca-y-sonrisa/enjuagues-bucales/cat20217/c?offset=0 (1/3)
2025-05-08 00:56:15,289 - ERROR - Error 403: Reintentando acceso a https://www.carrefour.es/cloud-api/plp-food-papi/v1/supermercado/perfumeria-e-higiene/boca-y-sonrisa/enjuagues-bucales/cat20217/c?offset=24 (1/3)
2025-05-08 00:56:32,400 - ERROR - Error 403: Reintentando acceso a https://www.carrefour.es/cloud-api/plp-food-papi/v1/supermercado/congelados/helados/frutas-heladas/cat21449310/c?offset=24 (1/3)
2025-05-08 00:56:36,821 - ERROR - Error 403: Reintentando acceso a https://www.carrefour.es/cloud-api/plp-food-papi/v1/supermercado/congelados/helados/frutas-heladas/cat21449310/c?offset=24 (2/3)
2025-05-08 00:56:40,792 - ERROR - Error 403: Reintentando acceso a https://www.carrefour.es/cloud-api/plp-food-papi/v1/supermercado/congelados/helados/frutas-heladas/cat21449310/c?offset=24 (3/3)
2025-05-08 00:56:45,265 - ERROR - Error 403 persistente: Acceso denegado a https://www.carrefour.es/cloud-api/plp-food-papi/v1/supermercado/congelados/helados/frutas-heladas/cat21449310/c?offset=24 tras 3 intentos
2025-05-08 00:56:46,990 - ERROR - Error 403: Reintentando acceso a https://www.carrefour.es/cloud-api/plp-food-papi/v1/supermercado/bebidas/aguas-y-zumos/agua-de-075-a-2-litros/cat650004/c?offset=24 (1/3)
2025-05-08 00:57:01,700 - ERROR - Error 403: Reintentando acceso a https://www.carrefour.es/cloud-api/plp-food-papi/v1/supermercado/bebidas/cerveza/tostada-roja/cat20190/c?offset=24 (1/3)
2025-05-08 00:57:11,362 - ERROR - Error 403: Reintentando acceso a https://www.carrefour.es/cloud-api/plp-food-papi/v1/supermercado/mascotas/gatos/premios-y-snacks/cat20372/c?offset=0 (1/3)
2025-05-08 00:57:14,760 - ERROR - Error 403: Reintentando acceso a https://www.carrefour.es/cloud-api/plp-food-papi/v1/supermercado/mascotas/gatos/premios-y-snacks/cat20372/c?offset=0 (2/3)
2025-05-08 00:57:41,333 - ERROR - Error 403: Reintentando acceso a https://www.carrefour.es/cloud-api/plp-food-papi/v1/supermercado/perfumeria-e-higiene/bano-e-higiene-corporal/ojos-y-oreja/cat20210/c?offset=24 (1/3)
2025-05-08 00:57:59,975 - ERROR - Error 403: Reintentando acceso a https://www.carrefour.es/cloud-api/plp-food-papi/v1/supermercado/perfumeria-e-higiene/cabello/acondicionadores/cat20220/c?offset=48 (1/3)
2025-05-08 00:58:04,690 - ERROR - Error 403: Reintentando acceso a https://www.carrefour.es/cloud-api/plp-food-papi/v1/supermercado/perfumeria-e-higiene/cabello/acondicionadores/cat20220/c?offset=48 (2/3)
2025-05-08 00:58:58,695 - ERROR - Error 403: Reintentando acceso a https://www.carrefour.es/cloud-api/plp-food-papi/v1/supermercado/la-despensa/dulce/bombones-y-chocolates/cat26102512/c?offset=192 (1/3)
2025-05-08 00:59:36,377 - ERROR - Error 403: Reintentando acceso a https://www.carrefour.es/cloud-api/plp-food-papi/v1/supermercado/bebidas/bodega/sangria-y-tinto-de-verano/cat20202/c?offset=24 (1/3)
2025-05-08 00:59:59,412 - ERROR - Error 403: Reintentando acceso a https://www.carrefour.es/cloud-api/plp-food-papi/v1/supermercado/bebidas/alcoholes/cockteles-y-combinados/cat20180/c?offset=48 (1/3)
2025-05-08 01:00:23,261 - ERROR - Error 403: Reintentando acceso a https://www.carrefour.es/cloud-api/plp-food-papi/v1/supermercado/la-despensa/alimentacion/aceites-y-vinagres/cat20066/c?offset=168 (1/3)
2025-05-08 01:00:27,902 - ERROR - Error 403: Reintentando acceso a https://www.carrefour.es/cloud-api/plp-food-papi/v1/supermercado/la-despensa/alimentacion/aceites-y-vinagres/cat20066/c?offset=168 (2/3)
2025-05-08 01:00:45,531 - ERROR - Error 403: Reintentando acceso a https://www.carrefour.es/cloud-api/plp-food-papi/v1/supermercado/bebe/panales-y-toallitas/panales-dodot/cat20347/c?offset=48 (1/3)
2025-05-08 01:01:12,686 - ERROR - Error 403: Reintentando acceso a https://www.carrefour.es/cloud-api/plp-food-papi/v1/supermercado/la-despensa/alimentacion/arroz-y-cous-cous/cat20068/c?offset=24 (1/3)
2025-05-08 01:01:28,603 - ERROR - Error al acceder a https://www.carrefour.es/cloud-api/plp-food-papi/v1/supermercado/la-despensa/helados/bombon/cat460003/c?offset=0: 500
2025-05-08 01:01:54,410 - ERROR - Error 403: Reintentando acceso a https://www.carrefour.es/cloud-api/plp-food-papi/v1/supermercado/mascotas/conejos-y-roedores/pienso-para-conejos-y-rodeores/cat20368/c?offset=0 (1/3)
2025-05-08 01:01:57,412 - ERROR - Error 403: Reintentando acceso a https://www.carrefour.es/cloud-api/plp-food-papi/v1/supermercado/mascotas/conejos-y-roedores/pienso-para-conejos-y-rodeores/cat20368/c?offset=0 (2/3)
2025-05-08 01:02:03,068 - ERROR - Error 403: Reintentando acceso a https://www.carrefour.es/cloud-api/plp-food-papi/v1/supermercado/perfumeria-e-higiene/cabello/cuidado-y-tratamientos-del-cabello/cat20223/c?offset=0 (1/3)
2025-05-08 01:02:23,448 - ERROR - Error 403: Reintentando acceso a https://www.carrefour.es/cloud-api/plp-food-papi/v1/supermercado/parafarmacia/cuidado-de-manos-y-pies/desodorante-pies/cat20415/c?offset=24 (1/3)
2025-05-08 01:02:50,280 - ERROR - Error 403: Reintentando acceso a https://www.carrefour.es/cloud-api/plp-food-papi/v1/supermercado/perfumeria-e-higiene/cosmetica/rostro/cat20229/c?offset=48 (1/3)
2025-05-08 01:02:57,299 - ERROR - Error al acceder a https://www.carrefour.es/cloud-api/plp-food-papi/v1/supermercado/la-despensa/helados/tarrinas/cat460007/c?offset=0: 500
2025-05-08 01:03:10,342 - ERROR - Error 403: Reintentando acceso a https://www.carrefour.es/cloud-api/plp-food-papi/v1/supermercado/limpieza-y-hogar/bazar/herramientas/cat20265/c?offset=24 (1/3)
2025-05-08 01:03:50,367 - ERROR - Error 403: Reintentando acceso a https://www.carrefour.es/cloud-api/plp-food-papi/v1/supermercado/productos-frescos/verduras-y-hortalizas/patatas-cebollas-y-ajos/cat220017/c?offset=24 (1/3)
2025-05-08 01:04:05,819 - ERROR - Error 403: Reintentando acceso a https://www.carrefour.es/cloud-api/plp-food-papi/v1/supermercado/la-despensa/panaderia-bolleria-y-pasteleria/colines-picos-y-crakers/cat21623838/c?offset=72 (1/3)
2025-05-08 01:04:33,989 - ERROR - Error 403: Reintentando acceso a https://www.carrefour.es/cloud-api/plp-food-papi/v1/supermercado/la-despensa/yogures-y-postres/proteina/cat360009/c?offset=48 (1/3)
2025-05-08 01:05:02,806 - ERROR - Error 403: Reintentando acceso a https://www.carrefour.es/cloud-api/plp-food-papi/v1/supermercado/la-despensa/aperitivos/snacks/cat20074/c?offset=72 (1/3)
2025-05-08 01:05:11,169 - ERROR - Error 403: Reintentando acceso a https://www.carrefour.es/cloud-api/plp-food-papi/v1/supermercado/productos-frescos/panaderia-tradicional/pan-tradicional/cat170025/c?offset=0 (1/3)
2025-05-08 01:05:18,996 - ERROR - Error 403: Reintentando acceso a https://www.carrefour.es/cloud-api/plp-food-papi/v1/supermercado/productos-frescos/panaderia-tradicional/pan-tradicional/cat170025/c?offset=0 (2/3)
2025-05-08 01:05:44,539 - ERROR - Error 403: Reintentando acceso a https://www.carrefour.es/cloud-api/plp-food-papi/v1/supermercado/la-despensa/conservas-sopas-y-precocinados/conservas-de-tomate/cat20112/c?offset=48 (1/3)
2025-05-08 01:05:53,817 - ERROR - Error 403: Reintentando acceso a https://www.carrefour.es/cloud-api/plp-food-papi/v1/supermercado/limpieza-y-hogar/calzado/crema/cat20268/c?offset=0 (1/3)
2025-05-08 01:09:26,976 - ERROR - Error 403: Reintentando acceso a https://www.carrefour.es/cloud-api/plp-food-papi/v1/supermercado/perfumeria-e-higiene/boca-y-sonrisa/protesis/cat20219/c?offset=0 (1/3)
2025-05-08 01:10:24,336 - ERROR - Error al acceder a https://www.carrefour.es/cloud-api/plp-food-papi/v1/supermercado/la-despensa/helados/hielo/cat460011/c?offset=0: 500
2025-05-08 01:11:44,109 - ERROR - Error 403: Reintentando acceso a https://www.carrefour.es/cloud-api/plp-food-papi/v1/supermercado/la-despensa/yogures-y-postres/yogures-griegos-y-enriquecidos/cat360003/c?offset=48 (1/3)
2025-05-08 01:12:02,777 - WARNING - Scrapeo terminado.
2025-05-08 01:12:02,934 - WARNING - Limpiando duplicados en output/productos_carrefour.csv, número de elementos duplicados: 13
2025-05-08 01:12:03,115 - WARNING - Limpiando duplicados en output/productos_carrefour.csv, número de elementos duplicados: 0
