2025-03-11 00:20:43,503 - WARNING - Scrapeo iniciado.
2025-03-11 00:23:38,012 - ERROR - Error al acceder a https://www.carrefour.es/cloud-api/plp-food-papi/v1/supermercado/la-despensa/helados/barquillos/cat460012/c?offset=0: 500
2025-03-11 00:25:21,090 - ERROR - Error 403: Reintentando acceso a https://www.carrefour.es/cloud-api/plp-food-papi/v1/supermercado/la-despensa/aperitivos/tortitas/cat390007/c?offset=0 (1/3)
2025-03-11 00:26:34,722 - ERROR - Error 403: Reintentando acceso a https://www.carrefour.es/cloud-api/plp-food-papi/v1/supermercado/parafarmacia/cabello/otros-champus-de-tratamiento/cat20398/c?offset=0 (1/3)
2025-03-11 00:26:46,450 - ERROR - Error 403: Reintentando acceso a https://www.carrefour.es/cloud-api/plp-food-papi/v1/supermercado/la-despensa/yogures-y-postres/yogur-natural-y-sabores/cat360008/c?offset=48 (1/3)
2025-03-11 00:27:00,644 - ERROR - Error 403: Reintentando acceso a https://www.carrefour.es/cloud-api/plp-food-papi/v1/supermercado/parafarmacia/bebe/embarazo-y-lactancia/cat20355/c?offset=0 (1/3)
2025-03-11 00:28:10,830 - ERROR - Error al acceder a https://www.carrefour.es/cloud-api/plp-food-papi/v1/supermercado/la-despensa/helados/frutas-heladas/cat460009/c?offset=0: 500
2025-03-11 00:28:10,914 - ERROR - Error 403: Reintentando acceso a https://www.carrefour.es/cloud-api/plp-food-papi/v1/supermercado/parafarmacia/cuidado-e-higiene-facial/cuidado-acne/cat20407/c?offset=0 (1/3)
2025-03-11 00:28:45,471 - ERROR - Error al acceder a https://www.carrefour.es/cloud-api/plp-food-papi/v1/supermercado/la-despensa/helados/conos/cat460004/c?offset=0: 500
2025-03-11 00:28:57,722 - ERROR - Error 403: Reintentando acceso a https://www.carrefour.es/cloud-api/plp-food-papi/v1/supermercado/productos-frescos/quesos/queso-fresco/cat20169/c?offset=0 (1/3)
2025-03-11 00:29:12,785 - ERROR - Error 403: Reintentando acceso a https://www.carrefour.es/cloud-api/plp-food-papi/v1/supermercado/limpieza-y-hogar/papeleria/maquinaria-de-oficina/cat260013/c?offset=0 (1/3)
2025-03-11 00:29:58,661 - ERROR - Error 403: Reintentando acceso a https://www.carrefour.es/cloud-api/plp-food-papi/v1/supermercado/la-despensa/desayuno/cacaos-y-cereales-solubles/cat26102050/c?offset=0 (1/3)
2025-03-11 00:30:13,660 - ERROR - Error 403: Reintentando acceso a https://www.carrefour.es/cloud-api/plp-food-papi/v1/supermercado/la-despensa/alimentacion/pastas/cat20073/c?offset=48 (1/3)
2025-03-11 00:30:17,244 - ERROR - Error 403: Reintentando acceso a https://www.carrefour.es/cloud-api/plp-food-papi/v1/supermercado/la-despensa/alimentacion/pastas/cat20073/c?offset=48 (2/3)
2025-03-11 00:30:39,059 - ERROR - Error 403: Reintentando acceso a https://www.carrefour.es/cloud-api/plp-food-papi/v1/supermercado/la-despensa/alimentacion/pastas/cat20073/c?offset=168 (1/3)
2025-03-11 00:31:02,008 - ERROR - Error 403: Reintentando acceso a https://www.carrefour.es/cloud-api/plp-food-papi/v1/supermercado/perfumeria-e-higiene/cabello/tinte/cat20225/c?offset=144 (1/3)
2025-03-11 00:31:22,591 - ERROR - Error 403: Reintentando acceso a https://www.carrefour.es/cloud-api/plp-food-papi/v1/supermercado/bebidas/alcoholes/ginebra/cat20181/c?offset=0 (1/3)
2025-03-11 00:33:09,922 - ERROR - Error 403: Reintentando acceso a https://www.carrefour.es/cloud-api/plp-food-papi/v1/supermercado/productos-frescos/quesos/todos-los-quesos/cat30004/c?offset=384 (1/3)
2025-03-11 00:33:32,051 - ERROR - Error 403: Reintentando acceso a https://www.carrefour.es/cloud-api/plp-food-papi/v1/supermercado/la-despensa/dulce/mermeladas-membrillos-y-compotas/cat26102558/c?offset=24 (1/3)
2025-03-11 00:34:31,556 - ERROR - Error 403: Reintentando acceso a https://www.carrefour.es/cloud-api/plp-food-papi/v1/supermercado/bebidas/refrescos/colas/cat650010/c?offset=72 (1/3)
2025-03-11 00:35:12,918 - ERROR - Error 403: Reintentando acceso a https://www.carrefour.es/cloud-api/plp-food-papi/v1/supermercado/bebidas/cava-y-champagne/todos-los-cavas-y-champagnes/cat20191/c?offset=0 (1/3)
2025-03-11 00:35:43,512 - ERROR - Error 403: Reintentando acceso a https://www.carrefour.es/cloud-api/plp-food-papi/v1/supermercado/bebidas/cerveza/rubia/cat20189/c?offset=144 (1/3)
2025-03-11 00:36:36,951 - ERROR - Error 403: Reintentando acceso a https://www.carrefour.es/cloud-api/plp-food-papi/v1/supermercado/limpieza-y-hogar/cuidado-de-la-ropa/lejias-lavadora/cat290001/c?offset=0 (1/3)
2025-03-11 00:37:13,432 - ERROR - Error 403: Reintentando acceso a https://www.carrefour.es/cloud-api/plp-food-papi/v1/supermercado/parafarmacia/nutricion-y-dietetica/batidos-e-infusiones/cat20425/c?offset=24 (1/3)
2025-03-11 00:37:18,833 - ERROR - Error 403: Reintentando acceso a https://www.carrefour.es/cloud-api/plp-food-papi/v1/supermercado/limpieza-y-hogar/papel-y-celulosa/papel-higienico/cat20320/c?offset=24 (1/3)
2025-03-11 00:37:25,807 - ERROR - Error 403: Reintentando acceso a https://www.carrefour.es/cloud-api/plp-food-papi/v1/supermercado/mascotas/perros/pienso-para-perros/cat20377/c?offset=0 (1/3)
2025-03-11 00:37:30,197 - ERROR - Error 403: Reintentando acceso a https://www.carrefour.es/cloud-api/plp-food-papi/v1/supermercado/mascotas/perros/pienso-para-perros/cat20377/c?offset=0 (2/3)
2025-03-11 00:37:36,374 - ERROR - Error 403: Reintentando acceso a https://www.carrefour.es/cloud-api/plp-food-papi/v1/supermercado/mascotas/perros/pienso-para-perros/cat20377/c?offset=24 (1/3)
2025-03-11 00:37:45,016 - ERROR - Error 403: Reintentando acceso a https://www.carrefour.es/cloud-api/plp-food-papi/v1/supermercado/mascotas/perros/pienso-para-perros/cat20377/c?offset=72 (1/3)
2025-03-11 00:37:51,189 - ERROR - Error 403: Reintentando acceso a https://www.carrefour.es/cloud-api/plp-food-papi/v1/supermercado/bebidas/vinos/vinos-internacionales/cat20204/c?offset=24 (1/3)
2025-03-11 00:38:00,520 - ERROR - Error 403: Reintentando acceso a https://www.carrefour.es/cloud-api/plp-food-papi/v1/supermercado/limpieza-y-hogar/menaje/utensilios-de-cocina/cat20290/c?offset=0 (1/3)
2025-03-11 00:38:10,574 - ERROR - Error 403: Reintentando acceso a https://www.carrefour.es/cloud-api/plp-food-papi/v1/supermercado/limpieza-y-hogar/menaje/utensilios-de-cocina/cat20290/c?offset=48 (1/3)
2025-03-11 00:38:18,969 - ERROR - Error 403: Reintentando acceso a https://www.carrefour.es/cloud-api/plp-food-papi/v1/supermercado/limpieza-y-hogar/menaje/utensilios-de-cocina/cat20290/c?offset=96 (1/3)
2025-03-11 00:38:27,851 - ERROR - Error 403: Reintentando acceso a https://www.carrefour.es/cloud-api/plp-food-papi/v1/supermercado/bebidas/aguas-y-zumos/zumos-refrigerados/cat650008/c?offset=0 (1/3)
2025-03-11 00:38:34,419 - ERROR - Error 403: Reintentando acceso a https://www.carrefour.es/cloud-api/plp-food-papi/v1/supermercado/bebidas/aguas-y-zumos/zumos-refrigerados/cat650008/c?offset=24 (1/3)
2025-03-11 00:38:45,091 - ERROR - Error 403: Reintentando acceso a https://www.carrefour.es/cloud-api/plp-food-papi/v1/supermercado/productos-frescos/carniceria/conejo/cat440001/c?offset=24 (1/3)
2025-03-11 00:38:52,865 - ERROR - Error 403: Reintentando acceso a https://www.carrefour.es/cloud-api/plp-food-papi/v1/supermercado/congelados/helados/sandwiches/cat21449306/c?offset=24 (1/3)
2025-03-11 00:39:18,795 - ERROR - Error 403: Reintentando acceso a https://www.carrefour.es/cloud-api/plp-food-papi/v1/supermercado/productos-frescos/charcuteria/foie-pates-y-sobrasadas/cat20142/c?offset=96 (1/3)
2025-03-11 00:39:23,285 - ERROR - Error 403: Reintentando acceso a https://www.carrefour.es/cloud-api/plp-food-papi/v1/supermercado/productos-frescos/charcuteria/foie-pates-y-sobrasadas/cat20142/c?offset=96 (2/3)
2025-03-11 00:39:26,654 - ERROR - Error 403: Reintentando acceso a https://www.carrefour.es/cloud-api/plp-food-papi/v1/supermercado/la-despensa/dulce-y-desayuno/dulces-y-golosinas/cat20083/c?offset=0 (1/3)
2025-03-11 00:39:29,795 - ERROR - Error 403: Reintentando acceso a https://www.carrefour.es/cloud-api/plp-food-papi/v1/supermercado/perfumeria-e-higiene/bano-e-higiene-corporal/jabon-de-manos/cat20209/c?offset=0 (1/3)
2025-03-11 00:39:34,478 - ERROR - Error 403: Reintentando acceso a https://www.carrefour.es/cloud-api/plp-food-papi/v1/supermercado/perfumeria-e-higiene/bano-e-higiene-corporal/jabon-de-manos/cat20209/c?offset=0 (2/3)
2025-03-11 00:39:41,320 - ERROR - Error al decodificar JSON de la respuesta en https://www.carrefour.es/cloud-api/plp-food-papi/v1/supermercado/productos-frescos/panaderia-tradicional/pdteborrar-pdteborrar-pdteborrar-pan-de-molde-tostado-y-picos/cat20163/c?offset=0
2025-03-11 00:39:41,383 - ERROR - Error 403: Reintentando acceso a https://www.carrefour.es/cloud-api/plp-food-papi/v1/supermercado/mascotas/perros/collares-y-correas/cat20380/c?offset=0 (1/3)
2025-03-11 00:40:07,158 - ERROR - Error 403: Reintentando acceso a https://www.carrefour.es/cloud-api/plp-food-papi/v1/supermercado/la-despensa/aperitivos/aceitunas-y-encurtidos/cat20067/c?offset=48 (1/3)
2025-03-11 00:40:51,115 - ERROR - Error al acceder a https://www.carrefour.es/cloud-api/plp-food-papi/v1/supermercado/la-despensa/helados/bloques/cat460002/c?offset=0: 500
2025-03-11 00:40:58,559 - ERROR - Error 403: Reintentando acceso a https://www.carrefour.es/cloud-api/plp-food-papi/v1/supermercado/bebidas/sidra/sin-alcohol/cat370012/c?offset=0 (1/3)
2025-03-11 00:41:23,917 - ERROR - Error 403: Reintentando acceso a https://www.carrefour.es/cloud-api/plp-food-papi/v1/supermercado/limpieza-y-hogar/cuidado-de-la-ropa/tinte-para-la-ropa/cat20308/c?offset=24 (1/3)
2025-03-11 00:41:40,313 - ERROR - Error 403: Reintentando acceso a https://www.carrefour.es/cloud-api/plp-food-papi/v1/supermercado/la-despensa/dulce/siropes-aromas-y-decoracion/cat26102820/c?offset=24 (1/3)
2025-03-11 00:41:46,941 - ERROR - Error al decodificar JSON de la respuesta en https://www.carrefour.es/cloud-api/plp-food-papi/v1/supermercado/productos-frescos/panaderia-tradicional/pdteborrar-pdteborrar-masa-fresca-y-bases/cat20162/c?offset=0
2025-03-11 00:42:03,230 - ERROR - Error 403: Reintentando acceso a https://www.carrefour.es/cloud-api/plp-food-papi/v1/supermercado/productos-frescos/charcuteria/chorizo-lomo-y-otros/cat20138/c?offset=0 (1/3)
2025-03-11 00:43:29,766 - ERROR - Error 403: Reintentando acceso a https://www.carrefour.es/cloud-api/plp-food-papi/v1/supermercado/la-despensa/aperitivos/frutos-secos/cat390003/c?offset=192 (1/3)
2025-03-11 00:43:39,451 - ERROR - Error 403: Reintentando acceso a https://www.carrefour.es/cloud-api/plp-food-papi/v1/supermercado/productos-frescos/verduras-y-hortalizas/tomates-y-pepinos/cat220018/c?offset=0 (1/3)
2025-03-11 00:44:00,060 - ERROR - Error al acceder a https://www.carrefour.es/cloud-api/plp-food-papi/v1/supermercado/la-despensa/helados/tartas-heladas/cat460010/c?offset=0: 500
2025-03-11 00:44:22,694 - ERROR - Error 403: Reintentando acceso a https://www.carrefour.es/cloud-api/plp-food-papi/v1/supermercado/la-despensa/lacteos/mantequillas-y-margarinas/cat20095/c?offset=0 (1/3)
2025-03-11 00:44:25,271 - ERROR - Error 403: Reintentando acceso a https://www.carrefour.es/cloud-api/plp-food-papi/v1/supermercado/la-despensa/lacteos/mantequillas-y-margarinas/cat20095/c?offset=0 (2/3)
2025-03-11 00:44:39,826 - ERROR - Error 403: Reintentando acceso a https://www.carrefour.es/cloud-api/plp-food-papi/v1/supermercado/limpieza-y-hogar/utensilios-de-limpieza/bolsas-de-basura/cat20324/c?offset=24 (1/3)
2025-03-11 00:44:52,103 - ERROR - Error 403: Reintentando acceso a https://www.carrefour.es/cloud-api/plp-food-papi/v1/supermercado/productos-frescos/carniceria/hamburguesas/cat20154/c?offset=24 (1/3)
2025-03-11 00:45:22,159 - ERROR - Error 403: Reintentando acceso a https://www.carrefour.es/cloud-api/plp-food-papi/v1/supermercado/la-despensa/aperitivos/patatas-fritas/cat20072/c?offset=48 (1/3)
2025-03-11 00:45:25,194 - ERROR - Error 403: Reintentando acceso a https://www.carrefour.es/cloud-api/plp-food-papi/v1/supermercado/la-despensa/aperitivos/patatas-fritas/cat20072/c?offset=48 (2/3)
2025-03-11 00:45:33,861 - ERROR - Error 403: Reintentando acceso a https://www.carrefour.es/cloud-api/plp-food-papi/v1/supermercado/la-despensa/conservas-sopas-y-precocinados/platos-tradicionales/cat20117/c?offset=0 (1/3)
2025-03-11 00:45:42,989 - ERROR - Error 403: Reintentando acceso a https://www.carrefour.es/cloud-api/plp-food-papi/v1/supermercado/productos-frescos/quesos/anejo/cat20167/c?offset=0 (1/3)
2025-03-11 00:46:09,953 - ERROR - Error 403: Reintentando acceso a https://www.carrefour.es/cloud-api/plp-food-papi/v1/supermercado/la-despensa/alimentacion/salsas-y-tomate-frito/cat20076/c?offset=192 (1/3)
2025-03-11 00:46:36,571 - ERROR - Error 403: Reintentando acceso a https://www.carrefour.es/cloud-api/plp-food-papi/v1/supermercado/productos-frescos/carniceria/empanados/cat20153/c?offset=0 (1/3)
2025-03-11 00:47:17,103 - ERROR - Error 403: Reintentando acceso a https://www.carrefour.es/cloud-api/plp-food-papi/v1/supermercado/limpieza-y-hogar/papeleria/marcadores/cat260014/c?offset=24 (1/3)
2025-03-11 00:47:39,937 - ERROR - Error 403: Reintentando acceso a https://www.carrefour.es/cloud-api/plp-food-papi/v1/supermercado/la-despensa/dulce/reposteria/cat26102772/c?offset=48 (1/3)
2025-03-11 00:47:54,631 - ERROR - Error 403: Reintentando acceso a https://www.carrefour.es/cloud-api/plp-food-papi/v1/supermercado/congelados/helados/bloques/cat21449327/c?offset=24 (1/3)
2025-03-11 00:48:05,765 - ERROR - Error 403: Reintentando acceso a https://www.carrefour.es/cloud-api/plp-food-papi/v1/supermercado/parafarmacia/botiquin/higiene-y-tiras-nasales/cat20394/c?offset=0 (1/3)
2025-03-11 00:48:11,018 - ERROR - Error 403: Reintentando acceso a https://www.carrefour.es/cloud-api/plp-food-papi/v1/supermercado/parafarmacia/botiquin/higiene-y-tiras-nasales/cat20394/c?offset=24 (1/3)
2025-03-11 00:48:15,781 - ERROR - Error 403: Reintentando acceso a https://www.carrefour.es/cloud-api/plp-food-papi/v1/supermercado/la-despensa/panaderia-bolleria-y-pasteleria/pan-perrito-y-burguer/cat21623839/c?offset=0 (1/3)
2025-03-11 00:48:51,003 - ERROR - Error 403: Reintentando acceso a https://www.carrefour.es/cloud-api/plp-food-papi/v1/supermercado/bebidas/alcoholes/tequila/cat20183/c?offset=0 (1/3)
2025-03-11 00:49:01,447 - ERROR - Error 403: Reintentando acceso a https://www.carrefour.es/cloud-api/plp-food-papi/v1/supermercado/perfumeria-e-higiene/boca-y-sonrisa/dentifricos/cat20216/c?offset=0 (1/3)
2025-03-11 00:49:33,807 - ERROR - Error 403: Reintentando acceso a https://www.carrefour.es/cloud-api/plp-food-papi/v1/supermercado/bebidas/vinos/estuches-de-vino/cat570002/c?offset=24 (1/3)
2025-03-11 00:49:36,867 - ERROR - Error al acceder a https://www.carrefour.es/cloud-api/plp-food-papi/v1/supermercado/la-despensa/helados/polos/cat460006/c?offset=0: 500
2025-03-11 00:49:53,985 - ERROR - Error 403: Reintentando acceso a https://www.carrefour.es/cloud-api/plp-food-papi/v1/supermercado/perfumeria-e-higiene/cabello/champus/cat20222/c?offset=144 (1/3)
2025-03-11 00:50:10,682 - ERROR - Error 403: Reintentando acceso a https://www.carrefour.es/cloud-api/plp-food-papi/v1/supermercado/parafarmacia/higiene-bucal/pasta-de-dientes/cat20421/c?offset=24 (1/3)
2025-03-11 00:50:42,837 - ERROR - Error 403: Reintentando acceso a https://www.carrefour.es/cloud-api/plp-food-papi/v1/supermercado/productos-frescos/panaderia-tradicional/bolleria-tradicional/cat170026/c?offset=48 (1/3)
2025-03-11 00:50:55,720 - ERROR - Error 403: Reintentando acceso a https://www.carrefour.es/cloud-api/plp-food-papi/v1/supermercado/productos-frescos/quesos/semicurado/cat20170/c?offset=48 (1/3)
2025-03-11 00:51:13,202 - ERROR - Error 403: Reintentando acceso a https://www.carrefour.es/cloud-api/plp-food-papi/v1/supermercado/bebidas/refrescos/gaseosa/cat650018/c?offset=24 (1/3)
2025-03-11 00:51:49,109 - ERROR - Error 403: Reintentando acceso a https://www.carrefour.es/cloud-api/plp-food-papi/v1/supermercado/productos-frescos/quesos/azules-y-roquefort/cat20174/c?offset=0 (1/3)
2025-03-11 00:51:54,155 - ERROR - Error al decodificar JSON de la respuesta en https://www.carrefour.es/cloud-api/plp-food-papi/v1/supermercado/productos-frescos/panaderia-tradicional/pdteborrar-pdteborrar-magdalenas-dulces-y-bollos/cat20161/c?offset=0
2025-03-11 00:51:54,526 - ERROR - Error al acceder a https://www.carrefour.es/cloud-api/plp-food-papi/v1/supermercado/la-despensa/helados/sandwiches/cat460005/c?offset=0: 500
2025-03-11 00:51:56,942 - ERROR - Error 403: Reintentando acceso a https://www.carrefour.es/cloud-api/plp-food-papi/v1/supermercado/bebe/alimentacion-infantil/postres-zumos-petit-y-yogures-infantiles/cat20337/c?offset=24 (1/3)
2025-03-11 00:52:15,312 - ERROR - Error 403: Reintentando acceso a https://www.carrefour.es/cloud-api/plp-food-papi/v1/supermercado/limpieza-y-hogar/calzado/esponjas-autobrillantes/cat20270/c?offset=24 (1/3)
2025-03-11 00:52:23,905 - ERROR - Error 403: Reintentando acceso a https://www.carrefour.es/cloud-api/plp-food-papi/v1/supermercado/bebidas/alcoholes/sin-alcohol/cat610002/c?offset=24 (1/3)
2025-03-11 00:52:49,934 - ERROR - Error 403: Reintentando acceso a https://www.carrefour.es/cloud-api/plp-food-papi/v1/supermercado/congelados/helados/tarrinas/cat21449289/c?offset=24 (1/3)
2025-03-11 00:52:59,493 - ERROR - Error 403: Reintentando acceso a https://www.carrefour.es/cloud-api/plp-food-papi/v1/supermercado/parafarmacia/botiquin/apositos-y-gasas/cat20390/c?offset=0 (1/3)
2025-03-11 00:53:25,961 - ERROR - Error 403: Reintentando acceso a https://www.carrefour.es/cloud-api/plp-food-papi/v1/supermercado/bebidas/alcoholes/whisky-y-bourbon/cat20186/c?offset=48 (1/3)
2025-03-11 00:53:31,698 - ERROR - Error 403: Reintentando acceso a https://www.carrefour.es/cloud-api/plp-food-papi/v1/supermercado/limpieza-y-hogar/productos-para-toda-la-casa/lejias-y-amoniacos/cat20312/c?offset=0 (1/3)
2025-03-11 00:53:58,809 - ERROR - Error 403: Reintentando acceso a https://www.carrefour.es/cloud-api/plp-food-papi/v1/supermercado/la-despensa/desayuno/galletas/cat26102047/c?offset=168 (1/3)
2025-03-11 00:55:12,886 - ERROR - Error 403: Reintentando acceso a https://www.carrefour.es/cloud-api/plp-food-papi/v1/supermercado/perfumeria-e-higiene/cabello/cepillos-peines-y-accesorios/cat20221/c?offset=48 (1/3)
2025-03-11 00:55:19,836 - ERROR - Error 403: Reintentando acceso a https://www.carrefour.es/cloud-api/plp-food-papi/v1/supermercado/perfumeria-e-higiene/cabello/acondicionadores/cat20220/c?offset=0 (1/3)
2025-03-11 00:56:03,009 - ERROR - Error 403: Reintentando acceso a https://www.carrefour.es/cloud-api/plp-food-papi/v1/supermercado/la-despensa/dulce/bombones-y-chocolates/cat26102512/c?offset=72 (1/3)
2025-03-11 00:56:08,820 - ERROR - Error 403: Reintentando acceso a https://www.carrefour.es/cloud-api/plp-food-papi/v1/supermercado/la-despensa/dulce/bombones-y-chocolates/cat26102512/c?offset=96 (1/3)
2025-03-11 00:57:09,921 - ERROR - Error 403: Reintentando acceso a https://www.carrefour.es/cloud-api/plp-food-papi/v1/supermercado/la-despensa/dulce-y-desayuno/cremas-de-cacao-avellana-y-cacahuete/cat20082/c?offset=0 (1/3)
2025-03-11 00:57:14,615 - ERROR - Error 403: Reintentando acceso a https://www.carrefour.es/cloud-api/plp-food-papi/v1/supermercado/la-despensa/dulce-y-desayuno/cremas-de-cacao-avellana-y-cacahuete/cat20082/c?offset=0 (2/3)
2025-03-11 00:57:22,743 - ERROR - Error 403: Reintentando acceso a https://www.carrefour.es/cloud-api/plp-food-papi/v1/supermercado/limpieza-y-hogar/menaje/vajillas-y-vasos/cat20291/c?offset=24 (1/3)
2025-03-11 00:57:29,559 - ERROR - Error 403: Reintentando acceso a https://www.carrefour.es/cloud-api/plp-food-papi/v1/supermercado/bebe/alimentacion-infantil/galletas-y-snacks/cat21295306/c?offset=0 (1/3)
2025-03-11 00:57:41,171 - ERROR - Error 403: Reintentando acceso a https://www.carrefour.es/cloud-api/plp-food-papi/v1/supermercado/bebe/panales-y-toallitas/panales-dodot/cat20347/c?offset=48 (1/3)
2025-03-11 00:58:07,833 - ERROR - Error al acceder a https://www.carrefour.es/cloud-api/plp-food-papi/v1/supermercado/la-despensa/helados/bombon/cat460003/c?offset=0: 500
2025-03-11 00:58:26,296 - ERROR - Error 403: Reintentando acceso a https://www.carrefour.es/cloud-api/plp-food-papi/v1/supermercado/parafarmacia/higiene-bucal/colutorio/cat20419/c?offset=48 (1/3)
2025-03-11 00:58:30,511 - ERROR - Error 403: Reintentando acceso a https://www.carrefour.es/cloud-api/plp-food-papi/v1/supermercado/productos-frescos/charcuteria/fiambre-de-pavo-y-pollo/cat370001/c?offset=0 (1/3)
2025-03-11 00:59:23,337 - ERROR - Error al acceder a https://www.carrefour.es/cloud-api/plp-food-papi/v1/supermercado/la-despensa/helados/tarrinas/cat460007/c?offset=0: 500
2025-03-11 00:59:34,822 - ERROR - Error 403: Reintentando acceso a https://www.carrefour.es/cloud-api/plp-food-papi/v1/supermercado/parafarmacia/cuidado-corporal/cuidado-intimo/cat20401/c?offset=0 (1/3)
2025-03-11 01:00:14,758 - ERROR - Error 403: Reintentando acceso a https://www.carrefour.es/cloud-api/plp-food-papi/v1/supermercado/la-despensa/panaderia-bolleria-y-pasteleria/colines-picos-y-crakers/cat21623838/c?offset=96 (1/3)
2025-03-11 01:00:27,559 - ERROR - Error 403: Reintentando acceso a https://www.carrefour.es/cloud-api/plp-food-papi/v1/supermercado/productos-frescos/charcuteria/jamon-serrano-e-iberico-pieza/cat380001/c?offset=0 (1/3)
2025-03-11 01:01:14,309 - ERROR - Error 403: Reintentando acceso a https://www.carrefour.es/cloud-api/plp-food-papi/v1/supermercado/la-despensa/dulce-y-desayuno/cafes/cat20100/c?offset=0 (1/3)
2025-03-11 01:01:35,251 - ERROR - Error 403: Reintentando acceso a https://www.carrefour.es/cloud-api/plp-food-papi/v1/supermercado/la-despensa/dulce-y-desayuno/cacaos-y-cereales-solubles/cat20079/c?offset=0 (1/3)
2025-03-11 01:01:59,884 - ERROR - Error 403: Reintentando acceso a https://www.carrefour.es/cloud-api/plp-food-papi/v1/supermercado/productos-frescos/quesos/curado/cat20168/c?offset=48 (1/3)
2025-03-11 01:02:21,948 - ERROR - Error 403: Reintentando acceso a https://www.carrefour.es/cloud-api/plp-food-papi/v1/supermercado/limpieza-y-hogar/papeleria/boligrafos-y-correctores/cat260005/c?offset=24 (1/3)
2025-03-11 01:02:29,150 - ERROR - Error 403: Reintentando acceso a https://www.carrefour.es/cloud-api/plp-food-papi/v1/supermercado/bebe/panales-y-toallitas/banadores/cat210003/c?offset=0 (1/3)
2025-03-11 01:02:34,119 - ERROR - Error 403: Reintentando acceso a https://www.carrefour.es/cloud-api/plp-food-papi/v1/supermercado/bebe/panales-y-toallitas/banadores/cat210003/c?offset=24 (1/3)
2025-03-11 01:02:41,582 - ERROR - Error 403: Reintentando acceso a https://www.carrefour.es/cloud-api/plp-food-papi/v1/supermercado/limpieza-y-hogar/ambientadores/automaticos/cat20249/c?offset=24 (1/3)
2025-03-11 01:03:51,093 - ERROR - Error 403: Reintentando acceso a https://www.carrefour.es/cloud-api/plp-food-papi/v1/supermercado/la-despensa/conservas-sopas-y-precocinados/conservas-de-pescado-y-marisco/cat20111/c?offset=24 (1/3)
2025-03-11 01:04:01,578 - ERROR - Error 403: Reintentando acceso a https://www.carrefour.es/cloud-api/plp-food-papi/v1/supermercado/la-despensa/conservas-sopas-y-precocinados/conservas-de-pescado-y-marisco/cat20111/c?offset=96 (1/3)
2025-03-11 01:04:24,312 - ERROR - Error 403: Reintentando acceso a https://www.carrefour.es/cloud-api/plp-food-papi/v1/supermercado/limpieza-y-hogar/conservacion-de-alimentos/bolsas/cat20274/c?offset=0 (1/3)
2025-03-11 01:04:27,801 - ERROR - Error 403: Reintentando acceso a https://www.carrefour.es/cloud-api/plp-food-papi/v1/supermercado/limpieza-y-hogar/conservacion-de-alimentos/bolsas/cat20274/c?offset=0 (2/3)
2025-03-11 01:04:56,769 - ERROR - Error 403: Reintentando acceso a https://www.carrefour.es/cloud-api/plp-food-papi/v1/supermercado/limpieza-y-hogar/papel-y-celulosa/servilletas/cat20321/c?offset=0 (1/3)
2025-03-11 01:05:05,443 - ERROR - Error 403: Reintentando acceso a https://www.carrefour.es/cloud-api/plp-food-papi/v1/supermercado/productos-frescos/platos-preparados-cocinados/pastas-y-pizzas/cat180024/c?offset=24 (1/3)
2025-03-11 01:05:11,120 - ERROR - Error 403: Reintentando acceso a https://www.carrefour.es/cloud-api/plp-food-papi/v1/supermercado/congelados/helados/conos/cat21449302/c?offset=0 (1/3)
2025-03-11 01:05:19,091 - ERROR - Error 403: Reintentando acceso a https://www.carrefour.es/cloud-api/plp-food-papi/v1/supermercado/bebe/perfumeria-e-higiene/crema-corporal-talcos-y-anti-irritacion/cat20342/c?offset=24 (1/3)
2025-03-11 01:05:24,438 - ERROR - Error 403: Reintentando acceso a https://www.carrefour.es/cloud-api/plp-food-papi/v1/supermercado/limpieza-y-hogar/cuidado-de-la-ropa/toallitas-atrapacolores/cat20309/c?offset=24 (1/3)
2025-03-11 01:05:28,406 - ERROR - Error 403: Reintentando acceso a https://www.carrefour.es/cloud-api/plp-food-papi/v1/supermercado/limpieza-y-hogar/cuidado-de-la-ropa/toallitas-atrapacolores/cat20309/c?offset=24 (2/3)
2025-03-11 01:05:34,750 - ERROR - Error 403: Reintentando acceso a https://www.carrefour.es/cloud-api/plp-food-papi/v1/supermercado/parafarmacia/cuidado-de-manos-y-pies/soluciones-durezas/cat20417/c?offset=24 (1/3)
2025-03-11 01:05:39,569 - ERROR - Error 403: Reintentando acceso a https://www.carrefour.es/cloud-api/plp-food-papi/v1/supermercado/parafarmacia/cuidado-de-manos-y-pies/soluciones-durezas/cat20417/c?offset=24 (2/3)
2025-03-11 01:06:23,552 - ERROR - Error 403: Reintentando acceso a https://www.carrefour.es/cloud-api/plp-food-papi/v1/supermercado/bebidas/aguas-y-zumos/zumos-no-refrigerados/cat650009/c?offset=0 (1/3)
2025-03-11 01:06:39,904 - ERROR - Error 403: Reintentando acceso a https://www.carrefour.es/cloud-api/plp-food-papi/v1/supermercado/la-despensa/helados/hielo/cat460011/c?offset=0 (1/3)
2025-03-11 01:06:43,777 - ERROR - Error al acceder a https://www.carrefour.es/cloud-api/plp-food-papi/v1/supermercado/la-despensa/helados/hielo/cat460011/c?offset=0: 500
2025-03-11 01:07:05,330 - ERROR - Error 403: Reintentando acceso a https://www.carrefour.es/cloud-api/plp-food-papi/v1/supermercado/bebidas/licores-y-cremas/licores-y-orujo/cat20195/c?offset=48 (1/3)
2025-03-11 01:08:20,553 - ERROR - Error 403: Reintentando acceso a https://www.carrefour.es/cloud-api/plp-food-papi/v1/supermercado/productos-frescos/carniceria/cordero/cat440002/c?offset=0 (1/3)
2025-03-11 01:08:26,081 - WARNING - Scrapeo terminado.
2025-03-11 01:08:26,227 - WARNING - Limpiando duplicados en output/productos_carrefour.csv, número de elementos duplicados: 15
2025-03-11 01:08:26,390 - WARNING - Limpiando duplicados en output/productos_carrefour.csv, número de elementos duplicados: 0
