2025-04-13 00:19:06,944 - WARNING - Scrapeo iniciado.
2025-04-13 00:22:48,495 - ERROR - Error 403: Reintentando acceso a https://www.carrefour.es/cloud-api/plp-food-papi/v1/supermercado/limpieza-y-hogar/calzado/desodorantes-para-calzado/cat20269/c?offset=24 (1/3)
2025-04-13 00:24:43,734 - ERROR - Error 403: Reintentando acceso a https://www.carrefour.es/cloud-api/plp-food-papi/v1/supermercado/perfumeria-e-higiene/boca-y-sonrisa/protector-labial/cat20218/c?offset=24 (1/3)
2025-04-13 00:26:11,310 - ERROR - Error 403: Reintentando acceso a https://www.carrefour.es/cloud-api/plp-food-papi/v1/supermercado/parafarmacia/bebe/embarazo-y-lactancia/cat20355/c?offset=24 (1/3)
2025-04-13 00:27:24,464 - ERROR - Error al acceder a https://www.carrefour.es/cloud-api/plp-food-papi/v1/supermercado/la-despensa/helados/frutas-heladas/cat460009/c?offset=0: 500
2025-04-13 00:27:35,633 - ERROR - Error 403: Reintentando acceso a https://www.carrefour.es/cloud-api/plp-food-papi/v1/supermercado/productos-frescos/charcuteria/jamon-cocido-y-lacon/cat20140/c?offset=72 (1/3)
2025-04-13 00:27:59,321 - ERROR - Error al acceder a https://www.carrefour.es/cloud-api/plp-food-papi/v1/supermercado/la-despensa/helados/conos/cat460004/c?offset=0: 500
2025-04-13 00:29:21,301 - ERROR - Error 403: Reintentando acceso a https://www.carrefour.es/cloud-api/plp-food-papi/v1/supermercado/la-despensa/alimentacion/pastas/cat20073/c?offset=24 (1/3)
2025-04-13 00:31:40,834 - ERROR - Error 403: Reintentando acceso a https://www.carrefour.es/cloud-api/plp-food-papi/v1/supermercado/productos-frescos/quesos/todos-los-quesos/cat30004/c?offset=264 (1/3)
2025-04-13 00:34:37,377 - ERROR - Error 403: Reintentando acceso a https://www.carrefour.es/cloud-api/plp-food-papi/v1/supermercado/bebidas/cerveza/rubia/cat20189/c?offset=120 (1/3)
2025-04-13 00:35:51,374 - ERROR - Error 403: Reintentando acceso a https://www.carrefour.es/cloud-api/plp-food-papi/v1/supermercado/bebe/embarazo-y-lactancia/discos-pezoneras-y-sacaleches/cat400008/c?offset=0 (1/3)
2025-04-13 00:37:19,911 - ERROR - Error 403: Reintentando acceso a https://www.carrefour.es/cloud-api/plp-food-papi/v1/supermercado/productos-frescos/charcuteria/foie-pates-y-sobrasadas/cat20142/c?offset=24 (1/3)
2025-04-13 00:37:38,206 - ERROR - Error al decodificar JSON de la respuesta en https://www.carrefour.es/cloud-api/plp-food-papi/v1/supermercado/productos-frescos/panaderia-tradicional/pdteborrar-pdteborrar-pdteborrar-pan-de-molde-tostado-y-picos/cat20163/c?offset=0
2025-04-13 00:38:51,906 - ERROR - Error al acceder a https://www.carrefour.es/cloud-api/plp-food-papi/v1/supermercado/la-despensa/helados/bloques/cat460002/c?offset=0: 500
2025-04-13 00:39:02,133 - ERROR - Error 403: Reintentando acceso a https://www.carrefour.es/cloud-api/plp-food-papi/v1/supermercado/la-despensa/aperitivos/galletas-saladas/cat390002/c?offset=0 (1/3)
2025-04-13 00:39:47,044 - ERROR - Error 403: Reintentando acceso a https://www.carrefour.es/cloud-api/plp-food-papi/v1/supermercado/limpieza-y-hogar/utensilios-de-limpieza/palos-y-sujetapalos/cat20332/c?offset=24 (1/3)
2025-04-13 00:39:55,746 - ERROR - Error 403: Reintentando acceso a https://www.carrefour.es/cloud-api/plp-food-papi/v1/supermercado/la-despensa/huevos/claras-de-huevo/cat700001/c?offset=0 (1/3)
2025-04-13 00:40:03,718 - ERROR - Error al decodificar JSON de la respuesta en https://www.carrefour.es/cloud-api/plp-food-papi/v1/supermercado/productos-frescos/panaderia-tradicional/pdteborrar-pdteborrar-masa-fresca-y-bases/cat20162/c?offset=0
2025-04-13 00:42:03,082 - ERROR - Error al acceder a https://www.carrefour.es/cloud-api/plp-food-papi/v1/supermercado/la-despensa/helados/tartas-heladas/cat460010/c?offset=0: 500
2025-04-13 00:42:10,930 - ERROR - Error 403: Reintentando acceso a https://www.carrefour.es/cloud-api/plp-food-papi/v1/supermercado/la-despensa/lacteos/leche/cat20093/c?offset=48 (1/3)
2025-04-13 00:42:18,345 - ERROR - Error 403: Reintentando acceso a https://www.carrefour.es/cloud-api/plp-food-papi/v1/supermercado/la-despensa/lacteos/leche/cat20093/c?offset=96 (1/3)
2025-04-13 00:43:05,130 - ERROR - Error 403: Reintentando acceso a https://www.carrefour.es/cloud-api/plp-food-papi/v1/supermercado/bebidas/sidra/cider/cat370011/c?offset=0 (1/3)
2025-04-13 00:43:08,267 - ERROR - Error 403: Reintentando acceso a https://www.carrefour.es/cloud-api/plp-food-papi/v1/supermercado/bebidas/sidra/cider/cat370011/c?offset=0 (2/3)
2025-04-13 00:43:22,596 - ERROR - Error 403: Reintentando acceso a https://www.carrefour.es/cloud-api/plp-food-papi/v1/supermercado/la-despensa/aperitivos/patatas-fritas/cat20072/c?offset=0 (1/3)
2025-04-13 00:43:40,497 - ERROR - Error 403: Reintentando acceso a https://www.carrefour.es/cloud-api/plp-food-papi/v1/supermercado/productos-frescos/quesos/anejo/cat20167/c?offset=24 (1/3)
2025-04-13 00:44:04,482 - ERROR - Error 403: Reintentando acceso a https://www.carrefour.es/cloud-api/plp-food-papi/v1/supermercado/la-despensa/alimentacion/salsas-y-tomate-frito/cat20076/c?offset=168 (1/3)
2025-04-13 00:44:34,306 - ERROR - Error 403: Reintentando acceso a https://www.carrefour.es/cloud-api/plp-food-papi/v1/supermercado/productos-frescos/platos-preparados-cocinados/tortillas/cat610006/c?offset=0 (1/3)
2025-04-13 00:44:49,176 - ERROR - Error 403: Reintentando acceso a https://www.carrefour.es/cloud-api/plp-food-papi/v1/supermercado/bebidas/cava-y-champagne/cavas/cat370006/c?offset=72 (1/3)
2025-04-13 00:45:25,181 - ERROR - Error 403: Reintentando acceso a https://www.carrefour.es/cloud-api/plp-food-papi/v1/supermercado/productos-frescos/platos-preparados-cocinados/platos-de-carne-y-pescado/cat9434350/c?offset=24 (1/3)
2025-04-13 00:47:24,728 - ERROR - Error al acceder a https://www.carrefour.es/cloud-api/plp-food-papi/v1/supermercado/la-despensa/helados/polos/cat460006/c?offset=0: 500
2025-04-13 00:47:44,688 - ERROR - Error 403: Reintentando acceso a https://www.carrefour.es/cloud-api/plp-food-papi/v1/supermercado/perfumeria-e-higiene/cabello/champus/cat20222/c?offset=168 (1/3)
2025-04-13 00:49:21,483 - ERROR - Error al decodificar JSON de la respuesta en https://www.carrefour.es/cloud-api/plp-food-papi/v1/supermercado/productos-frescos/panaderia-tradicional/pdteborrar-pdteborrar-magdalenas-dulces-y-bollos/cat20161/c?offset=0
2025-04-13 00:49:22,081 - ERROR - Error al acceder a https://www.carrefour.es/cloud-api/plp-food-papi/v1/supermercado/la-despensa/helados/sandwiches/cat460005/c?offset=0: 500
2025-04-13 00:51:08,900 - ERROR - Error al acceder a https://www.carrefour.es/cloud-api/plp-food-papi/v1/supermercado/la-despensa/desayuno/galletas/cat26102047/c?offset=216: 500
2025-04-13 00:54:50,933 - ERROR - Error al acceder a https://www.carrefour.es/cloud-api/plp-food-papi/v1/supermercado/la-despensa/helados/bombon/cat460003/c?offset=0: 500
2025-04-13 00:56:03,594 - ERROR - Error al acceder a https://www.carrefour.es/cloud-api/plp-food-papi/v1/supermercado/la-despensa/helados/tarrinas/cat460007/c?offset=0: 500
2025-04-13 01:01:52,289 - ERROR - Error 403: Reintentando acceso a https://www.carrefour.es/cloud-api/plp-food-papi/v1/supermercado/bebidas/bodega/vinos-blancos/cat20199/c?offset=120 (1/3)
2025-04-13 01:02:20,625 - ERROR - Error al acceder a https://www.carrefour.es/cloud-api/plp-food-papi/v1/supermercado/la-despensa/helados/hielo/cat460011/c?offset=0: 500
2025-04-13 01:02:44,529 - ERROR - Error 403: Reintentando acceso a https://www.carrefour.es/cloud-api/plp-food-papi/v1/supermercado/limpieza-y-hogar/bazar/pilas/cat20262/c?offset=24 (1/3)
2025-04-13 01:03:02,975 - ERROR - Error 403: Reintentando acceso a https://www.carrefour.es/cloud-api/plp-food-papi/v1/supermercado/la-despensa/conservas-sopas-y-precocinados/conservas-de-vegetales/cat20113/c?offset=72 (1/3)
2025-04-13 01:03:12,469 - ERROR - Error 403: Reintentando acceso a https://www.carrefour.es/cloud-api/plp-food-papi/v1/supermercado/la-despensa/conservas-sopas-y-precocinados/conservas-de-vegetales/cat20113/c?offset=144 (1/3)
2025-04-13 01:04:05,493 - WARNING - Scrapeo terminado.
2025-04-13 01:04:05,644 - WARNING - Limpiando duplicados en output/productos_carrefour.csv, número de elementos duplicados: 14
2025-04-13 01:04:05,817 - WARNING - Limpiando duplicados en output/productos_carrefour.csv, número de elementos duplicados: 0
