2025-04-18 00:26:21,301 - WARNING - Scrapeo iniciado.
2025-04-18 00:34:27,963 - ERROR - Error al acceder a https://www.carrefour.es/cloud-api/plp-food-papi/v1/supermercado/la-despensa/helados/frutas-heladas/cat460009/c?offset=0: 500
2025-04-18 00:34:59,670 - ERROR - Error al acceder a https://www.carrefour.es/cloud-api/plp-food-papi/v1/supermercado/la-despensa/helados/conos/cat460004/c?offset=0: 500
2025-04-18 00:37:04,404 - ERROR - Error 403: Reintentando acceso a https://www.carrefour.es/cloud-api/plp-food-papi/v1/supermercado/limpieza-y-hogar/ambientadores/absorbeolores/cat20246/c?offset=0 (1/3)
2025-04-18 00:43:42,611 - ERROR - Error al decodificar JSON de la respuesta en https://www.carrefour.es/cloud-api/plp-food-papi/v1/supermercado/productos-frescos/panaderia-tradicional/pdteborrar-pdteborrar-pdteborrar-pan-de-molde-tostado-y-picos/cat20163/c?offset=0
2025-04-18 00:44:53,056 - ERROR - Error al acceder a https://www.carrefour.es/cloud-api/plp-food-papi/v1/supermercado/la-despensa/helados/bloques/cat460002/c?offset=0: 500
2025-04-18 00:44:59,905 - ERROR - Error 403: Reintentando acceso a https://www.carrefour.es/cloud-api/plp-food-papi/v1/supermercado/perfumeria-e-higiene/cosmetica/ojos/cat20228/c?offset=24 (1/3)
2025-04-18 00:45:49,253 - ERROR - Error al decodificar JSON de la respuesta en https://www.carrefour.es/cloud-api/plp-food-papi/v1/supermercado/productos-frescos/panaderia-tradicional/pdteborrar-pdteborrar-masa-fresca-y-bases/cat20162/c?offset=0
2025-04-18 00:45:49,365 - ERROR - Error 403: Reintentando acceso a https://www.carrefour.es/cloud-api/plp-food-papi/v1/supermercado/limpieza-y-hogar/productos-para-bano/wc/cat20294/c?offset=0 (1/3)
2025-04-18 00:46:02,680 - ERROR - Error 403: Reintentando acceso a https://www.carrefour.es/cloud-api/plp-food-papi/v1/supermercado/limpieza-y-hogar/calzado/plantillas-de-calzado/cat20273/c?offset=0 (1/3)
2025-04-18 00:47:23,069 - ERROR - Error 403: Reintentando acceso a https://www.carrefour.es/cloud-api/plp-food-papi/v1/supermercado/la-despensa/aperitivos/frutos-secos/cat390003/c?offset=96 (1/3)
2025-04-18 00:48:00,402 - ERROR - Error al acceder a https://www.carrefour.es/cloud-api/plp-food-papi/v1/supermercado/la-despensa/helados/tartas-heladas/cat460010/c?offset=0: 500
2025-04-18 00:48:31,983 - ERROR - Error 403: Reintentando acceso a https://www.carrefour.es/cloud-api/plp-food-papi/v1/supermercado/bebidas/aguas-y-zumos/agua-hasta-075-litros/cat650003/c?offset=24 (1/3)
2025-04-18 00:51:05,900 - ERROR - Error 403: Reintentando acceso a https://www.carrefour.es/cloud-api/plp-food-papi/v1/supermercado/limpieza-y-hogar/menaje/cafeteras-y-accesorios/cat20284/c?offset=0 (1/3)
2025-04-18 00:53:04,412 - ERROR - Error al acceder a https://www.carrefour.es/cloud-api/plp-food-papi/v1/supermercado/la-despensa/helados/polos/cat460006/c?offset=0: 500
2025-04-18 00:53:47,805 - ERROR - Error 403: Reintentando acceso a https://www.carrefour.es/cloud-api/plp-food-papi/v1/supermercado/productos-frescos/charcuteria-y-quesos-al-corte/jamones-y-paletas-curados/cat510006/c?offset=0 (1/3)
2025-04-18 00:55:11,450 - ERROR - Error al decodificar JSON de la respuesta en https://www.carrefour.es/cloud-api/plp-food-papi/v1/supermercado/productos-frescos/panaderia-tradicional/pdteborrar-pdteborrar-magdalenas-dulces-y-bollos/cat20161/c?offset=0
2025-04-18 00:55:11,850 - ERROR - Error al acceder a https://www.carrefour.es/cloud-api/plp-food-papi/v1/supermercado/la-despensa/helados/sandwiches/cat460005/c?offset=0: 500
2025-04-18 00:57:58,173 - ERROR - Error 403: Reintentando acceso a https://www.carrefour.es/cloud-api/plp-food-papi/v1/supermercado/congelados/helados/bombon-helado/cat21449294/c?offset=0 (1/3)
2025-04-18 00:58:35,952 - ERROR - Error 403: Reintentando acceso a https://www.carrefour.es/cloud-api/plp-food-papi/v1/supermercado/productos-frescos/frutas/platanos-y-bananas/cat220011/c?offset=24 (1/3)
2025-04-18 00:59:38,738 - ERROR - Error 403: Reintentando acceso a https://www.carrefour.es/cloud-api/plp-food-papi/v1/supermercado/bebidas/bodega/sangria-y-tinto-de-verano/cat20202/c?offset=0 (1/3)
2025-04-18 01:01:06,380 - ERROR - Error al acceder a https://www.carrefour.es/cloud-api/plp-food-papi/v1/supermercado/la-despensa/helados/bombon/cat460003/c?offset=0: 500
2025-04-18 01:01:11,002 - ERROR - Error 403: Reintentando acceso a https://www.carrefour.es/cloud-api/plp-food-papi/v1/supermercado/perfumeria-e-higiene/cosmetica/accesorios-de-maquillaje-y-manicura-y-pedicura/cat20226/c?offset=48 (1/3)
2025-04-18 01:01:28,410 - ERROR - Error 403: Reintentando acceso a https://www.carrefour.es/cloud-api/plp-food-papi/v1/supermercado/productos-frescos/charcuteria/fiambre-de-pavo-y-pollo/cat370001/c?offset=0 (1/3)
2025-04-18 01:01:41,624 - ERROR - Error 403: Reintentando acceso a https://www.carrefour.es/cloud-api/plp-food-papi/v1/supermercado/perfumeria-e-higiene/cabello/cuidado-y-tratamientos-del-cabello/cat20223/c?offset=0 (1/3)
2025-04-18 01:02:25,088 - ERROR - Error al acceder a https://www.carrefour.es/cloud-api/plp-food-papi/v1/supermercado/la-despensa/helados/tarrinas/cat460007/c?offset=0: 500
2025-04-18 01:03:32,217 - ERROR - Error 403: Reintentando acceso a https://www.carrefour.es/cloud-api/plp-food-papi/v1/supermercado/la-despensa/yogures-y-postres/proteina/cat360009/c?offset=24 (1/3)
2025-04-18 01:08:54,403 - ERROR - Error al acceder a https://www.carrefour.es/cloud-api/plp-food-papi/v1/supermercado/la-despensa/helados/hielo/cat460011/c?offset=0: 500
2025-04-18 01:09:11,072 - ERROR - Error 403: Reintentando acceso a https://www.carrefour.es/cloud-api/plp-food-papi/v1/supermercado/bebidas/licores-y-cremas/licores-y-orujo/cat20195/c?offset=0 (1/3)
2025-04-18 01:10:27,565 - WARNING - Scrapeo terminado.
2025-04-18 01:10:27,716 - WARNING - Limpiando duplicados en output/productos_carrefour.csv, número de elementos duplicados: 14
2025-04-18 01:10:27,911 - WARNING - Limpiando duplicados en output/productos_carrefour.csv, número de elementos duplicados: 0
