2025-01-27 00:33:31,771 - WARNING - Scrapeo iniciado.
2025-01-27 00:35:42,206 - ERROR - Error 403: Reintentando acceso a https://www.carrefour.es/cloud-api/plp-food-papi/v1/supermercado/bebidas/vinos/tinto/cat20203/c?offset=120 (1/3)
2025-01-27 00:36:39,441 - ERROR - Error al acceder a https://www.carrefour.es/cloud-api/plp-food-papi/v1/supermercado/la-despensa/helados/barquillos/cat460012/c?offset=0: 500
2025-01-27 00:41:02,894 - ERROR - Error al acceder a https://www.carrefour.es/cloud-api/plp-food-papi/v1/supermercado/la-despensa/helados/frutas-heladas/cat460009/c?offset=0: 500
2025-01-27 00:41:08,236 - ERROR - Error 403: Reintentando acceso a https://www.carrefour.es/cloud-api/plp-food-papi/v1/supermercado/productos-frescos/charcuteria/jamon-cocido-y-lacon/cat20140/c?offset=24 (1/3)
2025-01-27 00:41:38,645 - ERROR - Error al acceder a https://www.carrefour.es/cloud-api/plp-food-papi/v1/supermercado/la-despensa/helados/conos/cat460004/c?offset=0: 500
2025-01-27 00:43:15,285 - ERROR - Error 403: Reintentando acceso a https://www.carrefour.es/cloud-api/plp-food-papi/v1/supermercado/la-despensa/alimentacion/pastas/cat20073/c?offset=96 (1/3)
2025-01-27 00:43:40,483 - ERROR - Error 403: Reintentando acceso a https://www.carrefour.es/cloud-api/plp-food-papi/v1/supermercado/perfumeria-e-higiene/cabello/tinte/cat20225/c?offset=96 (1/3)
2025-01-27 00:48:02,708 - ERROR - Error 403: Reintentando acceso a https://www.carrefour.es/cloud-api/plp-food-papi/v1/supermercado/bebidas/cerveza/rubia/cat20189/c?offset=168 (1/3)
2025-01-27 00:50:13,293 - ERROR - Error al decodificar JSON de la respuesta en https://www.carrefour.es/cloud-api/plp-food-papi/v1/supermercado/productos-frescos/panaderia-tradicional/pdteborrar-pdteborrar-pdteborrar-pan-de-molde-tostado-y-picos/cat20163/c?offset=0
2025-01-27 00:51:26,471 - ERROR - Error al acceder a https://www.carrefour.es/cloud-api/plp-food-papi/v1/supermercado/la-despensa/helados/bloques/cat460002/c?offset=0: 500
2025-01-27 00:52:20,477 - ERROR - Error al decodificar JSON de la respuesta en https://www.carrefour.es/cloud-api/plp-food-papi/v1/supermercado/productos-frescos/panaderia-tradicional/pdteborrar-pdteborrar-masa-fresca-y-bases/cat20162/c?offset=0
2025-01-27 00:54:15,907 - ERROR - Error al acceder a https://www.carrefour.es/cloud-api/plp-food-papi/v1/supermercado/la-despensa/helados/tartas-heladas/cat460010/c?offset=0: 500
2025-01-27 00:57:16,730 - ERROR - Error 403: Reintentando acceso a https://www.carrefour.es/cloud-api/plp-food-papi/v1/supermercado/congelados/helados/bloques/cat21449327/c?offset=24 (1/3)
2025-01-27 00:58:39,235 - ERROR - Error al acceder a https://www.carrefour.es/cloud-api/plp-food-papi/v1/supermercado/la-despensa/helados/polos/cat460006/c?offset=0: 500
2025-01-27 01:00:36,471 - ERROR - Error 403: Reintentando acceso a https://www.carrefour.es/cloud-api/plp-food-papi/v1/supermercado/productos-frescos/quesos/azules-y-roquefort/cat20174/c?offset=0 (1/3)
2025-01-27 01:00:41,481 - ERROR - Error al decodificar JSON de la respuesta en https://www.carrefour.es/cloud-api/plp-food-papi/v1/supermercado/productos-frescos/panaderia-tradicional/pdteborrar-pdteborrar-magdalenas-dulces-y-bollos/cat20161/c?offset=0
2025-01-27 01:00:41,708 - ERROR - Error al acceder a https://www.carrefour.es/cloud-api/plp-food-papi/v1/supermercado/la-despensa/helados/sandwiches/cat460005/c?offset=0: 500
2025-01-27 01:06:22,083 - ERROR - Error al acceder a https://www.carrefour.es/cloud-api/plp-food-papi/v1/supermercado/la-despensa/helados/bombon/cat460003/c?offset=0: 500
2025-01-27 01:07:27,818 - ERROR - Error al acceder a https://www.carrefour.es/cloud-api/plp-food-papi/v1/supermercado/la-despensa/helados/tarrinas/cat460007/c?offset=0: 500
2025-01-27 01:13:14,297 - ERROR - Error 403: Reintentando acceso a https://www.carrefour.es/cloud-api/plp-food-papi/v1/supermercado/la-despensa/lacteos/nata/cat20096/c?offset=0 (1/3)
2025-01-27 01:13:38,102 - ERROR - Error al acceder a https://www.carrefour.es/cloud-api/plp-food-papi/v1/supermercado/la-despensa/helados/hielo/cat460011/c?offset=0: 500
2025-01-27 01:15:12,595 - WARNING - Scrapeo terminado.
2025-01-27 01:15:12,747 - WARNING - Limpiando duplicados en output/productos_carrefour.csv, número de elementos duplicados: 13
2025-01-27 01:15:12,931 - WARNING - Limpiando duplicados en output/productos_carrefour.csv, número de elementos duplicados: 0
