2025-03-28 00:24:15,499 - WARNING - Scrapeo iniciado.
2025-03-28 00:24:41,584 - ERROR - Error 403: Reintentando acceso a https://www.carrefour.es/cloud-api/plp-food-papi/v1/supermercado/la-despensa/yogures-y-postres/bifidus/cat360002/c?offset=0 (1/3)
2025-03-28 00:24:53,846 - ERROR - Error 403: Reintentando acceso a https://www.carrefour.es/cloud-api/plp-food-papi/v1/supermercado/la-despensa/yogures-y-postres/bifidus/cat360002/c?offset=72 (1/3)
2025-03-28 00:26:07,459 - ERROR - Error 403: Reintentando acceso a https://www.carrefour.es/cloud-api/plp-food-papi/v1/supermercado/la-despensa/yogures-y-postres/yogures-infantiles/cat360007/c?offset=24 (1/3)
2025-03-28 00:26:31,205 - ERROR - Error 403: Reintentando acceso a https://www.carrefour.es/cloud-api/plp-food-papi/v1/supermercado/bebidas/vinos/tinto/cat20203/c?offset=0 (1/3)
2025-03-28 00:26:46,507 - ERROR - Error 403: Reintentando acceso a https://www.carrefour.es/cloud-api/plp-food-papi/v1/supermercado/bebidas/vinos/tinto/cat20203/c?offset=120 (1/3)
2025-03-28 00:29:04,255 - ERROR - Error 403: Reintentando acceso a https://www.carrefour.es/cloud-api/plp-food-papi/v1/supermercado/limpieza-y-hogar/cuidado-de-la-ropa/aditivos-y-quitamanchas/cat20305/c?offset=0 (1/3)
2025-03-28 00:29:18,105 - ERROR - Error 403: Reintentando acceso a https://www.carrefour.es/cloud-api/plp-food-papi/v1/supermercado/parafarmacia/nutricion-y-dietetica/complementos-vitaminicos/cat20426/c?offset=24 (1/3)
2025-03-28 00:32:49,779 - ERROR - Error al acceder a https://www.carrefour.es/cloud-api/plp-food-papi/v1/supermercado/la-despensa/helados/frutas-heladas/cat460009/c?offset=0: 500
2025-03-28 00:33:17,322 - ERROR - Error al acceder a https://www.carrefour.es/cloud-api/plp-food-papi/v1/supermercado/la-despensa/helados/conos/cat460004/c?offset=0: 500
2025-03-28 00:33:36,478 - ERROR - Error 403: Reintentando acceso a https://www.carrefour.es/cloud-api/plp-food-papi/v1/supermercado/productos-frescos/quesos/queso-fresco/cat20169/c?offset=24 (1/3)
2025-03-28 00:33:56,540 - ERROR - Error 403: Reintentando acceso a https://www.carrefour.es/cloud-api/plp-food-papi/v1/supermercado/la-despensa/yogures-y-postres/yogures-desnatados/cat360006/c?offset=0 (1/3)
2025-03-28 00:34:14,982 - ERROR - Error 403: Reintentando acceso a https://www.carrefour.es/cloud-api/plp-food-papi/v1/supermercado/parafarmacia/cuidado-de-manos-y-pies/crema-de-manos/cat20414/c?offset=0 (1/3)
2025-03-28 00:34:44,507 - ERROR - Error 403: Reintentando acceso a https://www.carrefour.es/cloud-api/plp-food-papi/v1/supermercado/bebe/panales-y-toallitas/toallitas/cat20344/c?offset=48 (1/3)
2025-03-28 00:34:47,061 - ERROR - Error 403: Reintentando acceso a https://www.carrefour.es/cloud-api/plp-food-papi/v1/supermercado/la-despensa/desayuno/cacaos-y-cereales-solubles/cat26102050/c?offset=0 (1/3)
2025-03-28 00:35:25,938 - ERROR - Error 403: Reintentando acceso a https://www.carrefour.es/cloud-api/plp-food-papi/v1/supermercado/perfumeria-e-higiene/cabello/tinte/cat20225/c?offset=48 (1/3)
2025-03-28 00:36:17,178 - ERROR - Error 403: Reintentando acceso a https://www.carrefour.es/cloud-api/plp-food-papi/v1/supermercado/productos-frescos/quesos/rallados/cat690002/c?offset=0 (1/3)
2025-03-28 00:36:20,894 - ERROR - Error 403: Reintentando acceso a https://www.carrefour.es/cloud-api/plp-food-papi/v1/supermercado/productos-frescos/quesos/rallados/cat690002/c?offset=0 (2/3)
2025-03-28 00:36:26,028 - ERROR - Error 403: Reintentando acceso a https://www.carrefour.es/cloud-api/plp-food-papi/v1/supermercado/productos-frescos/quesos/rallados/cat690002/c?offset=24 (1/3)
2025-03-28 00:36:41,518 - ERROR - Error 403: Reintentando acceso a https://www.carrefour.es/cloud-api/plp-food-papi/v1/supermercado/parafarmacia/bebe/champu/cat20353/c?offset=0 (1/3)
2025-03-28 00:36:50,717 - ERROR - Error 403: Reintentando acceso a https://www.carrefour.es/cloud-api/plp-food-papi/v1/supermercado/parafarmacia/bebe/champu/cat20353/c?offset=24 (1/3)
2025-03-28 00:36:55,760 - ERROR - Error 403: Reintentando acceso a https://www.carrefour.es/cloud-api/plp-food-papi/v1/supermercado/parafarmacia/bebe/champu/cat20353/c?offset=24 (2/3)
2025-03-28 00:37:53,139 - ERROR - Error 403: Reintentando acceso a https://www.carrefour.es/cloud-api/plp-food-papi/v1/supermercado/productos-frescos/quesos/todos-los-quesos/cat30004/c?offset=360 (1/3)
2025-03-28 00:38:44,213 - ERROR - Error 403: Reintentando acceso a https://www.carrefour.es/cloud-api/plp-food-papi/v1/supermercado/bebe/perfumeria-e-higiene/lotes-multiproducto/cat400009/c?offset=24 (1/3)
2025-03-28 00:38:56,155 - ERROR - Error 403: Reintentando acceso a https://www.carrefour.es/cloud-api/plp-food-papi/v1/supermercado/bebe/alimentacion-infantil/leches-infantiles/cat20334/c?offset=24 (1/3)
2025-03-28 00:40:09,768 - ERROR - Error 403: Reintentando acceso a https://www.carrefour.es/cloud-api/plp-food-papi/v1/supermercado/la-despensa/huevos/huevos-frescos/cat20178/c?offset=0 (1/3)
2025-03-28 00:40:15,846 - ERROR - Error 403: Reintentando acceso a https://www.carrefour.es/cloud-api/plp-food-papi/v1/supermercado/bebidas/cerveza/rubia/cat20189/c?offset=0 (1/3)
2025-03-28 00:41:29,569 - ERROR - Error 403: Reintentando acceso a https://www.carrefour.es/cloud-api/plp-food-papi/v1/supermercado/bebidas/alcoholes/todos-los-alcoholes/cat30005/c?offset=0 (1/3)
2025-03-28 00:41:51,963 - ERROR - Error 403: Reintentando acceso a https://www.carrefour.es/cloud-api/plp-food-papi/v1/supermercado/bebidas/vinos/rosado/cat20201/c?offset=48 (1/3)
2025-03-28 00:42:49,063 - ERROR - Error 403: Reintentando acceso a https://www.carrefour.es/cloud-api/plp-food-papi/v1/supermercado/parafarmacia/bebe/puericultura/cat20361/c?offset=24 (1/3)
2025-03-28 00:43:00,597 - ERROR - Error 403: Reintentando acceso a https://www.carrefour.es/cloud-api/plp-food-papi/v1/supermercado/productos-frescos/charcuteria/foie-pates-y-sobrasadas/cat20142/c?offset=72 (1/3)
2025-03-28 00:43:12,332 - ERROR - Error al decodificar JSON de la respuesta en https://www.carrefour.es/cloud-api/plp-food-papi/v1/supermercado/productos-frescos/panaderia-tradicional/pdteborrar-pdteborrar-pdteborrar-pan-de-molde-tostado-y-picos/cat20163/c?offset=0
2025-03-28 00:44:04,590 - ERROR - Error 403: Reintentando acceso a https://www.carrefour.es/cloud-api/plp-food-papi/v1/supermercado/la-despensa/dulce-y-desayuno/infusiones-y-tes/cat20105/c?offset=0 (1/3)
2025-03-28 00:44:21,785 - ERROR - Error 403: Reintentando acceso a https://www.carrefour.es/cloud-api/plp-food-papi/v1/supermercado/perfumeria-e-higiene/cuidado-y-proteccion-corporal/piel/cat20233/c?offset=72 (1/3)
2025-03-28 00:44:34,231 - ERROR - Error 403: Reintentando acceso a https://www.carrefour.es/cloud-api/plp-food-papi/v1/supermercado/perfumeria-e-higiene/cuidado-y-proteccion-corporal/piel/cat20233/c?offset=144 (1/3)
2025-03-28 00:44:39,057 - ERROR - Error al acceder a https://www.carrefour.es/cloud-api/plp-food-papi/v1/supermercado/la-despensa/helados/bloques/cat460002/c?offset=0: 500
2025-03-28 00:45:04,024 - ERROR - Error 403: Reintentando acceso a https://www.carrefour.es/cloud-api/plp-food-papi/v1/supermercado/productos-frescos/quesos/fundidos/cat690001/c?offset=48 (1/3)
2025-03-28 00:45:29,294 - ERROR - Error al decodificar JSON de la respuesta en https://www.carrefour.es/cloud-api/plp-food-papi/v1/supermercado/productos-frescos/panaderia-tradicional/pdteborrar-pdteborrar-masa-fresca-y-bases/cat20162/c?offset=0
2025-03-28 00:45:42,456 - ERROR - Error 403: Reintentando acceso a https://www.carrefour.es/cloud-api/plp-food-papi/v1/supermercado/limpieza-y-hogar/calzado/limpiador-liquido/cat20272/c?offset=24 (1/3)
2025-03-28 00:46:03,802 - ERROR - Error 403: Reintentando acceso a https://www.carrefour.es/cloud-api/plp-food-papi/v1/supermercado/limpieza-y-hogar/cuidado-de-la-ropa/detergentes/cat20303/c?offset=0 (1/3)
2025-03-28 00:46:26,948 - ERROR - Error 403: Reintentando acceso a https://www.carrefour.es/cloud-api/plp-food-papi/v1/supermercado/parafarmacia/higiene-bucal/cuidado-y-fijacion-protesis-dentales/cat20420/c?offset=0 (1/3)
2025-03-28 00:47:37,782 - ERROR - Error 403: Reintentando acceso a https://www.carrefour.es/cloud-api/plp-food-papi/v1/supermercado/la-despensa/desayuno/azucar-y-edulcorantes/cat26102048/c?offset=48 (1/3)
2025-03-28 00:47:46,156 - ERROR - Error al acceder a https://www.carrefour.es/cloud-api/plp-food-papi/v1/supermercado/la-despensa/helados/tartas-heladas/cat460010/c?offset=0: 500
2025-03-28 00:52:22,664 - ERROR - Error 403: Reintentando acceso a https://www.carrefour.es/cloud-api/plp-food-papi/v1/supermercado/parafarmacia/botiquin/alivio-del-dolor/cat20387/c?offset=0 (1/3)
2025-03-28 00:52:37,396 - ERROR - Error al acceder a https://www.carrefour.es/cloud-api/plp-food-papi/v1/supermercado/la-despensa/helados/polos/cat460006/c?offset=0: 500
2025-03-28 00:53:03,514 - ERROR - Error 403: Reintentando acceso a https://www.carrefour.es/cloud-api/plp-food-papi/v1/supermercado/parafarmacia/higiene-bucal/pasta-de-dientes/cat20421/c?offset=0 (1/3)
2025-03-28 00:53:26,414 - ERROR - Error 403: Reintentando acceso a https://www.carrefour.es/cloud-api/plp-food-papi/v1/supermercado/productos-frescos/charcuteria-y-quesos-al-corte/jamones-y-paletas-curados/cat510006/c?offset=0 (1/3)
2025-03-28 00:53:34,999 - ERROR - Error 403: Reintentando acceso a https://www.carrefour.es/cloud-api/plp-food-papi/v1/supermercado/mascotas/perros/comederos/cat80004/c?offset=0 (1/3)
2025-03-28 00:54:23,074 - ERROR - Error 403: Reintentando acceso a https://www.carrefour.es/cloud-api/plp-food-papi/v1/supermercado/perfumeria-e-higiene/cosmetica/unas/cat20230/c?offset=0 (1/3)
2025-03-28 00:54:56,055 - ERROR - Error al decodificar JSON de la respuesta en https://www.carrefour.es/cloud-api/plp-food-papi/v1/supermercado/productos-frescos/panaderia-tradicional/pdteborrar-pdteborrar-magdalenas-dulces-y-bollos/cat20161/c?offset=0
2025-03-28 00:54:56,457 - ERROR - Error al acceder a https://www.carrefour.es/cloud-api/plp-food-papi/v1/supermercado/la-despensa/helados/sandwiches/cat460005/c?offset=0: 500
2025-03-28 00:55:16,105 - ERROR - Error 403: Reintentando acceso a https://www.carrefour.es/cloud-api/plp-food-papi/v1/supermercado/la-despensa/lacteos/listo-para-beber/cat410003/c?offset=48 (1/3)
2025-03-28 00:55:28,998 - ERROR - Error 403: Reintentando acceso a https://www.carrefour.es/cloud-api/plp-food-papi/v1/supermercado/la-despensa/desayuno/infusiones-y-tes/cat26102052/c?offset=0 (1/3)
2025-03-28 00:56:25,404 - ERROR - Error 403: Reintentando acceso a https://www.carrefour.es/cloud-api/plp-food-papi/v1/supermercado/productos-frescos/charcuteria/tablas-y-surtidos/cat20145/c?offset=24 (1/3)
2025-03-28 01:00:11,474 - ERROR - Error 403: Reintentando acceso a https://www.carrefour.es/cloud-api/plp-food-papi/v1/supermercado/la-despensa/alimentacion/aceites-y-vinagres/cat20066/c?offset=96 (1/3)
2025-03-28 01:01:09,557 - ERROR - Error al acceder a https://www.carrefour.es/cloud-api/plp-food-papi/v1/supermercado/la-despensa/helados/bombon/cat460003/c?offset=0: 500
2025-03-28 01:02:17,138 - ERROR - Error al acceder a https://www.carrefour.es/cloud-api/plp-food-papi/v1/supermercado/la-despensa/helados/tarrinas/cat460007/c?offset=0: 500
2025-03-28 01:08:27,851 - ERROR - Error al acceder a https://www.carrefour.es/cloud-api/plp-food-papi/v1/supermercado/la-despensa/helados/hielo/cat460011/c?offset=0: 500
2025-03-28 01:09:54,831 - WARNING - Scrapeo terminado.
2025-03-28 01:09:54,990 - WARNING - Limpiando duplicados en output/productos_carrefour.csv, número de elementos duplicados: 13
2025-03-28 01:09:55,190 - WARNING - Limpiando duplicados en output/productos_carrefour.csv, número de elementos duplicados: 0
