2025-04-01 00:18:36,687 - WARNING - Scrapeo iniciado.
2025-04-01 00:18:52,835 - ERROR - Error 403: Reintentando acceso a https://www.carrefour.es/cloud-api/plp-food-papi/v1/supermercado/productos-frescos/frutas/sandias-y-melones/cat370013/c?offset=0 (1/3)
2025-04-01 00:19:56,222 - ERROR - Error 403: Reintentando acceso a https://www.carrefour.es/cloud-api/plp-food-papi/v1/supermercado/la-despensa/panaderia-bolleria-y-pasteleria/bolleria/cat21319210/c?offset=192 (1/3)
2025-04-01 00:20:03,854 - ERROR - Error 403: Reintentando acceso a https://www.carrefour.es/cloud-api/plp-food-papi/v1/supermercado/perfumeria-e-higiene/bienestar-sexual/preservativos/cat20214/c?offset=24 (1/3)
2025-04-01 00:20:56,476 - ERROR - Error 403: Reintentando acceso a https://www.carrefour.es/cloud-api/plp-food-papi/v1/supermercado/bebidas/vinos/tinto/cat20203/c?offset=120 (1/3)
2025-04-01 00:20:59,616 - ERROR - Error 403: Reintentando acceso a https://www.carrefour.es/cloud-api/plp-food-papi/v1/supermercado/bebidas/vinos/tinto/cat20203/c?offset=120 (2/3)
2025-04-01 00:21:19,658 - ERROR - Error 403: Reintentando acceso a https://www.carrefour.es/cloud-api/plp-food-papi/v1/supermercado/bebidas/vinos/tinto/cat20203/c?offset=264 (1/3)
2025-04-01 00:21:39,978 - ERROR - Error 403: Reintentando acceso a https://www.carrefour.es/cloud-api/plp-food-papi/v1/supermercado/la-despensa/desayuno/cafes/cat26102046/c?offset=144 (1/3)
2025-04-01 00:21:58,899 - ERROR - Error 403: Reintentando acceso a https://www.carrefour.es/cloud-api/plp-food-papi/v1/supermercado/productos-frescos/charcuteria/salchichon-salami-y-fuet/cat20144/c?offset=24 (1/3)
2025-04-01 00:22:15,153 - ERROR - Error 403: Reintentando acceso a https://www.carrefour.es/cloud-api/plp-food-papi/v1/supermercado/perfumeria-e-higiene/higiene-intima/toallitas-y-geles-intimos/cat20244/c?offset=0 (1/3)
2025-04-01 00:22:20,937 - ERROR - Error 403: Reintentando acceso a https://www.carrefour.es/cloud-api/plp-food-papi/v1/supermercado/perfumeria-e-higiene/higiene-intima/toallitas-y-geles-intimos/cat20244/c?offset=24 (1/3)
2025-04-01 00:22:29,208 - ERROR - Error 403: Reintentando acceso a https://www.carrefour.es/cloud-api/plp-food-papi/v1/supermercado/la-despensa/yogures-y-postres/yogures-liquidos/cat360012/c?offset=24 (1/3)
2025-04-01 00:22:41,719 - ERROR - Error 403: Reintentando acceso a https://www.carrefour.es/cloud-api/plp-food-papi/v1/supermercado/la-despensa/yogures-y-postres/yogures-liquidos/cat360012/c?offset=96 (1/3)
2025-04-01 00:22:44,523 - ERROR - Error 403: Reintentando acceso a https://www.carrefour.es/cloud-api/plp-food-papi/v1/supermercado/la-despensa/yogures-y-postres/yogures-liquidos/cat360012/c?offset=96 (2/3)
2025-04-01 00:23:45,517 - ERROR - Error 403: Reintentando acceso a https://www.carrefour.es/cloud-api/plp-food-papi/v1/supermercado/bebidas/cerveza/sin-alcohol/cat610003/c?offset=24 (1/3)
2025-04-01 00:23:51,777 - ERROR - Error 403: Reintentando acceso a https://www.carrefour.es/cloud-api/plp-food-papi/v1/supermercado/limpieza-y-hogar/cuidado-de-la-ropa/aditivos-y-quitamanchas/cat20305/c?offset=0 (1/3)
2025-04-01 00:24:01,503 - ERROR - Error 403: Reintentando acceso a https://www.carrefour.es/cloud-api/plp-food-papi/v1/supermercado/parafarmacia/nutricion-y-dietetica/complementos-vitaminicos/cat20426/c?offset=0 (1/3)
2025-04-01 00:24:13,758 - ERROR - Error 403: Reintentando acceso a https://www.carrefour.es/cloud-api/plp-food-papi/v1/supermercado/la-despensa/conservas-sopas-y-precocinados/pizzas/cat20115/c?offset=0 (1/3)
2025-04-01 00:24:18,774 - ERROR - Error 403: Reintentando acceso a https://www.carrefour.es/cloud-api/plp-food-papi/v1/supermercado/la-despensa/conservas-sopas-y-precocinados/pizzas/cat20115/c?offset=0 (2/3)
2025-04-01 00:24:29,210 - ERROR - Error 403: Reintentando acceso a https://www.carrefour.es/cloud-api/plp-food-papi/v1/supermercado/la-despensa/conservas-sopas-y-precocinados/pizzas/cat20115/c?offset=72 (1/3)
2025-04-01 00:25:21,218 - ERROR - Error 403: Reintentando acceso a https://www.carrefour.es/cloud-api/plp-food-papi/v1/supermercado/bebe/embarazo-y-lactancia/cremas-y-aceites/cat400005/c?offset=24 (1/3)
2025-04-01 00:25:24,500 - ERROR - Error 403: Reintentando acceso a https://www.carrefour.es/cloud-api/plp-food-papi/v1/supermercado/bebe/alimentacion-infantil/tarritos-y-platos-preparados/cat20338/c?offset=0 (1/3)
2025-04-01 00:25:34,581 - ERROR - Error 403: Reintentando acceso a https://www.carrefour.es/cloud-api/plp-food-papi/v1/supermercado/bebe/alimentacion-infantil/tarritos-y-platos-preparados/cat20338/c?offset=48 (1/3)
2025-04-01 00:25:43,410 - ERROR - Error 403: Reintentando acceso a https://www.carrefour.es/cloud-api/plp-food-papi/v1/supermercado/bebe/alimentacion-infantil/tarritos-y-platos-preparados/cat20338/c?offset=96 (1/3)
2025-04-01 00:25:48,966 - ERROR - Error 403: Reintentando acceso a https://www.carrefour.es/cloud-api/plp-food-papi/v1/supermercado/limpieza-y-hogar/productos-para-toda-la-casa/limpia-muebles/cat20313/c?offset=0 (1/3)
2025-04-01 00:26:07,909 - ERROR - Error 403: Reintentando acceso a https://www.carrefour.es/cloud-api/plp-food-papi/v1/supermercado/bebidas/cerveza/todas-las-cervezas/cat140001/c?offset=120 (1/3)
2025-04-01 00:26:27,528 - ERROR - Error 403: Reintentando acceso a https://www.carrefour.es/cloud-api/plp-food-papi/v1/supermercado/parafarmacia/cabello/otros-champus-de-tratamiento/cat20398/c?offset=0 (1/3)
2025-04-01 00:26:56,894 - ERROR - Error 403: Reintentando acceso a https://www.carrefour.es/cloud-api/plp-food-papi/v1/supermercado/la-despensa/yogures-y-postres/yogur-natural-y-sabores/cat360008/c?offset=168 (1/3)
2025-04-01 00:27:26,266 - ERROR - Error 403: Reintentando acceso a https://www.carrefour.es/cloud-api/plp-food-papi/v1/supermercado/perfumeria-e-higiene/bano-e-higiene-corporal/colonias/cat20205/c?offset=120 (1/3)
2025-04-01 00:27:36,666 - ERROR - Error 403: Reintentando acceso a https://www.carrefour.es/cloud-api/plp-food-papi/v1/supermercado/parafarmacia/higiene-bucal/cepillos-y-seda/cat20418/c?offset=0 (1/3)
2025-04-01 00:28:03,049 - ERROR - Error 403: Reintentando acceso a https://www.carrefour.es/cloud-api/plp-food-papi/v1/supermercado/parafarmacia/botiquin/lentillas-y-sueros/cat20391/c?offset=0 (1/3)
2025-04-01 00:28:07,981 - ERROR - Error 403: Reintentando acceso a https://www.carrefour.es/cloud-api/plp-food-papi/v1/supermercado/parafarmacia/botiquin/lentillas-y-sueros/cat20391/c?offset=0 (2/3)
2025-04-01 00:28:14,109 - ERROR - Error 403: Reintentando acceso a https://www.carrefour.es/cloud-api/plp-food-papi/v1/supermercado/parafarmacia/botiquin/lentillas-y-sueros/cat20391/c?offset=24 (1/3)
2025-04-01 00:28:18,859 - ERROR - Error 403: Reintentando acceso a https://www.carrefour.es/cloud-api/plp-food-papi/v1/supermercado/la-despensa/panaderia-bolleria-y-pasteleria/pan-tostado-biscottes-y-barritas/cat21319205/c?offset=0 (1/3)
2025-04-01 00:28:43,769 - ERROR - Error al acceder a https://www.carrefour.es/cloud-api/plp-food-papi/v1/supermercado/la-despensa/helados/frutas-heladas/cat460009/c?offset=0: 500
2025-04-01 00:29:11,354 - ERROR - Error 403: Reintentando acceso a https://www.carrefour.es/cloud-api/plp-food-papi/v1/supermercado/parafarmacia/cabello/tintes/cat20399/c?offset=0 (1/3)
2025-04-01 00:29:17,469 - ERROR - Error al acceder a https://www.carrefour.es/cloud-api/plp-food-papi/v1/supermercado/la-despensa/helados/conos/cat460004/c?offset=0: 500
2025-04-01 00:29:40,100 - ERROR - Error 403: Reintentando acceso a https://www.carrefour.es/cloud-api/plp-food-papi/v1/supermercado/productos-frescos/quesos/queso-fresco/cat20169/c?offset=72 (1/3)
2025-04-01 00:30:00,180 - ERROR - Error 403: Reintentando acceso a https://www.carrefour.es/cloud-api/plp-food-papi/v1/supermercado/la-despensa/yogures-y-postres/yogures-desnatados/cat360006/c?offset=48 (1/3)
2025-04-01 00:30:28,790 - ERROR - Error 403: Reintentando acceso a https://www.carrefour.es/cloud-api/plp-food-papi/v1/supermercado/bebe/panales-y-toallitas/toallitas/cat20344/c?offset=0 (1/3)
2025-04-01 00:30:53,367 - ERROR - Error 403: Reintentando acceso a https://www.carrefour.es/cloud-api/plp-food-papi/v1/supermercado/la-despensa/alimentacion/pastas/cat20073/c?offset=72 (1/3)
2025-04-01 00:31:31,650 - ERROR - Error 403: Reintentando acceso a https://www.carrefour.es/cloud-api/plp-food-papi/v1/supermercado/perfumeria-e-higiene/cabello/tinte/cat20225/c?offset=120 (1/3)
2025-04-01 00:32:05,993 - ERROR - Error 403: Reintentando acceso a https://www.carrefour.es/cloud-api/plp-food-papi/v1/supermercado/la-despensa/yogures-y-postres/otros-postres/cat360016/c?offset=24 (1/3)
2025-04-01 00:32:40,392 - ERROR - Error 403: Reintentando acceso a https://www.carrefour.es/cloud-api/plp-food-papi/v1/supermercado/parafarmacia/bebe/champu/cat20353/c?offset=24 (1/3)
2025-04-01 00:33:12,544 - ERROR - Error 403: Reintentando acceso a https://www.carrefour.es/cloud-api/plp-food-papi/v1/supermercado/productos-frescos/quesos/todos-los-quesos/cat30004/c?offset=120 (1/3)
2025-04-01 00:33:43,413 - ERROR - Error 403: Reintentando acceso a https://www.carrefour.es/cloud-api/plp-food-papi/v1/supermercado/productos-frescos/quesos/todos-los-quesos/cat30004/c?offset=336 (1/3)
2025-04-01 00:34:21,292 - ERROR - Error 403: Reintentando acceso a https://www.carrefour.es/cloud-api/plp-food-papi/v1/supermercado/la-despensa/dulce/mermeladas-membrillos-y-compotas/cat26102558/c?offset=48 (1/3)
2025-04-01 00:34:23,401 - ERROR - Error 403: Reintentando acceso a https://www.carrefour.es/cloud-api/plp-food-papi/v1/supermercado/la-despensa/dulce/mermeladas-membrillos-y-compotas/cat26102558/c?offset=48 (2/3)
2025-04-01 00:34:32,791 - ERROR - Error 403: Reintentando acceso a https://www.carrefour.es/cloud-api/plp-food-papi/v1/supermercado/la-despensa/dulce/mermeladas-membrillos-y-compotas/cat26102558/c?offset=96 (1/3)
2025-04-01 00:34:37,491 - ERROR - Error 403: Reintentando acceso a https://www.carrefour.es/cloud-api/plp-food-papi/v1/supermercado/la-despensa/dulce/mermeladas-membrillos-y-compotas/cat26102558/c?offset=96 (2/3)
2025-04-01 00:34:43,498 - ERROR - Error 403: Reintentando acceso a https://www.carrefour.es/cloud-api/plp-food-papi/v1/supermercado/perfumeria-e-higiene/bano-e-higiene-corporal/esponjas-manoplas-y-cepillos-de-bano/cat20207/c?offset=24 (1/3)
2025-04-01 00:34:56,763 - ERROR - Error 403: Reintentando acceso a https://www.carrefour.es/cloud-api/plp-food-papi/v1/supermercado/limpieza-y-hogar/utensilios-de-limpieza/estropajos/cat20328/c?offset=24 (1/3)
2025-04-01 00:35:17,902 - ERROR - Error 403: Reintentando acceso a https://www.carrefour.es/cloud-api/plp-food-papi/v1/supermercado/limpieza-y-hogar/ambientadores/decorativos/cat20251/c?offset=48 (1/3)
2025-04-01 00:36:03,705 - ERROR - Error 403: Reintentando acceso a https://www.carrefour.es/cloud-api/plp-food-papi/v1/supermercado/productos-frescos/quesos/gouda-y-emmental/cat20175/c?offset=0 (1/3)
2025-04-01 00:36:09,302 - ERROR - Error 403: Reintentando acceso a https://www.carrefour.es/cloud-api/plp-food-papi/v1/supermercado/productos-frescos/quesos/gouda-y-emmental/cat20175/c?offset=24 (1/3)
2025-04-01 00:36:17,677 - ERROR - Error 403: Reintentando acceso a https://www.carrefour.es/cloud-api/plp-food-papi/v1/supermercado/bebidas/sidra/natural/cat370010/c?offset=0 (1/3)
2025-04-01 00:36:37,432 - ERROR - Error 403: Reintentando acceso a https://www.carrefour.es/cloud-api/plp-food-papi/v1/supermercado/la-despensa/huevos/huevos-frescos/cat20178/c?offset=24 (1/3)
2025-04-01 00:37:01,362 - ERROR - Error 403: Reintentando acceso a https://www.carrefour.es/cloud-api/plp-food-papi/v1/supermercado/bebidas/cerveza/rubia/cat20189/c?offset=168 (1/3)
2025-04-01 00:37:19,595 - ERROR - Error 403: Reintentando acceso a https://www.carrefour.es/cloud-api/plp-food-papi/v1/supermercado/la-despensa/conservas-sopas-y-precocinados/platos-preparados/cat20116/c?offset=48 (1/3)
2025-04-01 00:37:31,393 - ERROR - Error 403: Reintentando acceso a https://www.carrefour.es/cloud-api/plp-food-papi/v1/supermercado/la-despensa/conservas-sopas-y-precocinados/platos-preparados/cat20116/c?offset=120 (1/3)
2025-04-01 00:38:14,644 - ERROR - Error 403: Reintentando acceso a https://www.carrefour.es/cloud-api/plp-food-papi/v1/supermercado/bebe/embarazo-y-lactancia/discos-pezoneras-y-sacaleches/cat400008/c?offset=0 (1/3)
2025-04-01 00:38:35,925 - ERROR - Error 403: Reintentando acceso a https://www.carrefour.es/cloud-api/plp-food-papi/v1/supermercado/parafarmacia/nutricion-y-dietetica/batidos-e-infusiones/cat20425/c?offset=24 (1/3)
2025-04-01 00:38:52,103 - ERROR - Error 403: Reintentando acceso a https://www.carrefour.es/cloud-api/plp-food-papi/v1/supermercado/mascotas/perros/pienso-para-perros/cat20377/c?offset=24 (1/3)
2025-04-01 00:38:58,104 - ERROR - Error 403: Reintentando acceso a https://www.carrefour.es/cloud-api/plp-food-papi/v1/supermercado/mascotas/perros/pienso-para-perros/cat20377/c?offset=48 (1/3)
2025-04-01 00:39:48,157 - ERROR - Error 403: Reintentando acceso a https://www.carrefour.es/cloud-api/plp-food-papi/v1/supermercado/parafarmacia/bebe/puericultura/cat20361/c?offset=48 (1/3)
2025-04-01 00:40:04,927 - ERROR - Error 403: Reintentando acceso a https://www.carrefour.es/cloud-api/plp-food-papi/v1/supermercado/la-despensa/dulce-y-desayuno/dulces-y-golosinas/cat20083/c?offset=0 (1/3)
2025-04-01 00:40:11,281 - ERROR - Error 403: Reintentando acceso a https://www.carrefour.es/cloud-api/plp-food-papi/v1/supermercado/perfumeria-e-higiene/bano-e-higiene-corporal/jabon-de-manos/cat20209/c?offset=24 (1/3)
2025-04-01 00:40:19,227 - ERROR - Error al decodificar JSON de la respuesta en https://www.carrefour.es/cloud-api/plp-food-papi/v1/supermercado/productos-frescos/panaderia-tradicional/pdteborrar-pdteborrar-pdteborrar-pan-de-molde-tostado-y-picos/cat20163/c?offset=0
2025-04-01 00:40:21,766 - ERROR - Error 403: Reintentando acceso a https://www.carrefour.es/cloud-api/plp-food-papi/v1/supermercado/la-despensa/lacteos/bechamel/cat20091/c?offset=24 (1/3)
2025-04-01 00:40:41,215 - ERROR - Error 403: Reintentando acceso a https://www.carrefour.es/cloud-api/plp-food-papi/v1/supermercado/parafarmacia/cuidado-de-manos-y-pies/apositos-y-plantillas/cat20413/c?offset=24 (1/3)
2025-04-01 00:41:34,765 - ERROR - Error al acceder a https://www.carrefour.es/cloud-api/plp-food-papi/v1/supermercado/la-despensa/helados/bloques/cat460002/c?offset=0: 500
2025-04-01 00:41:37,802 - ERROR - Error 403: Reintentando acceso a https://www.carrefour.es/cloud-api/plp-food-papi/v1/supermercado/limpieza-y-hogar/productos-para-cocina/aditivos-y-limpiamaquinas/cat20300/c?offset=24 (1/3)
2025-04-01 00:41:42,493 - ERROR - Error 403: Reintentando acceso a https://www.carrefour.es/cloud-api/plp-food-papi/v1/supermercado/limpieza-y-hogar/productos-para-cocina/aditivos-y-limpiamaquinas/cat20300/c?offset=24 (2/3)
2025-04-01 00:41:51,641 - ERROR - Error 403: Reintentando acceso a https://www.carrefour.es/cloud-api/plp-food-papi/v1/supermercado/bebidas/sidra/sin-alcohol/cat370012/c?offset=24 (1/3)
2025-04-01 00:42:07,024 - ERROR - Error 403: Reintentando acceso a https://www.carrefour.es/cloud-api/plp-food-papi/v1/supermercado/limpieza-y-hogar/menaje/hermeticos/cat130003/c?offset=0 (1/3)
2025-04-01 00:42:13,279 - ERROR - Error 403: Reintentando acceso a https://www.carrefour.es/cloud-api/plp-food-papi/v1/supermercado/limpieza-y-hogar/menaje/hermeticos/cat130003/c?offset=24 (1/3)
2025-04-01 00:42:41,981 - ERROR - Error 403: Reintentando acceso a https://www.carrefour.es/cloud-api/plp-food-papi/v1/supermercado/la-despensa/dulce/siropes-aromas-y-decoracion/cat26102820/c?offset=48 (1/3)
2025-04-01 00:42:46,006 - ERROR - Error 403: Reintentando acceso a https://www.carrefour.es/cloud-api/plp-food-papi/v1/supermercado/la-despensa/huevos/claras-de-huevo/cat700001/c?offset=0 (1/3)
2025-04-01 00:42:51,636 - ERROR - Error al decodificar JSON de la respuesta en https://www.carrefour.es/cloud-api/plp-food-papi/v1/supermercado/productos-frescos/panaderia-tradicional/pdteborrar-pdteborrar-masa-fresca-y-bases/cat20162/c?offset=0
2025-04-01 00:43:05,634 - ERROR - Error 403: Reintentando acceso a https://www.carrefour.es/cloud-api/plp-food-papi/v1/supermercado/limpieza-y-hogar/calzado/limpiador-liquido/cat20272/c?offset=24 (1/3)
2025-04-01 00:43:27,568 - ERROR - Error 403: Reintentando acceso a https://www.carrefour.es/cloud-api/plp-food-papi/v1/supermercado/parafarmacia/cuidado-e-higiene-facial/desmaquillantes/cat20409/c?offset=24 (1/3)
2025-04-01 00:43:51,985 - ERROR - Error 403: Reintentando acceso a https://www.carrefour.es/cloud-api/plp-food-papi/v1/supermercado/bebe/perfumeria-e-higiene/champu/cat20341/c?offset=24 (1/3)
2025-04-01 00:43:54,596 - ERROR - Error 403: Reintentando acceso a https://www.carrefour.es/cloud-api/plp-food-papi/v1/supermercado/bebe/perfumeria-e-higiene/champu/cat20341/c?offset=24 (2/3)
2025-04-01 00:44:19,177 - ERROR - Error 403: Reintentando acceso a https://www.carrefour.es/cloud-api/plp-food-papi/v1/supermercado/productos-frescos/charcuteria/bacon-y-panceta/cat20137/c?offset=0 (1/3)
2025-04-01 00:45:01,925 - ERROR - Error 403: Reintentando acceso a https://www.carrefour.es/cloud-api/plp-food-papi/v1/supermercado/la-despensa/desayuno/azucar-y-edulcorantes/cat26102048/c?offset=0 (1/3)
2025-04-01 00:45:12,546 - ERROR - Error al acceder a https://www.carrefour.es/cloud-api/plp-food-papi/v1/supermercado/la-despensa/helados/tartas-heladas/cat460010/c?offset=0: 500
2025-04-01 00:45:14,765 - ERROR - Error 403: Reintentando acceso a https://www.carrefour.es/cloud-api/plp-food-papi/v1/supermercado/la-despensa/lacteos/leche/cat20093/c?offset=24 (1/3)
2025-04-01 00:45:26,781 - ERROR - Error 403: Reintentando acceso a https://www.carrefour.es/cloud-api/plp-food-papi/v1/supermercado/mascotas/peces-y-tortugas/tortugas/cat80003/c?offset=24 (1/3)
2025-04-01 00:45:29,655 - ERROR - Error 403: Reintentando acceso a https://www.carrefour.es/cloud-api/plp-food-papi/v1/supermercado/la-despensa/alimentacion/sales-y-bicarbonatos/cat20075/c?offset=0 (1/3)
2025-04-01 00:45:59,446 - ERROR - Error 403: Reintentando acceso a https://www.carrefour.es/cloud-api/plp-food-papi/v1/supermercado/limpieza-y-hogar/utensilios-de-limpieza/bolsas-de-basura/cat20324/c?offset=24 (1/3)
2025-04-01 00:46:16,807 - ERROR - Error 403: Reintentando acceso a https://www.carrefour.es/cloud-api/plp-food-papi/v1/supermercado/productos-frescos/carniceria/hamburguesas/cat20154/c?offset=48 (1/3)
2025-04-01 00:46:54,805 - ERROR - Error 403: Reintentando acceso a https://www.carrefour.es/cloud-api/plp-food-papi/v1/supermercado/la-despensa/alimentacion/salsas-y-tomate-frito/cat20076/c?offset=0 (1/3)
2025-04-01 00:47:48,309 - ERROR - Error 403: Reintentando acceso a https://www.carrefour.es/cloud-api/plp-food-papi/v1/supermercado/parafarmacia/cabello/antiparasitarios/cat20396/c?offset=0 (1/3)
2025-04-01 00:48:14,696 - ERROR - Error 403: Reintentando acceso a https://www.carrefour.es/cloud-api/plp-food-papi/v1/supermercado/productos-frescos/carniceria/otras-carnes/cat190009/c?offset=48 (1/3)
2025-04-01 00:48:29,017 - ERROR - Error 403: Reintentando acceso a https://www.carrefour.es/cloud-api/plp-food-papi/v1/supermercado/limpieza-y-hogar/cuidado-de-la-ropa/suavizantes/cat20307/c?offset=72 (1/3)
2025-04-01 00:48:42,817 - ERROR - Error 403: Reintentando acceso a https://www.carrefour.es/cloud-api/plp-food-papi/v1/supermercado/limpieza-y-hogar/menaje/cafeteras-y-accesorios/cat20284/c?offset=24 (1/3)
2025-04-01 00:48:50,852 - ERROR - Error 403: Reintentando acceso a https://www.carrefour.es/cloud-api/plp-food-papi/v1/supermercado/bebe/embarazo-y-lactancia/compresas-y-protegeslips/cat400006/c?offset=24 (1/3)
2025-04-01 00:49:05,337 - ERROR - Error 403: Reintentando acceso a https://www.carrefour.es/cloud-api/plp-food-papi/v1/supermercado/la-despensa/conservas-sopas-y-precocinados/gazpacho-y-salmorejo/cat500001/c?offset=24 (1/3)
2025-04-01 00:49:38,279 - ERROR - Error 403: Reintentando acceso a https://www.carrefour.es/cloud-api/plp-food-papi/v1/supermercado/productos-frescos/frutas/naranjas-y-otros-citricos/cat220007/c?offset=24 (1/3)
2025-04-01 00:50:15,379 - ERROR - Error 403: Reintentando acceso a https://www.carrefour.es/cloud-api/plp-food-papi/v1/supermercado/limpieza-y-hogar/utensilios-de-limpieza/guantes/cat20330/c?offset=24 (1/3)
2025-04-01 00:50:26,019 - ERROR - Error 403: Reintentando acceso a https://www.carrefour.es/cloud-api/plp-food-papi/v1/supermercado/perfumeria-e-higiene/boca-y-sonrisa/dentifricos/cat20216/c?offset=48 (1/3)
2025-04-01 00:50:44,292 - ERROR - Error 403: Reintentando acceso a https://www.carrefour.es/cloud-api/plp-food-papi/v1/supermercado/bebidas/alcoholes/brandy-y-conac/cat20179/c?offset=0 (1/3)
2025-04-01 00:50:54,939 - ERROR - Error 403: Reintentando acceso a https://www.carrefour.es/cloud-api/plp-food-papi/v1/supermercado/parafarmacia/botiquin/alivio-del-dolor/cat20387/c?offset=24 (1/3)
2025-04-01 00:50:59,907 - ERROR - Error 403: Reintentando acceso a https://www.carrefour.es/cloud-api/plp-food-papi/v1/supermercado/limpieza-y-hogar/calzado/limpiador-de-piel-y-ante/cat20271/c?offset=0 (1/3)
2025-04-01 00:51:08,952 - ERROR - Error 403: Reintentando acceso a https://www.carrefour.es/cloud-api/plp-food-papi/v1/supermercado/la-despensa/helados/polos/cat460006/c?offset=0 (1/3)
2025-04-01 00:51:11,942 - ERROR - Error al acceder a https://www.carrefour.es/cloud-api/plp-food-papi/v1/supermercado/la-despensa/helados/polos/cat460006/c?offset=0: 500
2025-04-01 00:52:36,592 - ERROR - Error 403: Reintentando acceso a https://www.carrefour.es/cloud-api/plp-food-papi/v1/supermercado/bebidas/refrescos/gaseosa/cat650018/c?offset=0 (1/3)
2025-04-01 00:52:53,197 - ERROR - Error 403: Reintentando acceso a https://www.carrefour.es/cloud-api/plp-food-papi/v1/supermercado/perfumeria-e-higiene/cuidado-y-proteccion-corporal/productos-para-viaje/cat20245/c?offset=24 (1/3)
2025-04-01 00:53:18,421 - ERROR - Error 403: Reintentando acceso a https://www.carrefour.es/cloud-api/plp-food-papi/v1/supermercado/productos-frescos/quesos/azules-y-roquefort/cat20174/c?offset=0 (1/3)
2025-04-01 00:53:23,985 - ERROR - Error al decodificar JSON de la respuesta en https://www.carrefour.es/cloud-api/plp-food-papi/v1/supermercado/productos-frescos/panaderia-tradicional/pdteborrar-pdteborrar-magdalenas-dulces-y-bollos/cat20161/c?offset=0
2025-04-01 00:53:24,422 - ERROR - Error al acceder a https://www.carrefour.es/cloud-api/plp-food-papi/v1/supermercado/la-despensa/helados/sandwiches/cat460005/c?offset=0: 500
2025-04-01 00:53:37,759 - ERROR - Error 403: Reintentando acceso a https://www.carrefour.es/cloud-api/plp-food-papi/v1/supermercado/bebe/alimentacion-infantil/postres-zumos-petit-y-yogures-infantiles/cat20337/c?offset=96 (1/3)
2025-04-01 00:54:05,222 - ERROR - Error 403: Reintentando acceso a https://www.carrefour.es/cloud-api/plp-food-papi/v1/supermercado/la-despensa/desayuno/infusiones-y-tes/cat26102052/c?offset=72 (1/3)
2025-04-01 00:54:10,029 - ERROR - Error 403: Reintentando acceso a https://www.carrefour.es/cloud-api/plp-food-papi/v1/supermercado/la-despensa/desayuno/infusiones-y-tes/cat26102052/c?offset=72 (2/3)
2025-04-01 00:54:24,633 - ERROR - Error 403: Reintentando acceso a https://www.carrefour.es/cloud-api/plp-food-papi/v1/supermercado/congelados/helados/tarrinas/cat21449289/c?offset=24 (1/3)
2025-04-01 00:54:39,092 - ERROR - Error 403: Reintentando acceso a https://www.carrefour.es/cloud-api/plp-food-papi/v1/supermercado/parafarmacia/botiquin/apositos-y-gasas/cat20390/c?offset=48 (1/3)
2025-04-01 00:54:46,099 - ERROR - Error 403: Reintentando acceso a https://www.carrefour.es/cloud-api/plp-food-papi/v1/supermercado/perfumeria-e-higiene/cuidado-y-proteccion-corporal/limpieza-facial/cat20231/c?offset=24 (1/3)
2025-04-01 00:55:01,321 - ERROR - Error 403: Reintentando acceso a https://www.carrefour.es/cloud-api/plp-food-papi/v1/supermercado/bebidas/alcoholes/whisky-y-bourbon/cat20186/c?offset=48 (1/3)
2025-04-01 00:55:47,150 - ERROR - Error 403: Reintentando acceso a https://www.carrefour.es/cloud-api/plp-food-papi/v1/supermercado/la-despensa/desayuno/galletas/cat26102047/c?offset=288 (1/3)
2025-04-01 00:56:24,267 - ERROR - Error 403: Reintentando acceso a https://www.carrefour.es/cloud-api/plp-food-papi/v1/supermercado/perfumeria-e-higiene/depilacion-y-afeitado/depilacion/cat20238/c?offset=24 (1/3)
2025-04-01 00:56:46,913 - ERROR - Error 403: Reintentando acceso a https://www.carrefour.es/cloud-api/plp-food-papi/v1/supermercado/congelados/helados/bombon-helado/cat21449294/c?offset=24 (1/3)
2025-04-01 00:57:14,780 - ERROR - Error 403: Reintentando acceso a https://www.carrefour.es/cloud-api/plp-food-papi/v1/supermercado/productos-frescos/pescaderia/surimi-y-elaborados/cat20123/c?offset=24 (1/3)
2025-04-01 00:57:47,460 - ERROR - Error 403: Reintentando acceso a https://www.carrefour.es/cloud-api/plp-food-papi/v1/supermercado/la-despensa/dulce/bombones-y-chocolates/cat26102512/c?offset=72 (1/3)
2025-04-01 00:59:10,152 - ERROR - Error 403: Reintentando acceso a https://www.carrefour.es/cloud-api/plp-food-papi/v1/supermercado/la-despensa/alimentacion/aceites-y-vinagres/cat20066/c?offset=120 (1/3)
2025-04-01 00:59:26,161 - ERROR - Error 403: Reintentando acceso a https://www.carrefour.es/cloud-api/plp-food-papi/v1/supermercado/parafarmacia/cuidado-e-higiene-facial/exfoliantes-y-mascarillas/cat20410/c?offset=24 (1/3)
2025-04-01 00:59:28,369 - ERROR - Error 403: Reintentando acceso a https://www.carrefour.es/cloud-api/plp-food-papi/v1/supermercado/parafarmacia/cuidado-e-higiene-facial/exfoliantes-y-mascarillas/cat20410/c?offset=24 (2/3)
2025-04-01 00:59:37,105 - ERROR - Error 403: Reintentando acceso a https://www.carrefour.es/cloud-api/plp-food-papi/v1/supermercado/bebe/panales-y-toallitas/panales-dodot/cat20347/c?offset=24 (1/3)
2025-04-01 00:59:45,191 - ERROR - Error 403: Reintentando acceso a https://www.carrefour.es/cloud-api/plp-food-papi/v1/supermercado/limpieza-y-hogar/productos-para-cocina/quitagrasas/cat20299/c?offset=0 (1/3)
2025-04-01 00:59:57,130 - ERROR - Error 403: Reintentando acceso a https://www.carrefour.es/cloud-api/plp-food-papi/v1/supermercado/limpieza-y-hogar/productos-para-toda-la-casa/suelos/cat20310/c?offset=48 (1/3)
2025-04-01 01:00:13,093 - ERROR - Error 403: Reintentando acceso a https://www.carrefour.es/cloud-api/plp-food-papi/v1/supermercado/la-despensa/alimentacion/arroz-y-cous-cous/cat20068/c?offset=72 (1/3)
2025-04-01 01:00:22,346 - ERROR - Error al acceder a https://www.carrefour.es/cloud-api/plp-food-papi/v1/supermercado/la-despensa/helados/bombon/cat460003/c?offset=0: 500
2025-04-01 01:00:33,978 - ERROR - Error 403: Reintentando acceso a https://www.carrefour.es/cloud-api/plp-food-papi/v1/supermercado/limpieza-y-hogar/papel-y-celulosa/papel-cocina-y-multiusos/cat20319/c?offset=48 (1/3)
2025-04-01 01:00:41,240 - ERROR - Error 403: Reintentando acceso a https://www.carrefour.es/cloud-api/plp-food-papi/v1/supermercado/parafarmacia/higiene-bucal/colutorio/cat20419/c?offset=0 (1/3)
2025-04-01 01:01:27,957 - ERROR - Error 403: Reintentando acceso a https://www.carrefour.es/cloud-api/plp-food-papi/v1/supermercado/bebidas/cerveza/radler-clara/cat20188/c?offset=24 (1/3)
2025-04-01 01:01:48,698 - ERROR - Error al acceder a https://www.carrefour.es/cloud-api/plp-food-papi/v1/supermercado/la-despensa/helados/tarrinas/cat460007/c?offset=0: 500
2025-04-01 01:02:09,163 - ERROR - Error 403: Reintentando acceso a https://www.carrefour.es/cloud-api/plp-food-papi/v1/supermercado/la-despensa/dulce/cremas-de-cacao-avellana-y-cacahuete/cat26102632/c?offset=24 (1/3)
2025-04-01 01:02:52,143 - ERROR - Error 403: Reintentando acceso a https://www.carrefour.es/cloud-api/plp-food-papi/v1/supermercado/limpieza-y-hogar/productos-para-cocina/lavavajillas-a-maquina/cat20296/c?offset=48 (1/3)
2025-04-01 01:04:08,053 - ERROR - Error 403: Reintentando acceso a https://www.carrefour.es/cloud-api/plp-food-papi/v1/supermercado/la-despensa/dulce-y-desayuno/bombones-y-chocolate/cat20081/c?offset=0 (1/3)
2025-04-01 01:04:15,024 - ERROR - Error 403: Reintentando acceso a https://www.carrefour.es/cloud-api/plp-food-papi/v1/supermercado/limpieza-y-hogar/calzado/crema/cat20268/c?offset=24 (1/3)
2025-04-01 01:04:51,441 - ERROR - Error 403: Reintentando acceso a https://www.carrefour.es/cloud-api/plp-food-papi/v1/supermercado/parafarmacia/higiene-bucal/ortodoncia/cat20423/c?offset=24 (1/3)
2025-04-01 01:05:42,250 - ERROR - Error 403: Reintentando acceso a https://www.carrefour.es/cloud-api/plp-food-papi/v1/supermercado/congelados/helados/polos/cat21449296/c?offset=0 (1/3)
2025-04-01 01:05:58,659 - ERROR - Error 403: Reintentando acceso a https://www.carrefour.es/cloud-api/plp-food-papi/v1/supermercado/productos-frescos/verduras-y-hortalizas/ensaladas-y-verduras-preparadas/cat220020/c?offset=96 (1/3)
2025-04-01 01:07:28,568 - ERROR - Error 403: Reintentando acceso a https://www.carrefour.es/cloud-api/plp-food-papi/v1/supermercado/congelados/helados/conos/cat21449302/c?offset=0 (1/3)
2025-04-01 01:08:18,417 - ERROR - Error 403: Reintentando acceso a https://www.carrefour.es/cloud-api/plp-food-papi/v1/supermercado/bebidas/vinos/blanco/cat20199/c?offset=96 (1/3)
2025-04-01 01:08:47,165 - ERROR - Error al acceder a https://www.carrefour.es/cloud-api/plp-food-papi/v1/supermercado/la-despensa/helados/hielo/cat460011/c?offset=0: 500
2025-04-01 01:10:20,556 - WARNING - Scrapeo terminado.
2025-04-01 01:10:20,711 - WARNING - Limpiando duplicados en output/productos_carrefour.csv, número de elementos duplicados: 13
2025-04-01 01:10:20,889 - WARNING - Limpiando duplicados en output/productos_carrefour.csv, número de elementos duplicados: 0
