2025-03-04 00:16:53,400 - WARNING - Scrapeo iniciado.
2025-03-04 00:20:02,397 - ERROR - Error al acceder a https://www.carrefour.es/cloud-api/plp-food-papi/v1/supermercado/la-despensa/helados/barquillos/cat460012/c?offset=0: 500
2025-03-04 00:20:33,059 - ERROR - Error 403: Reintentando acceso a https://www.carrefour.es/cloud-api/plp-food-papi/v1/supermercado/limpieza-y-hogar/productos-para-cocina/lavavajillas-a-mano/cat20295/c?offset=24 (1/3)
2025-03-04 00:24:08,722 - ERROR - Error 403: Reintentando acceso a https://www.carrefour.es/cloud-api/plp-food-papi/v1/supermercado/la-despensa/alimentacion/vitaminas-y-complementos/cat70008/c?offset=0 (1/3)
2025-03-04 00:24:17,321 - ERROR - Error 403: Reintentando acceso a https://www.carrefour.es/cloud-api/plp-food-papi/v1/supermercado/la-despensa/alimentacion/vitaminas-y-complementos/cat70008/c?offset=48 (1/3)
2025-03-04 00:24:49,268 - ERROR - Error al acceder a https://www.carrefour.es/cloud-api/plp-food-papi/v1/supermercado/la-despensa/helados/frutas-heladas/cat460009/c?offset=0: 500
2025-03-04 00:25:25,405 - ERROR - Error al acceder a https://www.carrefour.es/cloud-api/plp-food-papi/v1/supermercado/la-despensa/helados/conos/cat460004/c?offset=0: 500
2025-03-04 00:26:24,728 - ERROR - Error 403: Reintentando acceso a https://www.carrefour.es/cloud-api/plp-food-papi/v1/supermercado/limpieza-y-hogar/conservacion-de-alimentos/papel-de-aluminio/cat20276/c?offset=0 (1/3)
2025-03-04 00:28:00,700 - ERROR - Error 403: Reintentando acceso a https://www.carrefour.es/cloud-api/plp-food-papi/v1/supermercado/la-despensa/yogures-y-postres/otros-postres/cat360016/c?offset=24 (1/3)
2025-03-04 00:30:08,570 - ERROR - Error 403: Reintentando acceso a https://www.carrefour.es/cloud-api/plp-food-papi/v1/supermercado/la-despensa/dulce/mermeladas-membrillos-y-compotas/cat26102558/c?offset=96 (1/3)
2025-03-04 00:31:15,438 - ERROR - Error 403: Reintentando acceso a https://www.carrefour.es/cloud-api/plp-food-papi/v1/supermercado/bebidas/refrescos/sabores-sin-gas/cat650012/c?offset=24 (1/3)
2025-03-04 00:31:51,061 - ERROR - Error 403: Reintentando acceso a https://www.carrefour.es/cloud-api/plp-food-papi/v1/supermercado/productos-frescos/verduras-y-hortalizas/setas-y-hongos/cat220021/c?offset=24 (1/3)
2025-03-04 00:31:54,971 - ERROR - Error 403: Reintentando acceso a https://www.carrefour.es/cloud-api/plp-food-papi/v1/supermercado/la-despensa/huevos/huevos-frescos/cat20178/c?offset=0 (1/3)
2025-03-04 00:33:53,958 - ERROR - Error 403: Reintentando acceso a https://www.carrefour.es/cloud-api/plp-food-papi/v1/supermercado/bebidas/vinos/vinos-internacionales/cat20204/c?offset=24 (1/3)
2025-03-04 00:34:51,605 - ERROR - Error al decodificar JSON de la respuesta en https://www.carrefour.es/cloud-api/plp-food-papi/v1/supermercado/productos-frescos/panaderia-tradicional/pdteborrar-pdteborrar-pdteborrar-pan-de-molde-tostado-y-picos/cat20163/c?offset=0
2025-03-04 00:35:13,425 - ERROR - Error 403: Reintentando acceso a https://www.carrefour.es/cloud-api/plp-food-papi/v1/supermercado/parafarmacia/cuidado-de-manos-y-pies/apositos-y-plantillas/cat20413/c?offset=24 (1/3)
2025-03-04 00:36:14,543 - ERROR - Error al acceder a https://www.carrefour.es/cloud-api/plp-food-papi/v1/supermercado/la-despensa/helados/bloques/cat460002/c?offset=0: 500
2025-03-04 00:37:04,416 - ERROR - Error al decodificar JSON de la respuesta en https://www.carrefour.es/cloud-api/plp-food-papi/v1/supermercado/productos-frescos/panaderia-tradicional/pdteborrar-pdteborrar-masa-fresca-y-bases/cat20162/c?offset=0
2025-03-04 00:37:44,979 - ERROR - Error 403: Reintentando acceso a https://www.carrefour.es/cloud-api/plp-food-papi/v1/supermercado/limpieza-y-hogar/cuidado-de-la-ropa/detergentes/cat20303/c?offset=48 (1/3)
2025-03-04 00:39:02,485 - ERROR - Error al acceder a https://www.carrefour.es/cloud-api/plp-food-papi/v1/supermercado/la-despensa/helados/tartas-heladas/cat460010/c?offset=0: 500
2025-03-04 00:39:23,702 - ERROR - Error 403: Reintentando acceso a https://www.carrefour.es/cloud-api/plp-food-papi/v1/supermercado/la-despensa/lacteos/mantequillas-y-margarinas/cat20095/c?offset=0 (1/3)
2025-03-04 00:41:43,888 - ERROR - Error 403: Reintentando acceso a https://www.carrefour.es/cloud-api/plp-food-papi/v1/supermercado/limpieza-y-hogar/menaje/cafeteras-y-accesorios/cat20284/c?offset=0 (1/3)
2025-03-04 00:41:57,312 - ERROR - Error 403: Reintentando acceso a https://www.carrefour.es/cloud-api/plp-food-papi/v1/supermercado/bebidas/refrescos/kombucha/cat23383768/c?offset=0 (1/3)
2025-03-04 00:42:12,869 - ERROR - Error 403: Reintentando acceso a https://www.carrefour.es/cloud-api/plp-food-papi/v1/supermercado/la-despensa/dulce/reposteria/cat26102772/c?offset=48 (1/3)
2025-03-04 00:42:38,376 - ERROR - Error 403: Reintentando acceso a https://www.carrefour.es/cloud-api/plp-food-papi/v1/supermercado/productos-frescos/frutas/naranjas-y-otros-citricos/cat220007/c?offset=0 (1/3)
2025-03-04 00:43:52,305 - ERROR - Error 403: Reintentando acceso a https://www.carrefour.es/cloud-api/plp-food-papi/v1/supermercado/bebidas/vinos/estuches-de-vino/cat570002/c?offset=0 (1/3)
2025-03-04 00:43:58,434 - ERROR - Error al acceder a https://www.carrefour.es/cloud-api/plp-food-papi/v1/supermercado/la-despensa/helados/polos/cat460006/c?offset=0: 500
2025-03-04 00:44:21,279 - ERROR - Error 403: Reintentando acceso a https://www.carrefour.es/cloud-api/plp-food-papi/v1/supermercado/parafarmacia/higiene-bucal/pasta-de-dientes/cat20421/c?offset=0 (1/3)
2025-03-04 00:44:35,215 - ERROR - Error 403: Reintentando acceso a https://www.carrefour.es/cloud-api/plp-food-papi/v1/supermercado/limpieza-y-hogar/menaje/jarras-y-filtros-de-agua/cat20285/c?offset=0 (1/3)
2025-03-04 00:45:09,723 - ERROR - Error 403: Reintentando acceso a https://www.carrefour.es/cloud-api/plp-food-papi/v1/supermercado/productos-frescos/pescaderia/pescado-fresco/cat20125/c?offset=0 (1/3)
2025-03-04 00:45:41,366 - ERROR - Error 403: Reintentando acceso a https://www.carrefour.es/cloud-api/plp-food-papi/v1/supermercado/parafarmacia/botiquin/tos-y-garganta/cat20395/c?offset=0 (1/3)
2025-03-04 00:45:44,846 - ERROR - Error 403: Reintentando acceso a https://www.carrefour.es/cloud-api/plp-food-papi/v1/supermercado/parafarmacia/botiquin/tos-y-garganta/cat20395/c?offset=0 (2/3)
2025-03-04 00:46:12,668 - ERROR - Error al decodificar JSON de la respuesta en https://www.carrefour.es/cloud-api/plp-food-papi/v1/supermercado/productos-frescos/panaderia-tradicional/pdteborrar-pdteborrar-magdalenas-dulces-y-bollos/cat20161/c?offset=0
2025-03-04 00:46:13,233 - ERROR - Error al acceder a https://www.carrefour.es/cloud-api/plp-food-papi/v1/supermercado/la-despensa/helados/sandwiches/cat460005/c?offset=0: 500
2025-03-04 00:46:35,028 - ERROR - Error 403: Reintentando acceso a https://www.carrefour.es/cloud-api/plp-food-papi/v1/supermercado/limpieza-y-hogar/calzado/esponjas-autobrillantes/cat20270/c?offset=24 (1/3)
2025-03-04 00:46:41,579 - ERROR - Error 403: Reintentando acceso a https://www.carrefour.es/cloud-api/plp-food-papi/v1/supermercado/limpieza-y-hogar/conservacion-de-alimentos/papel-y-moldes-para-horno/cat20277/c?offset=0 (1/3)
2025-03-04 00:46:49,671 - ERROR - Error 403: Reintentando acceso a https://www.carrefour.es/cloud-api/plp-food-papi/v1/supermercado/la-despensa/desayuno/infusiones-y-tes/cat26102052/c?offset=0 (1/3)
2025-03-04 00:46:56,119 - ERROR - Error 403: Reintentando acceso a https://www.carrefour.es/cloud-api/plp-food-papi/v1/supermercado/la-despensa/desayuno/infusiones-y-tes/cat26102052/c?offset=24 (1/3)
2025-03-04 00:47:38,191 - ERROR - Error 403: Reintentando acceso a https://www.carrefour.es/cloud-api/plp-food-papi/v1/supermercado/bebidas/alcoholes/whisky-y-bourbon/cat20186/c?offset=0 (1/3)
2025-03-04 00:47:47,319 - ERROR - Error 403: Reintentando acceso a https://www.carrefour.es/cloud-api/plp-food-papi/v1/supermercado/bebidas/alcoholes/whisky-y-bourbon/cat20186/c?offset=48 (1/3)
2025-03-04 00:48:57,569 - ERROR - Error 403: Reintentando acceso a https://www.carrefour.es/cloud-api/plp-food-papi/v1/supermercado/congelados/helados/frutas-heladas/cat21449310/c?offset=0 (1/3)
2025-03-04 00:49:18,873 - ERROR - Error 403: Reintentando acceso a https://www.carrefour.es/cloud-api/plp-food-papi/v1/supermercado/bebidas/cerveza/tostada-roja/cat20190/c?offset=48 (1/3)
2025-03-04 00:50:14,169 - ERROR - Error 403: Reintentando acceso a https://www.carrefour.es/cloud-api/plp-food-papi/v1/supermercado/la-despensa/yogures-y-postres/gelatina/cat650021/c?offset=0 (1/3)
2025-03-04 00:51:47,252 - ERROR - Error 403: Reintentando acceso a https://www.carrefour.es/cloud-api/plp-food-papi/v1/supermercado/la-despensa/alimentacion/aceites-y-vinagres/cat20066/c?offset=120 (1/3)
2025-03-04 00:52:05,378 - ERROR - Error 403: Reintentando acceso a https://www.carrefour.es/cloud-api/plp-food-papi/v1/supermercado/la-despensa/dulce-y-desayuno/cereales-y-barritas/cat20080/c?offset=0 (1/3)
2025-03-04 00:52:44,992 - ERROR - Error al acceder a https://www.carrefour.es/cloud-api/plp-food-papi/v1/supermercado/la-despensa/helados/bombon/cat460003/c?offset=0: 500
2025-03-04 00:52:54,927 - ERROR - Error 403: Reintentando acceso a https://www.carrefour.es/cloud-api/plp-food-papi/v1/supermercado/limpieza-y-hogar/papel-y-celulosa/papel-cocina-y-multiusos/cat20319/c?offset=48 (1/3)
2025-03-04 00:53:33,433 - ERROR - Error 403: Reintentando acceso a https://www.carrefour.es/cloud-api/plp-food-papi/v1/supermercado/la-despensa/lacteos/batidos-y-horchatas/cat20089/c?offset=0 (1/3)
2025-03-04 00:53:57,743 - ERROR - Error al acceder a https://www.carrefour.es/cloud-api/plp-food-papi/v1/supermercado/la-despensa/helados/tarrinas/cat460007/c?offset=0: 500
2025-03-04 00:55:39,795 - ERROR - Error 403: Reintentando acceso a https://www.carrefour.es/cloud-api/plp-food-papi/v1/supermercado/la-despensa/dulce-y-desayuno/cafes/cat20100/c?offset=0 (1/3)
2025-03-04 00:55:57,838 - ERROR - Error 403: Reintentando acceso a https://www.carrefour.es/cloud-api/plp-food-papi/v1/supermercado/parafarmacia/cuidado-corporal/protectores-solares/cat20404/c?offset=0 (1/3)
2025-03-04 00:56:47,292 - ERROR - Error 403: Reintentando acceso a https://www.carrefour.es/cloud-api/plp-food-papi/v1/supermercado/limpieza-y-hogar/papeleria/boligrafos-y-correctores/cat260005/c?offset=0 (1/3)
2025-03-04 00:57:25,084 - ERROR - Error 403: Reintentando acceso a https://www.carrefour.es/cloud-api/plp-food-papi/v1/supermercado/la-despensa/conservas-sopas-y-precocinados/caldos-sopas-y-pure/cat20108/c?offset=144 (1/3)
2025-03-04 00:59:18,545 - ERROR - Error 403: Reintentando acceso a https://www.carrefour.es/cloud-api/plp-food-papi/v1/supermercado/limpieza-y-hogar/ambientadores/antihumedad/cat20248/c?offset=0 (1/3)
2025-03-04 01:00:34,502 - ERROR - Error al acceder a https://www.carrefour.es/cloud-api/plp-food-papi/v1/supermercado/la-despensa/helados/hielo/cat460011/c?offset=0: 500
2025-03-04 01:00:58,182 - ERROR - Error 403: Reintentando acceso a https://www.carrefour.es/cloud-api/plp-food-papi/v1/supermercado/productos-frescos/frutas/uvas/cat220013/c?offset=0 (1/3)
2025-03-04 01:02:12,323 - WARNING - Scrapeo terminado.
2025-03-04 01:02:12,479 - WARNING - Limpiando duplicados en output/productos_carrefour.csv, número de elementos duplicados: 13
2025-03-04 01:02:12,664 - WARNING - Limpiando duplicados en output/productos_carrefour.csv, número de elementos duplicados: 0
