2024-12-06 00:27:40,211 - WARNING - Scrapeo iniciado.
2024-12-06 00:30:01,861 - ERROR - Error 403: Reintentando acceso a https://www.carrefour.es/cloud-api/plp-food-papi/v1/supermercado/bebidas/vinos/tinto/cat20203/c?offset=192 (1/3)
2024-12-06 00:31:04,869 - ERROR - Error al acceder a https://www.carrefour.es/cloud-api/plp-food-papi/v1/supermercado/la-despensa/helados/barquillos/cat460012/c?offset=0: 500
2024-12-06 00:32:44,879 - ERROR - Error 403: Reintentando acceso a https://www.carrefour.es/cloud-api/plp-food-papi/v1/supermercado/la-despensa/conservas-sopas-y-precocinados/pizzas/cat20115/c?offset=96 (1/3)
2024-12-06 00:35:34,847 - ERROR - Error al acceder a https://www.carrefour.es/cloud-api/plp-food-papi/v1/supermercado/la-despensa/helados/frutas-heladas/cat460009/c?offset=0: 500
2024-12-06 00:36:13,343 - ERROR - Error al acceder a https://www.carrefour.es/cloud-api/plp-food-papi/v1/supermercado/la-despensa/helados/conos/cat460004/c?offset=0: 500
2024-12-06 00:40:16,445 - ERROR - Error 403: Reintentando acceso a https://www.carrefour.es/cloud-api/plp-food-papi/v1/supermercado/perfumeria-e-higiene/cosmetica/labios/cat20227/c?offset=0 (1/3)
2024-12-06 00:45:02,182 - ERROR - Error al decodificar JSON de la respuesta en https://www.carrefour.es/cloud-api/plp-food-papi/v1/supermercado/productos-frescos/panaderia-tradicional/pdteborrar-pdteborrar-pdteborrar-pan-de-molde-tostado-y-picos/cat20163/c?offset=0
2024-12-06 00:46:04,499 - ERROR - Error 403: Reintentando acceso a https://www.carrefour.es/cloud-api/plp-food-papi/v1/supermercado/perfumeria-e-higiene/cuidado-y-proteccion-corporal/piel/cat20233/c?offset=48 (1/3)
2024-12-06 00:46:21,647 - ERROR - Error al acceder a https://www.carrefour.es/cloud-api/plp-food-papi/v1/supermercado/la-despensa/helados/bloques/cat460002/c?offset=0: 500
2024-12-06 00:47:25,428 - ERROR - Error al decodificar JSON de la respuesta en https://www.carrefour.es/cloud-api/plp-food-papi/v1/supermercado/productos-frescos/panaderia-tradicional/pdteborrar-pdteborrar-masa-fresca-y-bases/cat20162/c?offset=0
2024-12-06 00:48:06,153 - ERROR - Error 403: Reintentando acceso a https://www.carrefour.es/cloud-api/plp-food-papi/v1/supermercado/limpieza-y-hogar/cuidado-de-la-ropa/detergentes/cat20303/c?offset=24 (1/3)
2024-12-06 00:49:12,217 - ERROR - Error 403: Reintentando acceso a https://www.carrefour.es/cloud-api/plp-food-papi/v1/supermercado/bebidas/aguas-y-zumos/agua-de-mas-de-2-litros/cat650005/c?offset=24 (1/3)
2024-12-06 00:49:31,622 - ERROR - Error al acceder a https://www.carrefour.es/cloud-api/plp-food-papi/v1/supermercado/la-despensa/helados/tartas-heladas/cat460010/c?offset=0: 500
2024-12-06 00:50:10,794 - ERROR - Error 403: Reintentando acceso a https://www.carrefour.es/cloud-api/plp-food-papi/v1/supermercado/limpieza-y-hogar/utensilios-de-limpieza/bolsas-de-basura/cat20324/c?offset=48 (1/3)
2024-12-06 00:52:00,514 - ERROR - Error 403: Reintentando acceso a https://www.carrefour.es/cloud-api/plp-food-papi/v1/supermercado/productos-frescos/carniceria/otras-carnes/cat190009/c?offset=24 (1/3)
2024-12-06 00:52:16,660 - ERROR - Error 403: Reintentando acceso a https://www.carrefour.es/cloud-api/plp-food-papi/v1/supermercado/limpieza-y-hogar/cuidado-de-la-ropa/suavizantes/cat20307/c?offset=72 (1/3)
2024-12-06 00:54:23,218 - ERROR - Error 403: Reintentando acceso a https://www.carrefour.es/cloud-api/plp-food-papi/v1/supermercado/limpieza-y-hogar/calzado/limpiador-de-piel-y-ante/cat20271/c?offset=0 (1/3)
2024-12-06 00:54:28,835 - ERROR - Error 403: Reintentando acceso a https://www.carrefour.es/cloud-api/plp-food-papi/v1/supermercado/la-despensa/dulce-y-desayuno/turron-y-dulces-navidad/cat24503033/c?offset=0 (1/3)
2024-12-06 00:54:40,319 - ERROR - Error 403: Reintentando acceso a https://www.carrefour.es/cloud-api/plp-food-papi/v1/supermercado/bebidas/vinos/estuches-de-vino/cat570002/c?offset=48 (1/3)
2024-12-06 00:54:45,424 - ERROR - Error al acceder a https://www.carrefour.es/cloud-api/plp-food-papi/v1/supermercado/la-despensa/helados/polos/cat460006/c?offset=0: 500
2024-12-06 00:56:14,452 - ERROR - Error 403: Reintentando acceso a https://www.carrefour.es/cloud-api/plp-food-papi/v1/supermercado/bebe/panales-y-toallitas/panales-agatha-ruiz-de-la-prada/cat25343291/c?offset=24 (1/3)
2024-12-06 00:57:08,396 - ERROR - Error al decodificar JSON de la respuesta en https://www.carrefour.es/cloud-api/plp-food-papi/v1/supermercado/productos-frescos/panaderia-tradicional/pdteborrar-pdteborrar-magdalenas-dulces-y-bollos/cat20161/c?offset=0
2024-12-06 00:57:08,638 - ERROR - Error al acceder a https://www.carrefour.es/cloud-api/plp-food-papi/v1/supermercado/la-despensa/helados/sandwiches/cat460005/c?offset=0: 500
2024-12-06 00:57:51,609 - ERROR - Error 403: Reintentando acceso a https://www.carrefour.es/cloud-api/plp-food-papi/v1/supermercado/la-despensa/desayuno/infusiones-y-tes/cat26102052/c?offset=144 (1/3)
2024-12-06 01:02:57,906 - ERROR - Error al acceder a https://www.carrefour.es/cloud-api/plp-food-papi/v1/supermercado/la-despensa/helados/bombon/cat460003/c?offset=0: 500
2024-12-06 01:03:09,352 - ERROR - Error 403: Reintentando acceso a https://www.carrefour.es/cloud-api/plp-food-papi/v1/supermercado/parafarmacia/botiquin/antimosquitos/cat20388/c?offset=0 (1/3)
2024-12-06 01:03:59,734 - ERROR - Error 403: Reintentando acceso a https://www.carrefour.es/cloud-api/plp-food-papi/v1/supermercado/perfumeria-e-higiene/cosmetica/rostro/cat20229/c?offset=48 (1/3)
2024-12-06 01:04:03,649 - ERROR - Error 403: Reintentando acceso a https://www.carrefour.es/cloud-api/plp-food-papi/v1/supermercado/perfumeria-e-higiene/cosmetica/rostro/cat20229/c?offset=48 (2/3)
2024-12-06 01:04:11,644 - ERROR - Error al acceder a https://www.carrefour.es/cloud-api/plp-food-papi/v1/supermercado/la-despensa/helados/tarrinas/cat460007/c?offset=0: 500
2024-12-06 01:07:16,262 - ERROR - Error 403: Reintentando acceso a https://www.carrefour.es/cloud-api/plp-food-papi/v1/supermercado/productos-frescos/quesos/crema-de-queso/cat690003/c?offset=0 (1/3)
2024-12-06 01:07:29,574 - ERROR - Error 403: Reintentando acceso a https://www.carrefour.es/cloud-api/plp-food-papi/v1/supermercado/la-despensa/conservas-sopas-y-precocinados/caldos-sopas-y-pure/cat20108/c?offset=72 (1/3)
2024-12-06 01:09:34,507 - ERROR - Error 403: Reintentando acceso a https://www.carrefour.es/cloud-api/plp-food-papi/v1/supermercado/limpieza-y-hogar/papel-y-celulosa/servilletas/cat20321/c?offset=0 (1/3)
2024-12-06 01:10:56,479 - ERROR - Error al acceder a https://www.carrefour.es/cloud-api/plp-food-papi/v1/supermercado/la-despensa/helados/hielo/cat460011/c?offset=0: 500
2024-12-06 01:12:15,179 - ERROR - Error 403: Reintentando acceso a https://www.carrefour.es/cloud-api/plp-food-papi/v1/supermercado/perfumeria-e-higiene/boca-y-sonrisa/cepillos-recambios-y-accesorios/cat20215/c?offset=0 (1/3)
2024-12-06 01:12:31,515 - WARNING - Scrapeo terminado.
2024-12-06 01:12:31,670 - WARNING - Limpiando duplicados en output/productos_carrefour.csv, número de elementos duplicados: 34
2024-12-06 01:12:31,859 - WARNING - Limpiando duplicados en output/productos_carrefour.csv, número de elementos duplicados: 0
