2024-12-07 00:29:14,394 - WARNING - Scrapeo iniciado.
2024-12-07 00:29:29,545 - ERROR - Error 403: Reintentando acceso a https://www.carrefour.es/cloud-api/plp-food-papi/v1/supermercado/productos-frescos/frutas/sandias-y-melones/cat370013/c?offset=0 (1/3)
2024-12-07 00:31:16,871 - ERROR - Error 403: Reintentando acceso a https://www.carrefour.es/cloud-api/plp-food-papi/v1/supermercado/bebidas/vinos/tinto/cat20203/c?offset=24 (1/3)
2024-12-07 00:32:40,818 - ERROR - Error al acceder a https://www.carrefour.es/cloud-api/plp-food-papi/v1/supermercado/la-despensa/helados/barquillos/cat460012/c?offset=0: 500
2024-12-07 00:34:22,062 - ERROR - Error 403: Reintentando acceso a https://www.carrefour.es/cloud-api/plp-food-papi/v1/supermercado/la-despensa/conservas-sopas-y-precocinados/pizzas/cat20115/c?offset=144 (1/3)
2024-12-07 00:37:22,299 - ERROR - Error al acceder a https://www.carrefour.es/cloud-api/plp-food-papi/v1/supermercado/la-despensa/helados/frutas-heladas/cat460009/c?offset=0: 500
2024-12-07 00:37:48,719 - ERROR - Error 403: Reintentando acceso a https://www.carrefour.es/cloud-api/plp-food-papi/v1/supermercado/bebidas/refrescos/isotonicas/cat650013/c?offset=48 (1/3)
2024-12-07 00:38:04,183 - ERROR - Error al acceder a https://www.carrefour.es/cloud-api/plp-food-papi/v1/supermercado/la-despensa/helados/conos/cat460004/c?offset=0: 500
2024-12-07 00:46:29,729 - ERROR - Error al decodificar JSON de la respuesta en https://www.carrefour.es/cloud-api/plp-food-papi/v1/supermercado/productos-frescos/panaderia-tradicional/pdteborrar-pdteborrar-pdteborrar-pan-de-molde-tostado-y-picos/cat20163/c?offset=0
2024-12-07 00:47:40,880 - ERROR - Error al acceder a https://www.carrefour.es/cloud-api/plp-food-papi/v1/supermercado/la-despensa/helados/bloques/cat460002/c?offset=0: 500
2024-12-07 00:48:41,516 - ERROR - Error al decodificar JSON de la respuesta en https://www.carrefour.es/cloud-api/plp-food-papi/v1/supermercado/productos-frescos/panaderia-tradicional/pdteborrar-pdteborrar-masa-fresca-y-bases/cat20162/c?offset=0
2024-12-07 00:50:35,408 - ERROR - Error 403: Reintentando acceso a https://www.carrefour.es/cloud-api/plp-food-papi/v1/supermercado/la-despensa/desayuno/azucar-y-edulcorantes/cat26102048/c?offset=24 (1/3)
2024-12-07 00:50:45,061 - ERROR - Error al acceder a https://www.carrefour.es/cloud-api/plp-food-papi/v1/supermercado/la-despensa/helados/tartas-heladas/cat460010/c?offset=0: 500
2024-12-07 00:55:16,299 - ERROR - Error 403: Reintentando acceso a https://www.carrefour.es/cloud-api/plp-food-papi/v1/supermercado/bebidas/vinos/estuches-de-vino/cat570002/c?offset=0 (1/3)
2024-12-07 00:55:25,834 - ERROR - Error al acceder a https://www.carrefour.es/cloud-api/plp-food-papi/v1/supermercado/la-despensa/helados/polos/cat460006/c?offset=0: 500
2024-12-07 00:57:36,520 - ERROR - Error 403: Reintentando acceso a https://www.carrefour.es/cloud-api/plp-food-papi/v1/supermercado/limpieza-y-hogar/productos-para-bano/desatascadores-y-limpia-tuberias/cat310001/c?offset=24 (1/3)
2024-12-07 00:57:45,236 - ERROR - Error al decodificar JSON de la respuesta en https://www.carrefour.es/cloud-api/plp-food-papi/v1/supermercado/productos-frescos/panaderia-tradicional/pdteborrar-pdteborrar-magdalenas-dulces-y-bollos/cat20161/c?offset=0
2024-12-07 00:57:45,579 - ERROR - Error al acceder a https://www.carrefour.es/cloud-api/plp-food-papi/v1/supermercado/la-despensa/helados/sandwiches/cat460005/c?offset=0: 500
2024-12-07 00:59:54,337 - ERROR - Error 403: Reintentando acceso a https://www.carrefour.es/cloud-api/plp-food-papi/v1/supermercado/bebidas/licores-y-cremas/cremas/cat20193/c?offset=24 (1/3)
2024-12-07 01:00:01,752 - ERROR - Error 403: Reintentando acceso a https://www.carrefour.es/cloud-api/plp-food-papi/v1/supermercado/la-despensa/panaderia-bolleria-y-pasteleria/pan-rallado-y-rebozados/cat21623845/c?offset=24 (1/3)
2024-12-07 01:00:32,391 - ERROR - Error 403: Reintentando acceso a https://www.carrefour.es/cloud-api/plp-food-papi/v1/supermercado/productos-frescos/pescaderia/preparados-y-elaborados-de-pescado-y-marisco/cat20126/c?offset=0 (1/3)
2024-12-07 01:03:33,916 - ERROR - Error al acceder a https://www.carrefour.es/cloud-api/plp-food-papi/v1/supermercado/la-despensa/helados/bombon/cat460003/c?offset=0: 500
2024-12-07 01:04:29,898 - ERROR - Error al acceder a https://www.carrefour.es/cloud-api/plp-food-papi/v1/supermercado/la-despensa/helados/tarrinas/cat460007/c?offset=0: 500
2024-12-07 01:06:09,111 - ERROR - Error 403: Reintentando acceso a https://www.carrefour.es/cloud-api/plp-food-papi/v1/supermercado/la-despensa/dulce/turron-y-dulces-de-navidad/cat26102863/c?offset=0 (1/3)
2024-12-07 01:08:49,486 - ERROR - Error 403: Reintentando acceso a https://www.carrefour.es/cloud-api/plp-food-papi/v1/supermercado/limpieza-y-hogar/ambientadores/electricos/cat20252/c?offset=0 (1/3)
2024-12-07 01:10:48,373 - ERROR - Error 403: Reintentando acceso a https://www.carrefour.es/cloud-api/plp-food-papi/v1/supermercado/parafarmacia/cuidado-corporal/cremas-y-lociones/cat20400/c?offset=24 (1/3)
2024-12-07 01:11:34,644 - ERROR - Error al acceder a https://www.carrefour.es/cloud-api/plp-food-papi/v1/supermercado/la-despensa/helados/hielo/cat460011/c?offset=0: 500
2024-12-07 01:13:02,900 - WARNING - Scrapeo terminado.
2024-12-07 01:13:03,056 - WARNING - Limpiando duplicados en output/productos_carrefour.csv, número de elementos duplicados: 34
2024-12-07 01:13:03,247 - WARNING - Limpiando duplicados en output/productos_carrefour.csv, número de elementos duplicados: 0
