2025-05-13 00:19:35,371 - WARNING - Scrapeo iniciado.
2025-05-13 00:20:07,598 - ERROR - Error 403: Reintentando acceso a https://www.carrefour.es/cloud-api/plp-food-papi/v1/supermercado/la-despensa/yogures-y-postres/bifidus/cat360002/c?offset=72 (1/3)
2025-05-13 00:21:15,021 - ERROR - Error 403: Reintentando acceso a https://www.carrefour.es/cloud-api/plp-food-papi/v1/supermercado/productos-frescos/carniceria/embutidos-frescos/cat20152/c?offset=0 (1/3)
2025-05-13 00:22:51,898 - ERROR - Error 403: Reintentando acceso a https://www.carrefour.es/cloud-api/plp-food-papi/v1/supermercado/bebidas/licores-y-cremas/anis-y-chinchon/cat20192/c?offset=0 (1/3)
2025-05-13 00:28:20,422 - ERROR - Error al acceder a https://www.carrefour.es/cloud-api/plp-food-papi/v1/supermercado/la-despensa/helados/frutas-heladas/cat460009/c?offset=0: 500
2025-05-13 00:28:55,290 - ERROR - Error 403: Reintentando acceso a https://www.carrefour.es/cloud-api/plp-food-papi/v1/supermercado/la-despensa/helados/conos/cat460004/c?offset=0 (1/3)
2025-05-13 00:28:58,081 - ERROR - Error al acceder a https://www.carrefour.es/cloud-api/plp-food-papi/v1/supermercado/la-despensa/helados/conos/cat460004/c?offset=0: 500
2025-05-13 00:38:27,004 - ERROR - Error al decodificar JSON de la respuesta en https://www.carrefour.es/cloud-api/plp-food-papi/v1/supermercado/productos-frescos/panaderia-tradicional/pdteborrar-pdteborrar-pdteborrar-pan-de-molde-tostado-y-picos/cat20163/c?offset=0
2025-05-13 00:39:49,689 - ERROR - Error al acceder a https://www.carrefour.es/cloud-api/plp-food-papi/v1/supermercado/la-despensa/helados/bloques/cat460002/c?offset=0: 500
2025-05-13 00:40:43,708 - ERROR - Error al decodificar JSON de la respuesta en https://www.carrefour.es/cloud-api/plp-food-papi/v1/supermercado/productos-frescos/panaderia-tradicional/pdteborrar-pdteborrar-masa-fresca-y-bases/cat20162/c?offset=0
2025-05-13 00:42:58,565 - ERROR - Error al acceder a https://www.carrefour.es/cloud-api/plp-food-papi/v1/supermercado/la-despensa/helados/tartas-heladas/cat460010/c?offset=0: 500
2025-05-13 00:44:06,586 - ERROR - Error 403: Reintentando acceso a https://www.carrefour.es/cloud-api/plp-food-papi/v1/supermercado/la-despensa/conservas-sopas-y-precocinados/platos-tradicionales/cat20117/c?offset=0 (1/3)
2025-05-13 00:47:43,890 - ERROR - Error al acceder a https://www.carrefour.es/cloud-api/plp-food-papi/v1/supermercado/la-despensa/helados/polos/cat460006/c?offset=0: 500
2025-05-13 00:48:22,889 - ERROR - Error 403: Reintentando acceso a https://www.carrefour.es/cloud-api/plp-food-papi/v1/supermercado/productos-frescos/charcuteria-y-quesos-al-corte/jamones-y-paletas-curados/cat510006/c?offset=0 (1/3)
2025-05-13 00:49:40,683 - ERROR - Error al decodificar JSON de la respuesta en https://www.carrefour.es/cloud-api/plp-food-papi/v1/supermercado/productos-frescos/panaderia-tradicional/pdteborrar-pdteborrar-magdalenas-dulces-y-bollos/cat20161/c?offset=0
2025-05-13 00:49:41,149 - ERROR - Error al acceder a https://www.carrefour.es/cloud-api/plp-food-papi/v1/supermercado/la-despensa/helados/sandwiches/cat460005/c?offset=0: 500
2025-05-13 00:55:48,005 - ERROR - Error al acceder a https://www.carrefour.es/cloud-api/plp-food-papi/v1/supermercado/la-despensa/helados/bombon/cat460003/c?offset=0: 500
2025-05-13 00:57:00,391 - ERROR - Error al acceder a https://www.carrefour.es/cloud-api/plp-food-papi/v1/supermercado/la-despensa/helados/tarrinas/cat460007/c?offset=0: 500
2025-05-13 00:57:22,242 - ERROR - Error 403: Reintentando acceso a https://www.carrefour.es/cloud-api/plp-food-papi/v1/supermercado/la-despensa/dulce/cremas-de-cacao-avellana-y-cacahuete/cat26102632/c?offset=24 (1/3)
2025-05-13 00:57:47,588 - ERROR - Error 403: Reintentando acceso a https://www.carrefour.es/cloud-api/plp-food-papi/v1/supermercado/la-despensa/panaderia-bolleria-y-pasteleria/colines-picos-y-crakers/cat21623838/c?offset=0 (1/3)
2025-05-13 01:02:29,130 - ERROR - Error 403: Reintentando acceso a https://www.carrefour.es/cloud-api/plp-food-papi/v1/supermercado/limpieza-y-hogar/cuidado-de-la-ropa/toallitas-atrapacolores/cat20309/c?offset=0 (1/3)
2025-05-13 01:03:39,683 - ERROR - Error al acceder a https://www.carrefour.es/cloud-api/plp-food-papi/v1/supermercado/la-despensa/helados/hielo/cat460011/c?offset=0: 500
2025-05-13 01:05:14,114 - WARNING - Scrapeo terminado.
2025-05-13 01:05:14,260 - WARNING - Limpiando duplicados en output/productos_carrefour.csv, número de elementos duplicados: 11
2025-05-13 01:05:14,431 - WARNING - Limpiando duplicados en output/productos_carrefour.csv, número de elementos duplicados: 0
