2024-12-19 00:34:02,644 - WARNING - Scrapeo iniciado.
2024-12-19 00:34:41,654 - ERROR - Error 403: Reintentando acceso a https://www.carrefour.es/cloud-api/plp-food-papi/v1/supermercado/parafarmacia/nutricion-y-dietetica/control-de-peso/cat20427/c?offset=24 (1/3)
2024-12-19 00:36:13,965 - ERROR - Error 403: Reintentando acceso a https://www.carrefour.es/cloud-api/plp-food-papi/v1/supermercado/bebidas/vinos/tinto/cat20203/c?offset=72 (1/3)
2024-12-19 00:37:34,742 - ERROR - Error al acceder a https://www.carrefour.es/cloud-api/plp-food-papi/v1/supermercado/la-despensa/helados/barquillos/cat460012/c?offset=0: 500
2024-12-19 00:42:30,312 - ERROR - Error al acceder a https://www.carrefour.es/cloud-api/plp-food-papi/v1/supermercado/la-despensa/helados/frutas-heladas/cat460009/c?offset=0: 500
2024-12-19 00:43:12,734 - ERROR - Error al acceder a https://www.carrefour.es/cloud-api/plp-food-papi/v1/supermercado/la-despensa/helados/conos/cat460004/c?offset=0: 500
2024-12-19 00:52:24,011 - ERROR - Error al decodificar JSON de la respuesta en https://www.carrefour.es/cloud-api/plp-food-papi/v1/supermercado/productos-frescos/panaderia-tradicional/pdteborrar-pdteborrar-pdteborrar-pan-de-molde-tostado-y-picos/cat20163/c?offset=0
2024-12-19 00:53:41,175 - ERROR - Error al acceder a https://www.carrefour.es/cloud-api/plp-food-papi/v1/supermercado/la-despensa/helados/bloques/cat460002/c?offset=0: 500
2024-12-19 00:54:38,976 - ERROR - Error al decodificar JSON de la respuesta en https://www.carrefour.es/cloud-api/plp-food-papi/v1/supermercado/productos-frescos/panaderia-tradicional/pdteborrar-pdteborrar-masa-fresca-y-bases/cat20162/c?offset=0
2024-12-19 00:56:36,923 - ERROR - Error 403: Reintentando acceso a https://www.carrefour.es/cloud-api/plp-food-papi/v1/supermercado/parafarmacia/bebe/accesorios-bano/cat20350/c?offset=0 (1/3)
2024-12-19 00:56:56,817 - ERROR - Error al acceder a https://www.carrefour.es/cloud-api/plp-food-papi/v1/supermercado/la-despensa/helados/tartas-heladas/cat460010/c?offset=0: 500
2024-12-19 00:58:02,626 - ERROR - Error 403: Reintentando acceso a https://www.carrefour.es/cloud-api/plp-food-papi/v1/supermercado/bebidas/sidra/cider/cat370011/c?offset=24 (1/3)
2024-12-19 00:58:14,382 - ERROR - Error 403: Reintentando acceso a https://www.carrefour.es/cloud-api/plp-food-papi/v1/supermercado/bebe/alimentacion-infantil/complementos-alimenticios-e-infusiones-para-bebe/cat400010/c?offset=0 (1/3)
2024-12-19 00:59:19,895 - ERROR - Error 403: Reintentando acceso a https://www.carrefour.es/cloud-api/plp-food-papi/v1/supermercado/la-despensa/alimentacion/salsas-y-tomate-frito/cat20076/c?offset=264 (1/3)
2024-12-19 00:59:59,414 - ERROR - Error 403: Reintentando acceso a https://www.carrefour.es/cloud-api/plp-food-papi/v1/supermercado/bebidas/cava-y-champagne/cavas/cat370006/c?offset=24 (1/3)
2024-12-19 01:01:17,882 - ERROR - Error 403: Reintentando acceso a https://www.carrefour.es/cloud-api/plp-food-papi/v1/supermercado/parafarmacia/botiquin/oido-y-protectores/cat20392/c?offset=24 (1/3)
2024-12-19 01:01:39,988 - ERROR - Error 403: Reintentando acceso a https://www.carrefour.es/cloud-api/plp-food-papi/v1/supermercado/la-despensa/panaderia-bolleria-y-pasteleria/pan-perrito-y-burguer/cat21623839/c?offset=0 (1/3)
2024-12-19 01:02:19,494 - ERROR - Error 403: Reintentando acceso a https://www.carrefour.es/cloud-api/plp-food-papi/v1/supermercado/perfumeria-e-higiene/bano-e-higiene-corporal/desodorantes/cat20206/c?offset=168 (1/3)
2024-12-19 01:02:23,158 - ERROR - Error 403: Reintentando acceso a https://www.carrefour.es/cloud-api/plp-food-papi/v1/supermercado/la-despensa/conservas-sopas-y-precocinados/conservas-de-frutas/cat20110/c?offset=0 (1/3)
2024-12-19 01:02:31,674 - ERROR - Error 403: Reintentando acceso a https://www.carrefour.es/cloud-api/plp-food-papi/v1/supermercado/la-despensa/conservas-sopas-y-precocinados/conservas-de-frutas/cat20110/c?offset=24 (1/3)
2024-12-19 01:02:35,066 - ERROR - Error 403: Reintentando acceso a https://www.carrefour.es/cloud-api/plp-food-papi/v1/supermercado/la-despensa/conservas-sopas-y-precocinados/conservas-de-frutas/cat20110/c?offset=24 (2/3)
2024-12-19 01:03:39,968 - ERROR - Error al acceder a https://www.carrefour.es/cloud-api/plp-food-papi/v1/supermercado/la-despensa/helados/polos/cat460006/c?offset=0: 500
2024-12-19 01:04:22,476 - ERROR - Error 403: Reintentando acceso a https://www.carrefour.es/cloud-api/plp-food-papi/v1/supermercado/la-despensa/yogures-y-postres/vegetal/cat360014/c?offset=0 (1/3)
2024-12-19 01:04:54,839 - ERROR - Error 403: Reintentando acceso a https://www.carrefour.es/cloud-api/plp-food-papi/v1/supermercado/mascotas/perros/comederos/cat80004/c?offset=24 (1/3)
2024-12-19 01:05:57,642 - ERROR - Error 403: Reintentando acceso a https://www.carrefour.es/cloud-api/plp-food-papi/v1/supermercado/la-despensa/cestas-y-lotes/lotes-de-jamon/cat340005/c?offset=0 (1/3)
2024-12-19 01:06:42,350 - ERROR - Error al decodificar JSON de la respuesta en https://www.carrefour.es/cloud-api/plp-food-papi/v1/supermercado/productos-frescos/panaderia-tradicional/pdteborrar-pdteborrar-magdalenas-dulces-y-bollos/cat20161/c?offset=0
2024-12-19 01:06:43,275 - ERROR - Error al acceder a https://www.carrefour.es/cloud-api/plp-food-papi/v1/supermercado/la-despensa/helados/sandwiches/cat460005/c?offset=0: 500
2024-12-19 01:07:07,311 - ERROR - Error 403: Reintentando acceso a https://www.carrefour.es/cloud-api/plp-food-papi/v1/supermercado/limpieza-y-hogar/calzado/esponjas-autobrillantes/cat20270/c?offset=24 (1/3)
2024-12-19 01:08:11,545 - ERROR - Error 403: Reintentando acceso a https://www.carrefour.es/cloud-api/plp-food-papi/v1/supermercado/bebidas/alcoholes/whisky-y-bourbon/cat20186/c?offset=24 (1/3)
2024-12-19 01:09:46,172 - ERROR - Error 403: Reintentando acceso a https://www.carrefour.es/cloud-api/plp-food-papi/v1/supermercado/perfumeria-e-higiene/depilacion-y-afeitado/depilacion/cat20238/c?offset=24 (1/3)
2024-12-19 01:09:57,129 - ERROR - Error 403: Reintentando acceso a https://www.carrefour.es/cloud-api/plp-food-papi/v1/supermercado/bebidas/cerveza/tostada-roja/cat20190/c?offset=48 (1/3)
2024-12-19 01:10:03,074 - ERROR - Error 403: Reintentando acceso a https://www.carrefour.es/cloud-api/plp-food-papi/v1/supermercado/la-despensa/yogures-y-postres/flanes/cat360013/c?offset=0 (1/3)
2024-12-19 01:10:16,988 - ERROR - Error 403: Reintentando acceso a https://www.carrefour.es/cloud-api/plp-food-papi/v1/supermercado/productos-frescos/pescaderia/preparados-y-elaborados-de-pescado-y-marisco/cat20126/c?offset=0 (1/3)
2024-12-19 01:10:20,415 - ERROR - Error 403: Reintentando acceso a https://www.carrefour.es/cloud-api/plp-food-papi/v1/supermercado/productos-frescos/pescaderia/preparados-y-elaborados-de-pescado-y-marisco/cat20126/c?offset=0 (2/3)
2024-12-19 01:10:28,891 - ERROR - Error 403: Reintentando acceso a https://www.carrefour.es/cloud-api/plp-food-papi/v1/supermercado/productos-frescos/pescaderia/preparados-y-elaborados-de-pescado-y-marisco/cat20126/c?offset=48 (1/3)
2024-12-19 01:10:37,403 - ERROR - Error 403: Reintentando acceso a https://www.carrefour.es/cloud-api/plp-food-papi/v1/supermercado/congelados/helados/bombon-helado/cat21449294/c?offset=24 (1/3)
2024-12-19 01:10:47,007 - ERROR - Error 403: Reintentando acceso a https://www.carrefour.es/cloud-api/plp-food-papi/v1/supermercado/perfumeria-e-higiene/bano-e-higiene-corporal/ojos-y-oreja/cat20210/c?offset=0 (1/3)
2024-12-19 01:11:13,319 - ERROR - Error 403: Reintentando acceso a https://www.carrefour.es/cloud-api/plp-food-papi/v1/supermercado/limpieza-y-hogar/bazar/pequeno-electrodomestico/cat450004/c?offset=0 (1/3)
2024-12-19 01:11:18,567 - ERROR - Error 403: Reintentando acceso a https://www.carrefour.es/cloud-api/plp-food-papi/v1/supermercado/productos-frescos/pescaderia/surimi-y-elaborados/cat20123/c?offset=0 (1/3)
2024-12-19 01:12:00,467 - ERROR - Error 403: Reintentando acceso a https://www.carrefour.es/cloud-api/plp-food-papi/v1/supermercado/la-despensa/dulce/bombones-y-chocolates/cat26102512/c?offset=72 (1/3)
2024-12-19 01:13:54,223 - ERROR - Error 403: Reintentando acceso a https://www.carrefour.es/cloud-api/plp-food-papi/v1/supermercado/la-despensa/alimentacion/arroz-y-cous-cous/cat20068/c?offset=0 (1/3)
2024-12-19 01:14:13,631 - ERROR - Error al acceder a https://www.carrefour.es/cloud-api/plp-food-papi/v1/supermercado/la-despensa/helados/bombon/cat460003/c?offset=0: 500
2024-12-19 01:15:40,162 - ERROR - Error al acceder a https://www.carrefour.es/cloud-api/plp-food-papi/v1/supermercado/la-despensa/helados/tarrinas/cat460007/c?offset=0: 500
2024-12-19 01:15:59,917 - ERROR - Error 403: Reintentando acceso a https://www.carrefour.es/cloud-api/plp-food-papi/v1/supermercado/bebidas/refrescos/te/cat650016/c?offset=24 (1/3)
2024-12-19 01:16:13,750 - ERROR - Error 403: Reintentando acceso a https://www.carrefour.es/cloud-api/plp-food-papi/v1/supermercado/limpieza-y-hogar/papeleria/dibujo-artistico/cat260008/c?offset=0 (1/3)
2024-12-19 01:19:02,153 - ERROR - Error 403: Reintentando acceso a https://www.carrefour.es/cloud-api/plp-food-papi/v1/supermercado/productos-frescos/panaderia-tradicional/roscones-de-reyes/cat9233619/c?offset=24 (1/3)
2024-12-19 01:20:07,346 - ERROR - Error 403: Reintentando acceso a https://www.carrefour.es/cloud-api/plp-food-papi/v1/supermercado/la-despensa/alimentacion/especias-y-sazonadores/cat20069/c?offset=96 (1/3)
2024-12-19 01:20:11,749 - ERROR - Error 403: Reintentando acceso a https://www.carrefour.es/cloud-api/plp-food-papi/v1/supermercado/la-despensa/dulce-y-desayuno/reposteria-para-preparar/cat20087/c?offset=0 (1/3)
2024-12-19 01:21:02,732 - ERROR - Error 403: Reintentando acceso a https://www.carrefour.es/cloud-api/plp-food-papi/v1/supermercado/la-despensa/conservas-sopas-y-precocinados/conservas-de-pescado-y-marisco/cat20111/c?offset=96 (1/3)
2024-12-19 01:22:52,864 - ERROR - Error 403: Reintentando acceso a https://www.carrefour.es/cloud-api/plp-food-papi/v1/supermercado/bebidas/vinos/blanco/cat20199/c?offset=0 (1/3)
2024-12-19 01:23:13,448 - ERROR - Error 403: Reintentando acceso a https://www.carrefour.es/cloud-api/plp-food-papi/v1/supermercado/la-despensa/lacteos/nata/cat20096/c?offset=24 (1/3)
2024-12-19 01:23:18,865 - ERROR - Error 403: Reintentando acceso a https://www.carrefour.es/cloud-api/plp-food-papi/v1/supermercado/la-despensa/lacteos/nata/cat20096/c?offset=48 (1/3)
2024-12-19 01:23:34,224 - ERROR - Error 403: Reintentando acceso a https://www.carrefour.es/cloud-api/plp-food-papi/v1/supermercado/bebidas/aguas-y-zumos/zumos-no-refrigerados/cat650009/c?offset=96 (1/3)
2024-12-19 01:23:44,125 - ERROR - Error al acceder a https://www.carrefour.es/cloud-api/plp-food-papi/v1/supermercado/la-despensa/helados/hielo/cat460011/c?offset=0: 500
2024-12-19 01:23:44,678 - ERROR - Error 403: Reintentando acceso a https://www.carrefour.es/cloud-api/plp-food-papi/v1/supermercado/la-despensa/dulce/miel/cat26102660/c?offset=0 (1/3)
2024-12-19 01:24:21,810 - ERROR - Error 403: Reintentando acceso a https://www.carrefour.es/cloud-api/plp-food-papi/v1/supermercado/bebidas/licores-y-cremas/licores-y-orujo/cat20195/c?offset=48 (1/3)
2024-12-19 01:24:30,423 - ERROR - Error 403: Reintentando acceso a https://www.carrefour.es/cloud-api/plp-food-papi/v1/supermercado/limpieza-y-hogar/bazar/pilas/cat20262/c?offset=24 (1/3)
2024-12-19 01:24:38,005 - ERROR - Error 403: Reintentando acceso a https://www.carrefour.es/cloud-api/plp-food-papi/v1/supermercado/productos-frescos/frutas/uvas/cat220013/c?offset=24 (1/3)
2024-12-19 01:25:10,551 - ERROR - Error 403: Reintentando acceso a https://www.carrefour.es/cloud-api/plp-food-papi/v1/supermercado/la-despensa/conservas-sopas-y-precocinados/conservas-de-vegetales/cat20113/c?offset=168 (1/3)
2024-12-19 01:25:34,311 - ERROR - Error 403: Reintentando acceso a https://www.carrefour.es/cloud-api/plp-food-papi/v1/supermercado/perfumeria-e-higiene/bano-e-higiene-corporal/geles-de-bano/cat20208/c?offset=72 (1/3)
2024-12-19 01:25:43,668 - ERROR - Error 403: Reintentando acceso a https://www.carrefour.es/cloud-api/plp-food-papi/v1/supermercado/perfumeria-e-higiene/bano-e-higiene-corporal/geles-de-bano/cat20208/c?offset=96 (1/3)
2024-12-19 01:25:48,557 - ERROR - Error 403: Reintentando acceso a https://www.carrefour.es/cloud-api/plp-food-papi/v1/supermercado/perfumeria-e-higiene/bano-e-higiene-corporal/geles-de-bano/cat20208/c?offset=96 (2/3)
2024-12-19 01:25:59,082 - ERROR - Error 403: Reintentando acceso a https://www.carrefour.es/cloud-api/plp-food-papi/v1/supermercado/limpieza-y-hogar/cuidado-de-la-ropa/agua-de-plancha-y-apresto/cat20302/c?offset=0 (1/3)
2024-12-19 01:26:23,052 - ERROR - Error 403: Reintentando acceso a https://www.carrefour.es/cloud-api/plp-food-papi/v1/supermercado/perfumeria-e-higiene/boca-y-sonrisa/cepillos-recambios-y-accesorios/cat20215/c?offset=48 (1/3)
2024-12-19 01:26:28,051 - ERROR - Error 403: Reintentando acceso a https://www.carrefour.es/cloud-api/plp-food-papi/v1/supermercado/perfumeria-e-higiene/boca-y-sonrisa/cepillos-recambios-y-accesorios/cat20215/c?offset=72 (1/3)
2024-12-19 01:26:41,587 - WARNING - Scrapeo terminado.
2024-12-19 01:26:41,745 - WARNING - Limpiando duplicados en output/productos_carrefour.csv, número de elementos duplicados: 35
2024-12-19 01:26:41,945 - WARNING - Limpiando duplicados en output/productos_carrefour.csv, número de elementos duplicados: 0
