2025-04-27 00:20:48,264 - WARNING - Scrapeo iniciado.
2025-04-27 00:20:52,181 - ERROR - Error 403: Reintentando acceso a https://www.carrefour.es/cloud-api/plp-food-papi/v1/supermercado/parafarmacia/botiquin/mascarillas/cat10650814/c?offset=24 (1/3)
2025-04-27 00:20:57,015 - ERROR - Error 403: Reintentando acceso a https://www.carrefour.es/cloud-api/plp-food-papi/v1/supermercado/la-despensa/alimentacion/harinas-y-levaduras/cat20070/c?offset=0 (1/3)
2025-04-27 00:21:01,705 - ERROR - Error 403: Reintentando acceso a https://www.carrefour.es/cloud-api/plp-food-papi/v1/supermercado/la-despensa/alimentacion/harinas-y-levaduras/cat20070/c?offset=0 (2/3)
2025-04-27 00:21:05,877 - ERROR - Error 403: Reintentando acceso a https://www.carrefour.es/cloud-api/plp-food-papi/v1/supermercado/la-despensa/alimentacion/harinas-y-levaduras/cat20070/c?offset=0 (3/3)
2025-04-27 00:21:08,698 - ERROR - Error 403 persistente: Acceso denegado a https://www.carrefour.es/cloud-api/plp-food-papi/v1/supermercado/la-despensa/alimentacion/harinas-y-levaduras/cat20070/c?offset=0 tras 3 intentos
2025-04-27 00:21:17,901 - ERROR - Error 403: Reintentando acceso a https://www.carrefour.es/cloud-api/plp-food-papi/v1/supermercado/la-despensa/conservas-sopas-y-precocinados/conservas-de-carne/cat20109/c?offset=0 (1/3)
2025-04-27 00:22:17,632 - ERROR - Error 403: Reintentando acceso a https://www.carrefour.es/cloud-api/plp-food-papi/v1/supermercado/productos-frescos/frutas/pinas-kiwis-aguacates-y-tropicales/cat220012/c?offset=24 (1/3)
2025-04-27 00:22:21,360 - ERROR - Error 403: Reintentando acceso a https://www.carrefour.es/cloud-api/plp-food-papi/v1/supermercado/limpieza-y-hogar/productos-para-bano/limpiadores-bano/cat20293/c?offset=0 (1/3)
2025-04-27 00:22:40,347 - ERROR - Error 403: Reintentando acceso a https://www.carrefour.es/cloud-api/plp-food-papi/v1/supermercado/la-despensa/yogures-y-postres/yogures-infantiles/cat360007/c?offset=48 (1/3)
2025-04-27 00:23:31,998 - ERROR - Error 403: Reintentando acceso a https://www.carrefour.es/cloud-api/plp-food-papi/v1/supermercado/bebidas/bodega/vinos-tintos/cat20203/c?offset=216 (1/3)
2025-04-27 00:23:43,514 - ERROR - Error 403: Reintentando acceso a https://www.carrefour.es/cloud-api/plp-food-papi/v1/supermercado/la-despensa/desayuno/cafes/cat26102046/c?offset=0 (1/3)
2025-04-27 00:24:30,115 - ERROR - Error 403: Reintentando acceso a https://www.carrefour.es/cloud-api/plp-food-papi/v1/supermercado/perfumeria-e-higiene/higiene-intima/toallitas-y-geles-intimos/cat20244/c?offset=24 (1/3)
2025-04-27 00:24:32,436 - ERROR - Error 403: Reintentando acceso a https://www.carrefour.es/cloud-api/plp-food-papi/v1/supermercado/perfumeria-e-higiene/higiene-intima/toallitas-y-geles-intimos/cat20244/c?offset=24 (2/3)
2025-04-27 00:24:36,682 - ERROR - Error 403: Reintentando acceso a https://www.carrefour.es/cloud-api/plp-food-papi/v1/supermercado/perfumeria-e-higiene/higiene-intima/toallitas-y-geles-intimos/cat20244/c?offset=24 (3/3)
2025-04-27 00:24:39,851 - ERROR - Error 403 persistente: Acceso denegado a https://www.carrefour.es/cloud-api/plp-food-papi/v1/supermercado/perfumeria-e-higiene/higiene-intima/toallitas-y-geles-intimos/cat20244/c?offset=24 tras 3 intentos
2025-04-27 00:24:39,902 - ERROR - Error 403: Reintentando acceso a https://www.carrefour.es/cloud-api/plp-food-papi/v1/supermercado/la-despensa/yogures-y-postres/yogures-liquidos/cat360012/c?offset=0 (1/3)
2025-04-27 00:24:50,666 - ERROR - Error 403: Reintentando acceso a https://www.carrefour.es/cloud-api/plp-food-papi/v1/supermercado/la-despensa/yogures-y-postres/yogures-liquidos/cat360012/c?offset=48 (1/3)
2025-04-27 00:25:55,661 - ERROR - Error 403: Reintentando acceso a https://www.carrefour.es/cloud-api/plp-food-papi/v1/supermercado/la-despensa/dulce/dulces-y-golosinas/cat26102706/c?offset=168 (1/3)
2025-04-27 00:26:31,298 - ERROR - Error 403: Reintentando acceso a https://www.carrefour.es/cloud-api/plp-food-papi/v1/supermercado/parafarmacia/nutricion-y-dietetica/complementos-vitaminicos/cat20426/c?offset=96 (1/3)
2025-04-27 00:26:49,466 - ERROR - Error 403: Reintentando acceso a https://www.carrefour.es/cloud-api/plp-food-papi/v1/supermercado/la-despensa/aperitivos/tortitas/cat390007/c?offset=0 (1/3)
2025-04-27 00:27:14,335 - ERROR - Error 403: Reintentando acceso a https://www.carrefour.es/cloud-api/plp-food-papi/v1/supermercado/perfumeria-e-higiene/boca-y-sonrisa/protector-labial/cat20218/c?offset=0 (1/3)
2025-04-27 00:27:21,860 - ERROR - Error 403: Reintentando acceso a https://www.carrefour.es/cloud-api/plp-food-papi/v1/supermercado/productos-frescos/carniceria/vacuno/cat190010/c?offset=0 (1/3)
2025-04-27 00:27:50,469 - ERROR - Error 403: Reintentando acceso a https://www.carrefour.es/cloud-api/plp-food-papi/v1/supermercado/bebidas/licores-y-cremas/pacharan/cat20196/c?offset=0 (1/3)
2025-04-27 00:28:33,893 - ERROR - Error 403: Reintentando acceso a https://www.carrefour.es/cloud-api/plp-food-papi/v1/supermercado/bebidas/cerveza/todas-las-cervezas/cat140001/c?offset=240 (1/3)
2025-04-27 00:28:37,612 - ERROR - Error 403: Reintentando acceso a https://www.carrefour.es/cloud-api/plp-food-papi/v1/supermercado/bebidas/cerveza/todas-las-cervezas/cat140001/c?offset=240 (2/3)
2025-04-27 00:28:40,818 - ERROR - Error 403: Reintentando acceso a https://www.carrefour.es/cloud-api/plp-food-papi/v1/supermercado/bebidas/cerveza/todas-las-cervezas/cat140001/c?offset=240 (3/3)
2025-04-27 00:28:45,785 - ERROR - Error 403 persistente: Acceso denegado a https://www.carrefour.es/cloud-api/plp-food-papi/v1/supermercado/bebidas/cerveza/todas-las-cervezas/cat140001/c?offset=240 tras 3 intentos
2025-04-27 00:28:48,891 - ERROR - Error 403: Reintentando acceso a https://www.carrefour.es/cloud-api/plp-food-papi/v1/supermercado/parafarmacia/cabello/otros-champus-de-tratamiento/cat20398/c?offset=24 (1/3)
2025-04-27 00:28:53,188 - ERROR - Error 403: Reintentando acceso a https://www.carrefour.es/cloud-api/plp-food-papi/v1/supermercado/parafarmacia/cabello/otros-champus-de-tratamiento/cat20398/c?offset=24 (2/3)
2025-04-27 00:29:08,501 - ERROR - Error 403: Reintentando acceso a https://www.carrefour.es/cloud-api/plp-food-papi/v1/supermercado/la-despensa/yogures-y-postres/yogur-natural-y-sabores/cat360008/c?offset=72 (1/3)
2025-04-27 00:29:31,955 - ERROR - Error 403: Reintentando acceso a https://www.carrefour.es/cloud-api/plp-food-papi/v1/supermercado/perfumeria-e-higiene/bano-e-higiene-corporal/colonias/cat20205/c?offset=48 (1/3)
2025-04-27 00:29:35,293 - ERROR - Error 403: Reintentando acceso a https://www.carrefour.es/cloud-api/plp-food-papi/v1/supermercado/perfumeria-e-higiene/bano-e-higiene-corporal/colonias/cat20205/c?offset=48 (2/3)
2025-04-27 00:29:48,783 - ERROR - Error 403: Reintentando acceso a https://www.carrefour.es/cloud-api/plp-food-papi/v1/supermercado/productos-frescos/platos-preparados-cocinados/ensaladas-gazpachos-y-sandwiches/cat20135/c?offset=0 (1/3)
2025-04-27 00:29:54,536 - ERROR - Error 403: Reintentando acceso a https://www.carrefour.es/cloud-api/plp-food-papi/v1/supermercado/productos-frescos/platos-preparados-cocinados/ensaladas-gazpachos-y-sandwiches/cat20135/c?offset=24 (1/3)
2025-04-27 00:30:03,625 - ERROR - Error 403: Reintentando acceso a https://www.carrefour.es/cloud-api/plp-food-papi/v1/supermercado/bebidas/licores-y-cremas/licores-sin-alcohol/cat20194/c?offset=24 (1/3)
2025-04-27 00:30:34,406 - ERROR - Error 403: Reintentando acceso a https://www.carrefour.es/cloud-api/plp-food-papi/v1/supermercado/parafarmacia/botiquin/lentillas-y-sueros/cat20391/c?offset=24 (1/3)
2025-04-27 00:30:50,945 - ERROR - Error 403: Reintentando acceso a https://www.carrefour.es/cloud-api/plp-food-papi/v1/supermercado/bebidas/refrescos/energeticas/cat650017/c?offset=48 (1/3)
2025-04-27 00:31:00,383 - ERROR - Error al acceder a https://www.carrefour.es/cloud-api/plp-food-papi/v1/supermercado/la-despensa/helados/frutas-heladas/cat460009/c?offset=0: 500
2025-04-27 00:31:14,772 - ERROR - Error 403: Reintentando acceso a https://www.carrefour.es/cloud-api/plp-food-papi/v1/supermercado/productos-frescos/charcuteria/jamon-cocido-y-lacon/cat20140/c?offset=72 (1/3)
2025-04-27 00:31:32,209 - ERROR - Error 403: Reintentando acceso a https://www.carrefour.es/cloud-api/plp-food-papi/v1/supermercado/bebidas/refrescos/isotonicas/cat650013/c?offset=48 (1/3)
2025-04-27 00:31:38,275 - ERROR - Error 403: Reintentando acceso a https://www.carrefour.es/cloud-api/plp-food-papi/v1/supermercado/bebe/panales-y-toallitas/otras-marcas/cat16983488/c?offset=24 (1/3)
2025-04-27 00:31:45,164 - ERROR - Error al acceder a https://www.carrefour.es/cloud-api/plp-food-papi/v1/supermercado/la-despensa/helados/conos/cat460004/c?offset=0: 500
2025-04-27 00:32:10,127 - ERROR - Error 403: Reintentando acceso a https://www.carrefour.es/cloud-api/plp-food-papi/v1/supermercado/limpieza-y-hogar/papeleria/maquinaria-de-oficina/cat260013/c?offset=0 (1/3)
2025-04-27 00:32:38,834 - ERROR - Error 403: Reintentando acceso a https://www.carrefour.es/cloud-api/plp-food-papi/v1/supermercado/la-despensa/yogures-y-postres/yogures-desnatados/cat360006/c?offset=120 (1/3)
2025-04-27 00:33:02,293 - ERROR - Error 403: Reintentando acceso a https://www.carrefour.es/cloud-api/plp-food-papi/v1/supermercado/perfumeria-e-higiene/depilacion-y-afeitado/maquinillas-y-recambios/cat20239/c?offset=48 (1/3)
2025-04-27 00:33:07,130 - ERROR - Error 403: Reintentando acceso a https://www.carrefour.es/cloud-api/plp-food-papi/v1/supermercado/perfumeria-e-higiene/depilacion-y-afeitado/maquinillas-y-recambios/cat20239/c?offset=72 (1/3)
2025-04-27 00:33:10,200 - ERROR - Error 403: Reintentando acceso a https://www.carrefour.es/cloud-api/plp-food-papi/v1/supermercado/perfumeria-e-higiene/depilacion-y-afeitado/maquinillas-y-recambios/cat20239/c?offset=72 (2/3)
2025-04-27 00:33:12,969 - ERROR - Error 403: Reintentando acceso a https://www.carrefour.es/cloud-api/plp-food-papi/v1/supermercado/perfumeria-e-higiene/depilacion-y-afeitado/maquinillas-y-recambios/cat20239/c?offset=72 (3/3)
2025-04-27 00:33:16,195 - ERROR - Error 403 persistente: Acceso denegado a https://www.carrefour.es/cloud-api/plp-food-papi/v1/supermercado/perfumeria-e-higiene/depilacion-y-afeitado/maquinillas-y-recambios/cat20239/c?offset=72 tras 3 intentos
2025-04-27 00:33:22,976 - ERROR - Error 403: Reintentando acceso a https://www.carrefour.es/cloud-api/plp-food-papi/v1/supermercado/la-despensa/desayuno/cacaos-y-cereales-solubles/cat26102050/c?offset=0 (1/3)
2025-04-27 00:33:26,868 - ERROR - Error 403: Reintentando acceso a https://www.carrefour.es/cloud-api/plp-food-papi/v1/supermercado/la-despensa/desayuno/cacaos-y-cereales-solubles/cat26102050/c?offset=0 (2/3)
2025-04-27 00:33:36,123 - ERROR - Error 403: Reintentando acceso a https://www.carrefour.es/cloud-api/plp-food-papi/v1/supermercado/la-despensa/desayuno/cacaos-y-cereales-solubles/cat26102050/c?offset=48 (1/3)
2025-04-27 00:33:43,683 - ERROR - Error 403: Reintentando acceso a https://www.carrefour.es/cloud-api/plp-food-papi/v1/supermercado/la-despensa/alimentacion/pastas/cat20073/c?offset=48 (1/3)
2025-04-27 00:34:22,288 - ERROR - Error 403: Reintentando acceso a https://www.carrefour.es/cloud-api/plp-food-papi/v1/supermercado/mascotas/perros/premios-snacks-y-huesos/cat20384/c?offset=0 (1/3)
2025-04-27 00:34:25,402 - ERROR - Error 403: Reintentando acceso a https://www.carrefour.es/cloud-api/plp-food-papi/v1/supermercado/mascotas/perros/premios-snacks-y-huesos/cat20384/c?offset=0 (2/3)
2025-04-27 00:34:46,684 - ERROR - Error 403: Reintentando acceso a https://www.carrefour.es/cloud-api/plp-food-papi/v1/supermercado/bebidas/alcoholes/ginebra/cat20181/c?offset=72 (1/3)
2025-04-27 00:34:59,929 - ERROR - Error 403: Reintentando acceso a https://www.carrefour.es/cloud-api/plp-food-papi/v1/supermercado/limpieza-y-hogar/menaje/ordenacion/cat20288/c?offset=0 (1/3)
2025-04-27 00:35:13,414 - ERROR - Error 403: Reintentando acceso a https://www.carrefour.es/cloud-api/plp-food-papi/v1/supermercado/parafarmacia/botiquin/termometro-y-tensiometros/cat20393/c?offset=0 (1/3)
2025-04-27 00:35:17,495 - ERROR - Error 403: Reintentando acceso a https://www.carrefour.es/cloud-api/plp-food-papi/v1/supermercado/parafarmacia/botiquin/termometro-y-tensiometros/cat20393/c?offset=0 (2/3)
2025-04-27 00:35:39,655 - ERROR - Error 403: Reintentando acceso a https://www.carrefour.es/cloud-api/plp-food-papi/v1/supermercado/productos-frescos/pescaderia/pulpo-calamar-y-sepia/cat20127/c?offset=24 (1/3)
2025-04-27 00:35:44,752 - ERROR - Error 403: Reintentando acceso a https://www.carrefour.es/cloud-api/plp-food-papi/v1/supermercado/productos-frescos/pescaderia/pulpo-calamar-y-sepia/cat20127/c?offset=24 (2/3)
2025-04-27 00:35:51,371 - ERROR - Error 403: Reintentando acceso a https://www.carrefour.es/cloud-api/plp-food-papi/v1/supermercado/la-despensa/aperitivos/torreznos-y-cortezas/cat390006/c?offset=0 (1/3)
2025-04-27 00:36:14,565 - ERROR - Error 403: Reintentando acceso a https://www.carrefour.es/cloud-api/plp-food-papi/v1/supermercado/productos-frescos/quesos/todos-los-quesos/cat30004/c?offset=120 (1/3)
2025-04-27 00:36:22,427 - ERROR - Error 403: Reintentando acceso a https://www.carrefour.es/cloud-api/plp-food-papi/v1/supermercado/productos-frescos/quesos/todos-los-quesos/cat30004/c?offset=144 (1/3)
2025-04-27 00:37:15,973 - ERROR - Error 403: Reintentando acceso a https://www.carrefour.es/cloud-api/plp-food-papi/v1/supermercado/productos-frescos/quesos/tierno/cat20171/c?offset=48 (1/3)
2025-04-27 00:37:36,498 - ERROR - Error 403: Reintentando acceso a https://www.carrefour.es/cloud-api/plp-food-papi/v1/supermercado/bebe/perfumeria-e-higiene/lotes-multiproducto/cat400009/c?offset=0 (1/3)
2025-04-27 00:38:06,200 - ERROR - Error 403: Reintentando acceso a https://www.carrefour.es/cloud-api/plp-food-papi/v1/supermercado/limpieza-y-hogar/ambientadores/decorativos/cat20251/c?offset=48 (1/3)
2025-04-27 00:38:33,205 - ERROR - Error 403: Reintentando acceso a https://www.carrefour.es/cloud-api/plp-food-papi/v1/supermercado/mascotas/perros/confort/cat20382/c?offset=24 (1/3)
2025-04-27 00:38:37,876 - ERROR - Error 403: Reintentando acceso a https://www.carrefour.es/cloud-api/plp-food-papi/v1/supermercado/mascotas/perros/confort/cat20382/c?offset=24 (2/3)
2025-04-27 00:39:19,151 - ERROR - Error 403: Reintentando acceso a https://www.carrefour.es/cloud-api/plp-food-papi/v1/supermercado/mascotas/peces-y-tortugas/peces/cat20375/c?offset=24 (1/3)
2025-04-27 00:39:44,074 - ERROR - Error 403: Reintentando acceso a https://www.carrefour.es/cloud-api/plp-food-papi/v1/supermercado/bebidas/cerveza/rubia/cat20189/c?offset=144 (1/3)
2025-04-27 00:39:48,940 - ERROR - Error 403: Reintentando acceso a https://www.carrefour.es/cloud-api/plp-food-papi/v1/supermercado/bebidas/cerveza/rubia/cat20189/c?offset=168 (1/3)
2025-04-27 00:42:35,582 - ERROR - Error 403: Reintentando acceso a https://www.carrefour.es/cloud-api/plp-food-papi/v1/supermercado/perfumeria-e-higiene/bano-e-higiene-corporal/jabon-de-manos/cat20209/c?offset=48 (1/3)
2025-04-27 00:42:38,426 - ERROR - Error al decodificar JSON de la respuesta en https://www.carrefour.es/cloud-api/plp-food-papi/v1/supermercado/productos-frescos/panaderia-tradicional/pdteborrar-pdteborrar-pdteborrar-pan-de-molde-tostado-y-picos/cat20163/c?offset=0
2025-04-27 00:42:42,530 - ERROR - Error 403: Reintentando acceso a https://www.carrefour.es/cloud-api/plp-food-papi/v1/supermercado/la-despensa/desayuno/barritas/cat26101207/c?offset=0 (1/3)
2025-04-27 00:43:33,891 - ERROR - Error 403: Reintentando acceso a https://www.carrefour.es/cloud-api/plp-food-papi/v1/supermercado/perfumeria-e-higiene/cabello/fijadores/cat20224/c?offset=0 (1/3)
2025-04-27 00:43:43,000 - ERROR - Error 403: Reintentando acceso a https://www.carrefour.es/cloud-api/plp-food-papi/v1/supermercado/perfumeria-e-higiene/cabello/fijadores/cat20224/c?offset=48 (1/3)
2025-04-27 00:44:09,158 - ERROR - Error al acceder a https://www.carrefour.es/cloud-api/plp-food-papi/v1/supermercado/la-despensa/helados/bloques/cat460002/c?offset=0: 500
2025-04-27 00:44:26,191 - ERROR - Error 403: Reintentando acceso a https://www.carrefour.es/cloud-api/plp-food-papi/v1/supermercado/perfumeria-e-higiene/higiene-intima/tampones/cat20243/c?offset=24 (1/3)
2025-04-27 00:44:31,793 - ERROR - Error 403: Reintentando acceso a https://www.carrefour.es/cloud-api/plp-food-papi/v1/supermercado/perfumeria-e-higiene/higiene-intima/tampones/cat20243/c?offset=48 (1/3)
2025-04-27 00:45:00,992 - ERROR - Error 403: Reintentando acceso a https://www.carrefour.es/cloud-api/plp-food-papi/v1/supermercado/la-despensa/huevos/claras-de-huevo/cat700001/c?offset=0 (1/3)
2025-04-27 00:45:07,435 - ERROR - Error al decodificar JSON de la respuesta en https://www.carrefour.es/cloud-api/plp-food-papi/v1/supermercado/productos-frescos/panaderia-tradicional/pdteborrar-pdteborrar-masa-fresca-y-bases/cat20162/c?offset=0
2025-04-27 00:45:54,650 - ERROR - Error 403: Reintentando acceso a https://www.carrefour.es/cloud-api/plp-food-papi/v1/supermercado/limpieza-y-hogar/cuidado-de-la-ropa/detergentes/cat20303/c?offset=96 (1/3)
2025-04-27 00:46:19,264 - ERROR - Error 403: Reintentando acceso a https://www.carrefour.es/cloud-api/plp-food-papi/v1/supermercado/la-despensa/desayuno/cereales/cat26100678/c?offset=48 (1/3)
2025-04-27 00:47:21,471 - ERROR - Error al acceder a https://www.carrefour.es/cloud-api/plp-food-papi/v1/supermercado/la-despensa/helados/tartas-heladas/cat460010/c?offset=0: 500
2025-04-27 00:47:45,748 - ERROR - Error 403: Reintentando acceso a https://www.carrefour.es/cloud-api/plp-food-papi/v1/supermercado/la-despensa/lacteos/mantequillas-y-margarinas/cat20095/c?offset=0 (1/3)
2025-04-27 00:48:31,799 - ERROR - Error 403: Reintentando acceso a https://www.carrefour.es/cloud-api/plp-food-papi/v1/supermercado/la-despensa/aperitivos/patatas-fritas/cat20072/c?offset=24 (1/3)
2025-04-27 00:48:51,204 - ERROR - Error 403: Reintentando acceso a https://www.carrefour.es/cloud-api/plp-food-papi/v1/supermercado/la-despensa/alimentacion/salsas-y-tomate-frito/cat20076/c?offset=0 (1/3)
2025-04-27 00:49:30,878 - ERROR - Error 403: Reintentando acceso a https://www.carrefour.es/cloud-api/plp-food-papi/v1/supermercado/la-despensa/alimentacion/salsas-y-tomate-frito/cat20076/c?offset=288 (1/3)
2025-04-27 00:50:47,100 - ERROR - Error 403: Reintentando acceso a https://www.carrefour.es/cloud-api/plp-food-papi/v1/supermercado/la-despensa/dulce/reposteria/cat26102772/c?offset=48 (1/3)
2025-04-27 00:52:28,513 - ERROR - Error al acceder a https://www.carrefour.es/cloud-api/plp-food-papi/v1/supermercado/la-despensa/helados/polos/cat460006/c?offset=0: 500
2025-04-27 00:52:57,557 - ERROR - Error 403: Reintentando acceso a https://www.carrefour.es/cloud-api/plp-food-papi/v1/supermercado/la-despensa/lacteos/leche-condensada-evaporada-y-en-polvo/cat20094/c?offset=24 (1/3)
2025-04-27 00:54:40,235 - ERROR - Error al decodificar JSON de la respuesta en https://www.carrefour.es/cloud-api/plp-food-papi/v1/supermercado/productos-frescos/panaderia-tradicional/pdteborrar-pdteborrar-magdalenas-dulces-y-bollos/cat20161/c?offset=0
2025-04-27 00:54:40,444 - ERROR - Error al acceder a https://www.carrefour.es/cloud-api/plp-food-papi/v1/supermercado/la-despensa/helados/sandwiches/cat460005/c?offset=0: 500
2025-04-27 01:00:27,943 - ERROR - Error al acceder a https://www.carrefour.es/cloud-api/plp-food-papi/v1/supermercado/la-despensa/helados/bombon/cat460003/c?offset=0: 500
2025-04-27 01:01:31,550 - ERROR - Error al acceder a https://www.carrefour.es/cloud-api/plp-food-papi/v1/supermercado/la-despensa/helados/tarrinas/cat460007/c?offset=0: 500
2025-04-27 01:07:24,990 - ERROR - Error 403: Reintentando acceso a https://www.carrefour.es/cloud-api/plp-food-papi/v1/supermercado/bebidas/bodega/vinos-blancos/cat20199/c?offset=48 (1/3)
2025-04-27 01:07:58,319 - ERROR - Error al acceder a https://www.carrefour.es/cloud-api/plp-food-papi/v1/supermercado/la-despensa/helados/hielo/cat460011/c?offset=0: 500
