2025-05-27 00:43:24,586 - WARNING - Scrapeo iniciado.
2025-05-27 00:44:22,162 - ERROR - Error 403: Reintentando acceso a https://www.carrefour.es/cloud-api/plp-food-papi/v1/supermercado/la-despensa/panaderia-bolleria-y-pasteleria/bolleria/cat21319210/c?offset=120 (1/3)
2025-05-27 00:46:31,468 - ERROR - Error 403: Reintentando acceso a https://www.carrefour.es/cloud-api/plp-food-papi/v1/supermercado/bebidas/licores-y-cremas/anis-y-chinchon/cat20192/c?offset=24 (1/3)
2025-05-27 00:51:23,934 - ERROR - Error al acceder a https://www.carrefour.es/cloud-api/plp-food-papi/v1/supermercado/la-despensa/helados/frutas-heladas/cat460009/c?offset=0: 500
2025-05-27 00:51:49,706 - ERROR - Error al acceder a https://www.carrefour.es/cloud-api/plp-food-papi/v1/supermercado/la-despensa/helados/conos/cat460004/c?offset=0: 500
2025-05-27 00:52:17,514 - ERROR - Error 403: Reintentando acceso a https://www.carrefour.es/cloud-api/plp-food-papi/v1/supermercado/parafarmacia/cuidado-e-higiene-facial/cuidado-labial/cat20408/c?offset=0 (1/3)
2025-05-27 00:54:28,210 - ERROR - Error 403: Reintentando acceso a https://www.carrefour.es/cloud-api/plp-food-papi/v1/supermercado/productos-frescos/quesos/rallados/cat690002/c?offset=48 (1/3)
2025-05-27 00:56:04,996 - ERROR - Error 403: Reintentando acceso a https://www.carrefour.es/cloud-api/plp-food-papi/v1/supermercado/productos-frescos/quesos/tierno/cat20171/c?offset=72 (1/3)
2025-05-27 00:56:42,999 - ERROR - Error 403: Reintentando acceso a https://www.carrefour.es/cloud-api/plp-food-papi/v1/supermercado/limpieza-y-hogar/ambientadores/decorativos/cat20251/c?offset=0 (1/3)
2025-05-27 00:57:31,143 - ERROR - Error 403: Reintentando acceso a https://www.carrefour.es/cloud-api/plp-food-papi/v1/supermercado/productos-frescos/quesos/gouda-y-emmental/cat20175/c?offset=0 (1/3)
2025-05-27 01:00:48,724 - ERROR - Error al decodificar JSON de la respuesta en https://www.carrefour.es/cloud-api/plp-food-papi/v1/supermercado/productos-frescos/panaderia-tradicional/pdteborrar-pdteborrar-pdteborrar-pan-de-molde-tostado-y-picos/cat20163/c?offset=0
2025-05-27 01:02:07,381 - ERROR - Error al acceder a https://www.carrefour.es/cloud-api/plp-food-papi/v1/supermercado/la-despensa/helados/bloques/cat460002/c?offset=0: 500
2025-05-27 01:02:09,931 - ERROR - Error 403: Reintentando acceso a https://www.carrefour.es/cloud-api/plp-food-papi/v1/supermercado/limpieza-y-hogar/productos-para-cocina/aditivos-y-limpiamaquinas/cat20300/c?offset=24 (1/3)
2025-05-27 01:02:46,142 - ERROR - Error 403: Reintentando acceso a https://www.carrefour.es/cloud-api/plp-food-papi/v1/supermercado/productos-frescos/charcuteria/mortadela-y-chopped/cat370002/c?offset=48 (1/3)
2025-05-27 01:03:02,014 - ERROR - Error al decodificar JSON de la respuesta en https://www.carrefour.es/cloud-api/plp-food-papi/v1/supermercado/productos-frescos/panaderia-tradicional/pdteborrar-pdteborrar-masa-fresca-y-bases/cat20162/c?offset=0
2025-05-27 01:03:43,463 - ERROR - Error 403: Reintentando acceso a https://www.carrefour.es/cloud-api/plp-food-papi/v1/supermercado/limpieza-y-hogar/cuidado-de-la-ropa/detergentes/cat20303/c?offset=72 (1/3)
2025-05-27 01:03:56,262 - ERROR - Error 403: Reintentando acceso a https://www.carrefour.es/cloud-api/plp-food-papi/v1/supermercado/limpieza-y-hogar/cuidado-de-la-ropa/detergentes/cat20303/c?offset=144 (1/3)
2025-05-27 01:04:39,062 - ERROR - Error 403: Reintentando acceso a https://www.carrefour.es/cloud-api/plp-food-papi/v1/supermercado/la-despensa/aperitivos/frutos-secos/cat390003/c?offset=144 (1/3)
2025-05-27 01:05:05,358 - ERROR - Error al acceder a https://www.carrefour.es/cloud-api/plp-food-papi/v1/supermercado/la-despensa/helados/tartas-heladas/cat460010/c?offset=0: 500
2025-05-27 01:08:02,544 - ERROR - Error 403: Reintentando acceso a https://www.carrefour.es/cloud-api/plp-food-papi/v1/supermercado/productos-frescos/platos-preparados-cocinados/platos-de-carne-y-pescado/cat9434350/c?offset=48 (1/3)
2025-05-27 01:09:58,919 - ERROR - Error al acceder a https://www.carrefour.es/cloud-api/plp-food-papi/v1/supermercado/la-despensa/helados/polos/cat460006/c?offset=0: 500
2025-05-27 01:10:28,775 - ERROR - Error 403: Reintentando acceso a https://www.carrefour.es/cloud-api/plp-food-papi/v1/supermercado/parafarmacia/higiene-bucal/pasta-de-dientes/cat20421/c?offset=48 (1/3)
2025-05-27 01:10:33,483 - ERROR - Error 403: Reintentando acceso a https://www.carrefour.es/cloud-api/plp-food-papi/v1/supermercado/la-despensa/dulce-y-desayuno/galletas/cat20084/c?offset=0 (1/3)
2025-05-27 01:11:30,676 - ERROR - Error 403: Reintentando acceso a https://www.carrefour.es/cloud-api/plp-food-papi/v1/supermercado/perfumeria-e-higiene/cosmetica/unas/cat20230/c?offset=24 (1/3)
2025-05-27 01:11:36,668 - ERROR - Error 403: Reintentando acceso a https://www.carrefour.es/cloud-api/plp-food-papi/v1/supermercado/perfumeria-e-higiene/cuidado-y-proteccion-corporal/productos-para-viaje/cat20245/c?offset=24 (1/3)
2025-05-27 01:11:44,557 - ERROR - Error 403: Reintentando acceso a https://www.carrefour.es/cloud-api/plp-food-papi/v1/supermercado/productos-frescos/verduras-y-hortalizas/hierbas-aromaticas-y-especias/cat220023/c?offset=0 (1/3)
2025-05-27 01:12:07,370 - ERROR - Error al decodificar JSON de la respuesta en https://www.carrefour.es/cloud-api/plp-food-papi/v1/supermercado/productos-frescos/panaderia-tradicional/pdteborrar-pdteborrar-magdalenas-dulces-y-bollos/cat20161/c?offset=0
2025-05-27 01:12:07,690 - ERROR - Error al acceder a https://www.carrefour.es/cloud-api/plp-food-papi/v1/supermercado/la-despensa/helados/sandwiches/cat460005/c?offset=0: 500
2025-05-27 01:13:21,969 - ERROR - Error 403: Reintentando acceso a https://www.carrefour.es/cloud-api/plp-food-papi/v1/supermercado/bebidas/alcoholes/whisky-y-bourbon/cat20186/c?offset=72 (1/3)
2025-05-27 01:13:46,209 - ERROR - Error 403: Reintentando acceso a https://www.carrefour.es/cloud-api/plp-food-papi/v1/supermercado/la-despensa/desayuno/galletas/cat26102047/c?offset=144 (1/3)
2025-05-27 01:14:30,551 - ERROR - Error 403: Reintentando acceso a https://www.carrefour.es/cloud-api/plp-food-papi/v1/supermercado/bebidas/aguas-y-zumos/agua-de-075-a-2-litros/cat650004/c?offset=24 (1/3)
2025-05-27 01:15:27,086 - ERROR - Error 403: Reintentando acceso a https://www.carrefour.es/cloud-api/plp-food-papi/v1/supermercado/productos-frescos/pescaderia/surimi-y-elaborados/cat20123/c?offset=0 (1/3)
2025-05-27 01:16:33,334 - ERROR - Error 403: Reintentando acceso a https://www.carrefour.es/cloud-api/plp-food-papi/v1/supermercado/la-despensa/dulce/bombones-y-chocolates/cat26102512/c?offset=312 (1/3)
2025-05-27 01:16:39,666 - ERROR - Error 403: Reintentando acceso a https://www.carrefour.es/cloud-api/plp-food-papi/v1/supermercado/la-despensa/yogures-y-postres/natillas-cremas-y-copas/cat360011/c?offset=0 (1/3)
2025-05-27 01:17:10,727 - ERROR - Error al acceder a https://www.carrefour.es/cloud-api/plp-food-papi/v1/supermercado/bebidas/alcoholes/cockteles-y-combinados/cat20180/c?offset=0: 500
2025-05-27 01:17:34,762 - ERROR - Error al acceder a https://www.carrefour.es/cloud-api/plp-food-papi/v1/supermercado/bebe/alimentacion-infantil/galletas-y-snacks/cat21295306/c?offset=0: 500
2025-05-27 01:17:37,933 - ERROR - Error al acceder a https://www.carrefour.es/cloud-api/plp-food-papi/v1/supermercado/bebe/panales-y-toallitas/panales-dodot/cat20347/c?offset=24: 500
2025-05-27 01:17:40,355 - ERROR - Error al acceder a https://www.carrefour.es/cloud-api/plp-food-papi/v1/supermercado/limpieza-y-hogar/productos-para-toda-la-casa/suelos/cat20310/c?offset=0: 500
2025-05-27 01:17:44,488 - ERROR - Error al acceder a https://www.carrefour.es/cloud-api/plp-food-papi/v1/supermercado/limpieza-y-hogar/conservacion-de-alimentos/film-transparente/cat20275/c?offset=0: 500
2025-05-27 01:17:52,861 - ERROR - Error al acceder a https://www.carrefour.es/cloud-api/plp-food-papi/v1/supermercado/la-despensa/alimentacion/arroz-y-cous-cous/cat20068/c?offset=48: 404
2025-05-27 01:17:53,106 - ERROR - Error 403: Reintentando acceso a https://www.carrefour.es/cloud-api/plp-food-papi/v1/supermercado/bebe/puericultura/accesorios/cat400004/c?offset=0 (1/3)
2025-05-27 01:18:02,204 - ERROR - Error al acceder a https://www.carrefour.es/cloud-api/plp-food-papi/v1/supermercado/la-despensa/helados/bombon/cat460003/c?offset=0: 500
2025-05-27 01:18:05,276 - ERROR - Error al acceder a https://www.carrefour.es/cloud-api/plp-food-papi/v1/supermercado/perfumeria-e-higiene/cosmetica/accesorios-de-maquillaje-y-manicura-y-pedicura/cat20226/c?offset=0: 500
2025-05-27 01:18:08,145 - ERROR - Error al acceder a https://www.carrefour.es/cloud-api/plp-food-papi/v1/supermercado/limpieza-y-hogar/papel-y-celulosa/papel-cocina-y-multiusos/cat20319/c?offset=0: 500
2025-05-27 01:18:14,391 - ERROR - Error al acceder a https://www.carrefour.es/cloud-api/plp-food-papi/v1/supermercado/parafarmacia/higiene-bucal/colutorio/cat20419/c?offset=0: 500
2025-05-27 01:18:14,877 - ERROR - Error al acceder a https://www.carrefour.es/cloud-api/plp-food-papi/v1/supermercado/productos-frescos/charcuteria/fiambre-de-pavo-y-pollo/cat370001/c?offset=0: 404
2025-05-27 01:18:15,317 - ERROR - Error al decodificar JSON de la respuesta en https://www.carrefour.es/cloud-api/plp-food-papi/v1/supermercado/mascotas/conejos-y-roedores/pienso-para-conejos-y-rodeores/cat20368/c?offset=0
2025-05-27 01:18:15,598 - ERROR - Error al acceder a https://www.carrefour.es/cloud-api/plp-food-papi/v1/supermercado/perfumeria-e-higiene/cabello/cuidado-y-tratamientos-del-cabello/cat20223/c?offset=0: 404
2025-05-27 01:18:15,873 - ERROR - Error al acceder a https://www.carrefour.es/cloud-api/plp-food-papi/v1/supermercado/parafarmacia/cuidado-de-manos-y-pies/desodorante-pies/cat20415/c?offset=0: 404
2025-05-27 01:18:16,076 - ERROR - Error al acceder a https://www.carrefour.es/cloud-api/plp-food-papi/v1/supermercado/la-despensa/lacteos/batidos-y-horchatas/cat20089/c?offset=0: 404
2025-05-27 01:18:17,034 - ERROR - Error al acceder a https://www.carrefour.es/cloud-api/plp-food-papi/v1/supermercado/limpieza-y-hogar/productos-para-toda-la-casa/insecticidas/cat20311/c?offset=0: 500
2025-05-27 01:18:18,294 - ERROR - Error al acceder a https://www.carrefour.es/cloud-api/plp-food-papi/v1/supermercado/perfumeria-e-higiene/cosmetica/rostro/cat20229/c?offset=0: 500
2025-05-27 01:18:19,187 - ERROR - Error al decodificar JSON de la respuesta en https://www.carrefour.es/cloud-api/plp-food-papi/v1/supermercado/congelados/helados/barquillos/cat21449322/c?offset=0
2025-05-27 01:18:19,337 - ERROR - Error al acceder a https://www.carrefour.es/cloud-api/plp-food-papi/v1/supermercado/bebe/alimentacion-infantil/papillas/cat20335/c?offset=0: 404
2025-05-27 01:18:19,656 - ERROR - Error al decodificar JSON de la respuesta en https://www.carrefour.es/cloud-api/plp-food-papi/v1/supermercado/limpieza-y-hogar/bazar/herramientas/cat20265/c?offset=0
2025-05-27 01:18:20,118 - ERROR - Error al decodificar JSON de la respuesta en https://www.carrefour.es/cloud-api/plp-food-papi/v1/supermercado/parafarmacia/cuidado-corporal/cuidado-intimo/cat20401/c?offset=0
2025-05-27 01:18:33,386 - ERROR - Error 403: Reintentando acceso a https://www.carrefour.es/cloud-api/plp-food-papi/v1/supermercado/limpieza-y-hogar/papeleria/dibujo-artistico/cat260008/c?offset=0 (1/3)
2025-05-27 01:20:05,204 - ERROR - Error 403: Reintentando acceso a https://www.carrefour.es/cloud-api/plp-food-papi/v1/supermercado/perfumeria-e-higiene/depilacion-y-afeitado/after-shave/cat20237/c?offset=0 (1/3)
2025-05-27 01:20:08,750 - ERROR - Error 403: Reintentando acceso a https://www.carrefour.es/cloud-api/plp-food-papi/v1/supermercado/perfumeria-e-higiene/depilacion-y-afeitado/after-shave/cat20237/c?offset=0 (2/3)
2025-05-27 01:21:02,858 - ERROR - Error 403: Reintentando acceso a https://www.carrefour.es/cloud-api/plp-food-papi/v1/supermercado/limpieza-y-hogar/papeleria/boligrafos-y-correctores/cat260005/c?offset=0 (1/3)
2025-05-27 01:21:06,159 - ERROR - Error 403: Reintentando acceso a https://www.carrefour.es/cloud-api/plp-food-papi/v1/supermercado/limpieza-y-hogar/papeleria/boligrafos-y-correctores/cat260005/c?offset=0 (2/3)
2025-05-27 01:22:27,649 - ERROR - Error 403: Reintentando acceso a https://www.carrefour.es/cloud-api/plp-food-papi/v1/supermercado/bebidas/alcoholes/ron/cat20182/c?offset=0 (1/3)
2025-05-27 01:23:01,828 - ERROR - Error 403: Reintentando acceso a https://www.carrefour.es/cloud-api/plp-food-papi/v1/supermercado/la-despensa/conservas-sopas-y-precocinados/conservas-de-pescado-y-marisco/cat20111/c?offset=216 (1/3)
2025-05-27 01:24:32,176 - ERROR - Error 403: Reintentando acceso a https://www.carrefour.es/cloud-api/plp-food-papi/v1/supermercado/parafarmacia/cuidado-corporal/cremas-y-lociones/cat20400/c?offset=48 (1/3)
2025-05-27 01:24:41,167 - ERROR - Error 403: Reintentando acceso a https://www.carrefour.es/cloud-api/plp-food-papi/v1/supermercado/bebidas/bodega/vinos-blancos/cat20199/c?offset=48 (1/3)
2025-05-27 01:25:08,387 - ERROR - Error 403: Reintentando acceso a https://www.carrefour.es/cloud-api/plp-food-papi/v1/supermercado/bebidas/aguas-y-zumos/zumos-no-refrigerados/cat650009/c?offset=120 (1/3)
2025-05-27 01:25:14,038 - ERROR - Error al acceder a https://www.carrefour.es/cloud-api/plp-food-papi/v1/supermercado/la-despensa/helados/hielo/cat460011/c?offset=0: 500
2025-05-27 01:25:31,960 - ERROR - Error 403: Reintentando acceso a https://www.carrefour.es/cloud-api/plp-food-papi/v1/supermercado/bebidas/licores-y-cremas/licores-y-orujo/cat20195/c?offset=0 (1/3)
2025-05-27 01:26:51,312 - WARNING - Scrapeo terminado.
2025-05-27 01:26:51,467 - WARNING - Limpiando duplicados en output/productos_carrefour.csv, número de elementos duplicados: 11
2025-05-27 01:26:51,671 - WARNING - Limpiando duplicados en output/productos_carrefour.csv, número de elementos duplicados: 0
