2025-04-28 00:27:58,059 - WARNING - Scrapeo iniciado.
2025-04-28 00:28:00,290 - ERROR - Error 403: Reintentando acceso a https://www.carrefour.es/cloud-api/plp-food-papi/v1/supermercado/limpieza-y-hogar/utensilios-de-limpieza/fregonas/cat20329/c?offset=24 (1/3)
2025-04-28 00:28:03,150 - ERROR - Error 403: Reintentando acceso a https://www.carrefour.es/cloud-api/plp-food-papi/v1/supermercado/limpieza-y-hogar/utensilios-de-limpieza/fregonas/cat20329/c?offset=24 (2/3)
2025-04-28 00:28:09,508 - ERROR - Error 403: Reintentando acceso a https://www.carrefour.es/cloud-api/plp-food-papi/v1/supermercado/parafarmacia/botiquin/mascarillas/cat10650814/c?offset=24 (1/3)
2025-04-28 00:28:15,673 - ERROR - Error 403: Reintentando acceso a https://www.carrefour.es/cloud-api/plp-food-papi/v1/supermercado/la-despensa/alimentacion/harinas-y-levaduras/cat20070/c?offset=24 (1/3)
2025-04-28 00:28:26,186 - ERROR - Error 403: Reintentando acceso a https://www.carrefour.es/cloud-api/plp-food-papi/v1/supermercado/perfumeria-e-higiene/bano-e-higiene-corporal/sales-de-bano/cat20211/c?offset=24 (1/3)
2025-04-28 00:28:28,506 - ERROR - Error 403: Reintentando acceso a https://www.carrefour.es/cloud-api/plp-food-papi/v1/supermercado/perfumeria-e-higiene/bano-e-higiene-corporal/sales-de-bano/cat20211/c?offset=24 (2/3)
2025-04-28 00:28:33,480 - ERROR - Error 403: Reintentando acceso a https://www.carrefour.es/cloud-api/plp-food-papi/v1/supermercado/productos-frescos/frutas/sandias-y-melones/cat370013/c?offset=0 (1/3)
2025-04-28 00:28:39,832 - ERROR - Error 403: Reintentando acceso a https://www.carrefour.es/cloud-api/plp-food-papi/v1/supermercado/productos-frescos/frutas/sandias-y-melones/cat370013/c?offset=24 (1/3)
2025-04-28 00:28:42,924 - ERROR - Error 403: Reintentando acceso a https://www.carrefour.es/cloud-api/plp-food-papi/v1/supermercado/bebe/perfumeria-e-higiene/jabon-liquido/cat20343/c?offset=0 (1/3)
2025-04-28 00:28:45,531 - ERROR - Error 403: Reintentando acceso a https://www.carrefour.es/cloud-api/plp-food-papi/v1/supermercado/bebe/perfumeria-e-higiene/jabon-liquido/cat20343/c?offset=0 (2/3)
2025-04-28 00:28:47,939 - ERROR - Error 403: Reintentando acceso a https://www.carrefour.es/cloud-api/plp-food-papi/v1/supermercado/bebe/perfumeria-e-higiene/jabon-liquido/cat20343/c?offset=0 (3/3)
2025-04-28 00:28:51,544 - ERROR - Error 403 persistente: Acceso denegado a https://www.carrefour.es/cloud-api/plp-food-papi/v1/supermercado/bebe/perfumeria-e-higiene/jabon-liquido/cat20343/c?offset=0 tras 3 intentos
2025-04-28 00:28:57,275 - ERROR - Error 403: Reintentando acceso a https://www.carrefour.es/cloud-api/plp-food-papi/v1/supermercado/la-despensa/yogures-y-postres/bifidus/cat360002/c?offset=24 (1/3)
2025-04-28 00:29:09,061 - ERROR - Error 403: Reintentando acceso a https://www.carrefour.es/cloud-api/plp-food-papi/v1/supermercado/parafarmacia/nutricion-y-dietetica/control-de-peso/cat20427/c?offset=0 (1/3)
2025-04-28 00:29:20,929 - ERROR - Error 403: Reintentando acceso a https://www.carrefour.es/cloud-api/plp-food-papi/v1/supermercado/productos-frescos/pescaderia/ahumados-y-huevas/cat20121/c?offset=24 (1/3)
2025-04-28 00:29:26,070 - ERROR - Error 403: Reintentando acceso a https://www.carrefour.es/cloud-api/plp-food-papi/v1/supermercado/mascotas/conejos-y-roedores/accesorios-e-higiene/cat20367/c?offset=0 (1/3)
2025-04-28 00:29:32,878 - ERROR - Error 403: Reintentando acceso a https://www.carrefour.es/cloud-api/plp-food-papi/v1/supermercado/limpieza-y-hogar/papeleria/colorear/cat260006/c?offset=0 (1/3)
2025-04-28 00:29:38,653 - ERROR - Error 403: Reintentando acceso a https://www.carrefour.es/cloud-api/plp-food-papi/v1/supermercado/la-despensa/panaderia-bolleria-y-pasteleria/bolleria/cat21319210/c?offset=0 (1/3)
2025-04-28 00:29:42,269 - ERROR - Error 403: Reintentando acceso a https://www.carrefour.es/cloud-api/plp-food-papi/v1/supermercado/la-despensa/panaderia-bolleria-y-pasteleria/bolleria/cat21319210/c?offset=0 (2/3)
2025-04-28 00:30:06,000 - ERROR - Error 403: Reintentando acceso a https://www.carrefour.es/cloud-api/plp-food-papi/v1/supermercado/la-despensa/panaderia-bolleria-y-pasteleria/bolleria/cat21319210/c?offset=168 (1/3)
2025-04-28 00:30:11,197 - ERROR - Error 403: Reintentando acceso a https://www.carrefour.es/cloud-api/plp-food-papi/v1/supermercado/perfumeria-e-higiene/bienestar-sexual/preservativos/cat20214/c?offset=24 (1/3)
2025-04-28 00:30:14,855 - ERROR - Error 403: Reintentando acceso a https://www.carrefour.es/cloud-api/plp-food-papi/v1/supermercado/perfumeria-e-higiene/bienestar-sexual/preservativos/cat20214/c?offset=24 (2/3)
2025-04-28 00:30:21,228 - ERROR - Error 403: Reintentando acceso a https://www.carrefour.es/cloud-api/plp-food-papi/v1/supermercado/bebidas/sidra/todas-las-sidras/cat20197/c?offset=0 (1/3)
2025-04-28 00:30:40,015 - ERROR - Error 403: Reintentando acceso a https://www.carrefour.es/cloud-api/plp-food-papi/v1/supermercado/parafarmacia/cuidado-e-higiene-facial/cremas-faciales/cat20406/c?offset=72 (1/3)
2025-04-28 00:30:44,677 - ERROR - Error 403: Reintentando acceso a https://www.carrefour.es/cloud-api/plp-food-papi/v1/supermercado/la-despensa/yogures-y-postres/yogures-infantiles/cat360007/c?offset=0 (1/3)
2025-04-28 00:30:47,138 - ERROR - Error 403: Reintentando acceso a https://www.carrefour.es/cloud-api/plp-food-papi/v1/supermercado/la-despensa/yogures-y-postres/yogures-infantiles/cat360007/c?offset=0 (2/3)
2025-04-28 00:30:51,745 - ERROR - Error 403: Reintentando acceso a https://www.carrefour.es/cloud-api/plp-food-papi/v1/supermercado/la-despensa/yogures-y-postres/yogures-infantiles/cat360007/c?offset=0 (3/3)
2025-04-28 00:30:55,275 - ERROR - Error 403 persistente: Acceso denegado a https://www.carrefour.es/cloud-api/plp-food-papi/v1/supermercado/la-despensa/yogures-y-postres/yogures-infantiles/cat360007/c?offset=0 tras 3 intentos
2025-04-28 00:30:57,613 - ERROR - Error 403: Reintentando acceso a https://www.carrefour.es/cloud-api/plp-food-papi/v1/supermercado/productos-frescos/carniceria/embutidos-frescos/cat20152/c?offset=24 (1/3)
2025-04-28 00:31:18,780 - ERROR - Error 403: Reintentando acceso a https://www.carrefour.es/cloud-api/plp-food-papi/v1/supermercado/bebidas/bodega/vinos-tintos/cat20203/c?offset=0 (1/3)
2025-04-28 00:31:23,192 - ERROR - Error 403: Reintentando acceso a https://www.carrefour.es/cloud-api/plp-food-papi/v1/supermercado/bebidas/bodega/vinos-tintos/cat20203/c?offset=0 (2/3)
2025-04-28 00:31:34,121 - ERROR - Error 403: Reintentando acceso a https://www.carrefour.es/cloud-api/plp-food-papi/v1/supermercado/bebidas/bodega/vinos-tintos/cat20203/c?offset=96 (1/3)
2025-04-28 00:32:06,573 - ERROR - Error 403: Reintentando acceso a https://www.carrefour.es/cloud-api/plp-food-papi/v1/supermercado/la-despensa/desayuno/cafes/cat26102046/c?offset=96 (1/3)
2025-04-28 00:32:20,847 - ERROR - Error 403: Reintentando acceso a https://www.carrefour.es/cloud-api/plp-food-papi/v1/supermercado/la-despensa/desayuno/cafes/cat26102046/c?offset=168 (1/3)
2025-04-28 00:32:31,803 - ERROR - Error 403: Reintentando acceso a https://www.carrefour.es/cloud-api/plp-food-papi/v1/supermercado/la-despensa/desayuno/cafes/cat26102046/c?offset=240 (1/3)
2025-04-28 00:32:34,576 - ERROR - Error 403: Reintentando acceso a https://www.carrefour.es/cloud-api/plp-food-papi/v1/supermercado/la-despensa/desayuno/cafes/cat26102046/c?offset=240 (2/3)
2025-04-28 00:32:53,076 - ERROR - Error 403: Reintentando acceso a https://www.carrefour.es/cloud-api/plp-food-papi/v1/supermercado/la-despensa/yogures-y-postres/mousse/cat360015/c?offset=0 (1/3)
2025-04-28 00:33:01,811 - ERROR - Error 403: Reintentando acceso a https://www.carrefour.es/cloud-api/plp-food-papi/v1/supermercado/perfumeria-e-higiene/higiene-intima/toallitas-y-geles-intimos/cat20244/c?offset=24 (1/3)
2025-04-28 00:33:10,280 - ERROR - Error 403: Reintentando acceso a https://www.carrefour.es/cloud-api/plp-food-papi/v1/supermercado/la-despensa/yogures-y-postres/yogures-liquidos/cat360012/c?offset=24 (1/3)
2025-04-28 00:33:26,262 - ERROR - Error 403: Reintentando acceso a https://www.carrefour.es/cloud-api/plp-food-papi/v1/supermercado/parafarmacia/cuidado-corporal/jabones-y-geles/cat20403/c?offset=24 (1/3)
2025-04-28 00:33:48,066 - ERROR - Error 403: Reintentando acceso a https://www.carrefour.es/cloud-api/plp-food-papi/v1/supermercado/bebidas/refrescos/tonica/cat650014/c?offset=0 (1/3)
2025-04-28 00:33:55,352 - ERROR - Error 403: Reintentando acceso a https://www.carrefour.es/cloud-api/plp-food-papi/v1/supermercado/bebidas/refrescos/tonica/cat650014/c?offset=24 (1/3)
2025-04-28 00:34:08,828 - ERROR - Error 403: Reintentando acceso a https://www.carrefour.es/cloud-api/plp-food-papi/v1/supermercado/la-despensa/dulce/dulces-y-golosinas/cat26102706/c?offset=48 (1/3)
2025-04-28 00:34:11,370 - ERROR - Error 403: Reintentando acceso a https://www.carrefour.es/cloud-api/plp-food-papi/v1/supermercado/la-despensa/dulce/dulces-y-golosinas/cat26102706/c?offset=48 (2/3)
2025-04-28 00:35:00,476 - ERROR - Error 403: Reintentando acceso a https://www.carrefour.es/cloud-api/plp-food-papi/v1/supermercado/parafarmacia/nutricion-y-dietetica/complementos-vitaminicos/cat20426/c?offset=96 (1/3)
2025-04-28 00:35:16,846 - ERROR - Error 403: Reintentando acceso a https://www.carrefour.es/cloud-api/plp-food-papi/v1/supermercado/la-despensa/conservas-sopas-y-precocinados/pizzas/cat20115/c?offset=96 (1/3)
2025-04-28 00:35:21,801 - ERROR - Error 403: Reintentando acceso a https://www.carrefour.es/cloud-api/plp-food-papi/v1/supermercado/la-despensa/conservas-sopas-y-precocinados/pizzas/cat20115/c?offset=120 (1/3)
2025-04-28 00:35:35,284 - ERROR - Error 403: Reintentando acceso a https://www.carrefour.es/cloud-api/plp-food-papi/v1/supermercado/productos-frescos/charcuteria/salchichas/cat20143/c?offset=0 (1/3)
2025-04-28 00:36:08,794 - ERROR - Error 403: Reintentando acceso a https://www.carrefour.es/cloud-api/plp-food-papi/v1/supermercado/bebe/alimentacion-infantil/tarritos-y-platos-preparados/cat20338/c?offset=48 (1/3)
2025-04-28 00:36:22,590 - ERROR - Error 403: Reintentando acceso a https://www.carrefour.es/cloud-api/plp-food-papi/v1/supermercado/limpieza-y-hogar/productos-para-toda-la-casa/limpia-muebles/cat20313/c?offset=0 (1/3)
2025-04-28 00:36:33,256 - ERROR - Error 403: Reintentando acceso a https://www.carrefour.es/cloud-api/plp-food-papi/v1/supermercado/bebidas/cerveza/todas-las-cervezas/cat140001/c?offset=48 (1/3)
2025-04-28 00:36:46,574 - ERROR - Error 403: Reintentando acceso a https://www.carrefour.es/cloud-api/plp-food-papi/v1/supermercado/bebidas/cerveza/todas-las-cervezas/cat140001/c?offset=120 (1/3)
2025-04-28 00:36:53,830 - ERROR - Error 403: Reintentando acceso a https://www.carrefour.es/cloud-api/plp-food-papi/v1/supermercado/bebidas/cerveza/todas-las-cervezas/cat140001/c?offset=168 (1/3)
2025-04-28 00:36:57,204 - ERROR - Error 403: Reintentando acceso a https://www.carrefour.es/cloud-api/plp-food-papi/v1/supermercado/bebidas/cerveza/todas-las-cervezas/cat140001/c?offset=168 (2/3)
2025-04-28 00:37:37,284 - ERROR - Error 403: Reintentando acceso a https://www.carrefour.es/cloud-api/plp-food-papi/v1/supermercado/parafarmacia/bebe/embarazo-y-lactancia/cat20355/c?offset=24 (1/3)
2025-04-28 00:37:45,784 - ERROR - Error 403: Reintentando acceso a https://www.carrefour.es/cloud-api/plp-food-papi/v1/supermercado/perfumeria-e-higiene/bano-e-higiene-corporal/colonias/cat20205/c?offset=24 (1/3)
2025-04-28 00:37:55,079 - ERROR - Error 403: Reintentando acceso a https://www.carrefour.es/cloud-api/plp-food-papi/v1/supermercado/perfumeria-e-higiene/bano-e-higiene-corporal/colonias/cat20205/c?offset=72 (1/3)
2025-04-28 00:38:19,445 - ERROR - Error 403: Reintentando acceso a https://www.carrefour.es/cloud-api/plp-food-papi/v1/supermercado/bebe/perfumeria-e-higiene/acondicionador/cat20366/c?offset=0 (1/3)
2025-04-28 00:38:37,739 - ERROR - Error 403: Reintentando acceso a https://www.carrefour.es/cloud-api/plp-food-papi/v1/supermercado/parafarmacia/botiquin/lentillas-y-sueros/cat20391/c?offset=24 (1/3)
2025-04-28 00:38:40,133 - ERROR - Error 403: Reintentando acceso a https://www.carrefour.es/cloud-api/plp-food-papi/v1/supermercado/parafarmacia/botiquin/lentillas-y-sueros/cat20391/c?offset=24 (2/3)
2025-04-28 00:39:02,908 - ERROR - Error al acceder a https://www.carrefour.es/cloud-api/plp-food-papi/v1/supermercado/la-despensa/helados/frutas-heladas/cat460009/c?offset=0: 500
2025-04-28 00:39:14,727 - ERROR - Error 403: Reintentando acceso a https://www.carrefour.es/cloud-api/plp-food-papi/v1/supermercado/productos-frescos/verduras-y-hortalizas/hortalizas/cat220019/c?offset=0 (1/3)
2025-04-28 00:39:21,489 - ERROR - Error 403: Reintentando acceso a https://www.carrefour.es/cloud-api/plp-food-papi/v1/supermercado/productos-frescos/verduras-y-hortalizas/hortalizas/cat220019/c?offset=48 (1/3)
2025-04-28 00:39:36,741 - ERROR - Error al acceder a https://www.carrefour.es/cloud-api/plp-food-papi/v1/supermercado/la-despensa/helados/conos/cat460004/c?offset=0: 500
2025-04-28 00:39:36,865 - ERROR - Error 403: Reintentando acceso a https://www.carrefour.es/cloud-api/plp-food-papi/v1/supermercado/mascotas/gatos/pienso-para-gatos/cat20370/c?offset=0 (1/3)
2025-04-28 00:40:00,718 - ERROR - Error 403: Reintentando acceso a https://www.carrefour.es/cloud-api/plp-food-papi/v1/supermercado/productos-frescos/quesos/queso-fresco/cat20169/c?offset=72 (1/3)
2025-04-28 00:40:07,108 - ERROR - Error 403: Reintentando acceso a https://www.carrefour.es/cloud-api/plp-food-papi/v1/supermercado/productos-frescos/quesos/queso-fresco/cat20169/c?offset=96 (1/3)
2025-04-28 00:40:15,351 - ERROR - Error 403: Reintentando acceso a https://www.carrefour.es/cloud-api/plp-food-papi/v1/supermercado/limpieza-y-hogar/papeleria/folios-y-papeles-especiales/cat260010/c?offset=24 (1/3)
2025-04-28 00:40:18,546 - ERROR - Error 403: Reintentando acceso a https://www.carrefour.es/cloud-api/plp-food-papi/v1/supermercado/limpieza-y-hogar/papeleria/maquinaria-de-oficina/cat260013/c?offset=0 (1/3)
2025-04-28 00:40:48,941 - ERROR - Error 403: Reintentando acceso a https://www.carrefour.es/cloud-api/plp-food-papi/v1/supermercado/productos-frescos/carniceria/casqueria/cat710001/c?offset=0 (1/3)
2025-04-28 00:40:54,992 - ERROR - Error 403: Reintentando acceso a https://www.carrefour.es/cloud-api/plp-food-papi/v1/supermercado/perfumeria-e-higiene/depilacion-y-afeitado/maquinillas-y-recambios/cat20239/c?offset=0 (1/3)
2025-04-28 00:41:03,711 - ERROR - Error 403: Reintentando acceso a https://www.carrefour.es/cloud-api/plp-food-papi/v1/supermercado/perfumeria-e-higiene/depilacion-y-afeitado/maquinillas-y-recambios/cat20239/c?offset=48 (1/3)
2025-04-28 00:41:10,660 - ERROR - Error 403: Reintentando acceso a https://www.carrefour.es/cloud-api/plp-food-papi/v1/supermercado/perfumeria-e-higiene/depilacion-y-afeitado/maquinillas-y-recambios/cat20239/c?offset=72 (1/3)
2025-04-28 00:41:34,090 - ERROR - Error 403: Reintentando acceso a https://www.carrefour.es/cloud-api/plp-food-papi/v1/supermercado/la-despensa/alimentacion/pastas/cat20073/c?offset=72 (1/3)
2025-04-28 00:41:48,437 - ERROR - Error 403: Reintentando acceso a https://www.carrefour.es/cloud-api/plp-food-papi/v1/supermercado/la-despensa/alimentacion/pastas/cat20073/c?offset=192 (1/3)
2025-04-28 00:42:13,054 - ERROR - Error 403: Reintentando acceso a https://www.carrefour.es/cloud-api/plp-food-papi/v1/supermercado/perfumeria-e-higiene/cabello/tinte/cat20225/c?offset=168 (1/3)
2025-04-28 00:42:17,251 - ERROR - Error 403: Reintentando acceso a https://www.carrefour.es/cloud-api/plp-food-papi/v1/supermercado/perfumeria-e-higiene/cabello/tinte/cat20225/c?offset=168 (2/3)
2025-04-28 00:42:34,579 - ERROR - Error 403: Reintentando acceso a https://www.carrefour.es/cloud-api/plp-food-papi/v1/supermercado/bebidas/alcoholes/ginebra/cat20181/c?offset=0 (1/3)
2025-04-28 00:42:40,065 - ERROR - Error 403: Reintentando acceso a https://www.carrefour.es/cloud-api/plp-food-papi/v1/supermercado/bebidas/alcoholes/ginebra/cat20181/c?offset=24 (1/3)
2025-04-28 00:42:47,479 - ERROR - Error 403: Reintentando acceso a https://www.carrefour.es/cloud-api/plp-food-papi/v1/supermercado/bebidas/alcoholes/ginebra/cat20181/c?offset=48 (1/3)
2025-04-28 00:43:12,272 - ERROR - Error 403: Reintentando acceso a https://www.carrefour.es/cloud-api/plp-food-papi/v1/supermercado/productos-frescos/quesos/rallados/cat690002/c?offset=24 (1/3)
2025-04-28 00:43:41,712 - ERROR - Error 403: Reintentando acceso a https://www.carrefour.es/cloud-api/plp-food-papi/v1/supermercado/productos-frescos/quesos/todos-los-quesos/cat30004/c?offset=0 (1/3)
2025-04-28 00:44:19,146 - ERROR - Error 403: Reintentando acceso a https://www.carrefour.es/cloud-api/plp-food-papi/v1/supermercado/productos-frescos/quesos/todos-los-quesos/cat30004/c?offset=288 (1/3)
2025-04-28 00:45:07,516 - ERROR - Error 403: Reintentando acceso a https://www.carrefour.es/cloud-api/plp-food-papi/v1/supermercado/la-despensa/dulce/mermeladas-membrillos-y-compotas/cat26102558/c?offset=48 (1/3)
2025-04-28 00:45:34,672 - ERROR - Error 403: Reintentando acceso a https://www.carrefour.es/cloud-api/plp-food-papi/v1/supermercado/bebe/alimentacion-infantil/leches-infantiles/cat20334/c?offset=72 (1/3)
2025-04-28 00:45:39,622 - ERROR - Error 403: Reintentando acceso a https://www.carrefour.es/cloud-api/plp-food-papi/v1/supermercado/bebe/alimentacion-infantil/leches-infantiles/cat20334/c?offset=72 (2/3)
2025-04-28 00:45:43,278 - ERROR - Error 403: Reintentando acceso a https://www.carrefour.es/cloud-api/plp-food-papi/v1/supermercado/limpieza-y-hogar/menaje/accesorios-para-vino/cat20282/c?offset=0 (1/3)
2025-04-28 00:45:53,891 - ERROR - Error 403: Reintentando acceso a https://www.carrefour.es/cloud-api/plp-food-papi/v1/supermercado/productos-frescos/verduras-y-hortalizas/verduras-y-hortalizas-congeladas/cat220022/c?offset=0 (1/3)
2025-04-28 00:45:57,932 - ERROR - Error 403: Reintentando acceso a https://www.carrefour.es/cloud-api/plp-food-papi/v1/supermercado/la-despensa/lacteos/bebida-vegetal/cat20090/c?offset=0 (1/3)
2025-04-28 00:46:01,584 - ERROR - Error 403: Reintentando acceso a https://www.carrefour.es/cloud-api/plp-food-papi/v1/supermercado/la-despensa/lacteos/bebida-vegetal/cat20090/c?offset=0 (2/3)
2025-04-28 00:46:08,640 - ERROR - Error 403: Reintentando acceso a https://www.carrefour.es/cloud-api/plp-food-papi/v1/supermercado/la-despensa/lacteos/bebida-vegetal/cat20090/c?offset=48 (1/3)
2025-04-28 00:46:10,949 - ERROR - Error 403: Reintentando acceso a https://www.carrefour.es/cloud-api/plp-food-papi/v1/supermercado/la-despensa/lacteos/bebida-vegetal/cat20090/c?offset=48 (2/3)
2025-04-28 00:46:17,252 - ERROR - Error 403: Reintentando acceso a https://www.carrefour.es/cloud-api/plp-food-papi/v1/supermercado/bebidas/refrescos/colas/cat650010/c?offset=0 (1/3)
2025-04-28 00:46:44,264 - ERROR - Error 403: Reintentando acceso a https://www.carrefour.es/cloud-api/plp-food-papi/v1/supermercado/la-despensa/panaderia-bolleria-y-pasteleria/pan-de-molde/cat21618473/c?offset=96 (1/3)
2025-04-28 00:47:06,992 - ERROR - Error 403: Reintentando acceso a https://www.carrefour.es/cloud-api/plp-food-papi/v1/supermercado/bebidas/sidra/natural/cat370010/c?offset=0 (1/3)
2025-04-28 00:47:14,331 - ERROR - Error 403: Reintentando acceso a https://www.carrefour.es/cloud-api/plp-food-papi/v1/supermercado/productos-frescos/platos-preparados-cocinados/cocina-internacional/cat20133/c?offset=24 (1/3)
2025-04-28 00:47:23,312 - ERROR - Error 403: Reintentando acceso a https://www.carrefour.es/cloud-api/plp-food-papi/v1/supermercado/la-despensa/huevos/huevos-frescos/cat20178/c?offset=24 (1/3)
2025-04-28 00:47:38,367 - ERROR - Error 403: Reintentando acceso a https://www.carrefour.es/cloud-api/plp-food-papi/v1/supermercado/bebidas/cerveza/rubia/cat20189/c?offset=72 (1/3)
2025-04-28 00:47:45,032 - ERROR - Error 403: Reintentando acceso a https://www.carrefour.es/cloud-api/plp-food-papi/v1/supermercado/bebidas/cerveza/rubia/cat20189/c?offset=96 (1/3)
2025-04-28 00:47:50,686 - ERROR - Error 403: Reintentando acceso a https://www.carrefour.es/cloud-api/plp-food-papi/v1/supermercado/bebidas/cerveza/rubia/cat20189/c?offset=120 (1/3)
2025-04-28 00:48:00,048 - ERROR - Error 403: Reintentando acceso a https://www.carrefour.es/cloud-api/plp-food-papi/v1/supermercado/bebidas/cerveza/rubia/cat20189/c?offset=168 (1/3)
2025-04-28 00:48:02,790 - ERROR - Error 403: Reintentando acceso a https://www.carrefour.es/cloud-api/plp-food-papi/v1/supermercado/productos-frescos/charcuteria-y-quesos-al-corte/quesos-nacionales/cat510009/c?offset=0 (1/3)
2025-04-28 00:48:11,881 - ERROR - Error 403: Reintentando acceso a https://www.carrefour.es/cloud-api/plp-food-papi/v1/supermercado/la-despensa/conservas-sopas-y-precocinados/platos-preparados/cat20116/c?offset=0 (1/3)
2025-04-28 00:48:16,332 - ERROR - Error 403: Reintentando acceso a https://www.carrefour.es/cloud-api/plp-food-papi/v1/supermercado/la-despensa/conservas-sopas-y-precocinados/platos-preparados/cat20116/c?offset=0 (2/3)
2025-04-28 00:48:30,470 - ERROR - Error 403: Reintentando acceso a https://www.carrefour.es/cloud-api/plp-food-papi/v1/supermercado/la-despensa/conservas-sopas-y-precocinados/platos-preparados/cat20116/c?offset=96 (1/3)
2025-04-28 00:48:35,379 - ERROR - Error 403: Reintentando acceso a https://www.carrefour.es/cloud-api/plp-food-papi/v1/supermercado/la-despensa/conservas-sopas-y-precocinados/platos-preparados/cat20116/c?offset=96 (2/3)
2025-04-28 00:49:17,564 - ERROR - Error 403: Reintentando acceso a https://www.carrefour.es/cloud-api/plp-food-papi/v1/supermercado/limpieza-y-hogar/utensilios-de-limpieza/escobas-mopas-y-recogedores/cat20327/c?offset=48 (1/3)
2025-04-28 00:49:26,787 - ERROR - Error 403: Reintentando acceso a https://www.carrefour.es/cloud-api/plp-food-papi/v1/supermercado/bebe/embarazo-y-lactancia/discos-pezoneras-y-sacaleches/cat400008/c?offset=24 (1/3)
2025-04-28 00:49:40,422 - ERROR - Error 403: Reintentando acceso a https://www.carrefour.es/cloud-api/plp-food-papi/v1/supermercado/la-despensa/alimentacion/vino-de-cocinar/cat20077/c?offset=0 (1/3)
2025-04-28 00:49:43,061 - ERROR - Error 403: Reintentando acceso a https://www.carrefour.es/cloud-api/plp-food-papi/v1/supermercado/la-despensa/alimentacion/vino-de-cocinar/cat20077/c?offset=0 (2/3)
2025-04-28 00:49:53,083 - ERROR - Error 403: Reintentando acceso a https://www.carrefour.es/cloud-api/plp-food-papi/v1/supermercado/limpieza-y-hogar/papel-y-celulosa/papel-higienico/cat20320/c?offset=0 (1/3)
2025-04-28 00:49:59,162 - ERROR - Error 403: Reintentando acceso a https://www.carrefour.es/cloud-api/plp-food-papi/v1/supermercado/limpieza-y-hogar/papel-y-celulosa/papel-higienico/cat20320/c?offset=24 (1/3)
2025-04-28 00:50:04,369 - ERROR - Error 403: Reintentando acceso a https://www.carrefour.es/cloud-api/plp-food-papi/v1/supermercado/limpieza-y-hogar/papel-y-celulosa/papel-higienico/cat20320/c?offset=24 (2/3)
2025-04-28 00:50:18,818 - ERROR - Error 403: Reintentando acceso a https://www.carrefour.es/cloud-api/plp-food-papi/v1/supermercado/mascotas/perros/pienso-para-perros/cat20377/c?offset=48 (1/3)
2025-04-28 00:50:24,626 - ERROR - Error 403: Reintentando acceso a https://www.carrefour.es/cloud-api/plp-food-papi/v1/supermercado/mascotas/perros/pienso-para-perros/cat20377/c?offset=72 (1/3)
2025-04-28 00:50:30,306 - ERROR - Error 403: Reintentando acceso a https://www.carrefour.es/cloud-api/plp-food-papi/v1/supermercado/bebidas/bodega/vinos-internacionales/cat20204/c?offset=24 (1/3)
2025-04-28 00:50:33,699 - ERROR - Error 403: Reintentando acceso a https://www.carrefour.es/cloud-api/plp-food-papi/v1/supermercado/bebidas/bodega/vinos-internacionales/cat20204/c?offset=24 (2/3)
2025-04-28 00:50:41,556 - ERROR - Error 403: Reintentando acceso a https://www.carrefour.es/cloud-api/plp-food-papi/v1/supermercado/perfumeria-e-higiene/cuidado-y-proteccion-corporal/protectores-solares-y-after-sun/cat20235/c?offset=24 (1/3)
2025-04-28 00:50:50,191 - ERROR - Error 403: Reintentando acceso a https://www.carrefour.es/cloud-api/plp-food-papi/v1/supermercado/limpieza-y-hogar/productos-para-toda-la-casa/limpiacristales-y-multiusos/cat20317/c?offset=0 (1/3)
2025-04-28 00:50:58,188 - ERROR - Error 403: Reintentando acceso a https://www.carrefour.es/cloud-api/plp-food-papi/v1/supermercado/limpieza-y-hogar/productos-para-toda-la-casa/limpiacristales-y-multiusos/cat20317/c?offset=48 (1/3)
2025-04-28 00:51:03,360 - ERROR - Error 403: Reintentando acceso a https://www.carrefour.es/cloud-api/plp-food-papi/v1/supermercado/perfumeria-e-higiene/cuidado-y-proteccion-corporal/pies/cat20234/c?offset=0 (1/3)
2025-04-28 00:51:20,759 - ERROR - Error 403: Reintentando acceso a https://www.carrefour.es/cloud-api/plp-food-papi/v1/supermercado/congelados/helados/sandwiches/cat21449306/c?offset=24 (1/3)
2025-04-28 00:51:47,360 - ERROR - Error 403: Reintentando acceso a https://www.carrefour.es/cloud-api/plp-food-papi/v1/supermercado/productos-frescos/charcuteria/foie-pates-y-sobrasadas/cat20142/c?offset=72 (1/3)
2025-04-28 00:51:55,078 - ERROR - Error 403: Reintentando acceso a https://www.carrefour.es/cloud-api/plp-food-papi/v1/supermercado/la-despensa/dulce-y-desayuno/dulces-y-golosinas/cat20083/c?offset=0 (1/3)
2025-04-28 00:51:59,109 - ERROR - Error 403: Reintentando acceso a https://www.carrefour.es/cloud-api/plp-food-papi/v1/supermercado/perfumeria-e-higiene/bano-e-higiene-corporal/jabon-de-manos/cat20209/c?offset=0 (1/3)
2025-04-28 00:52:06,870 - ERROR - Error 403: Reintentando acceso a https://www.carrefour.es/cloud-api/plp-food-papi/v1/supermercado/perfumeria-e-higiene/bano-e-higiene-corporal/jabon-de-manos/cat20209/c?offset=24 (1/3)
2025-04-28 00:52:14,379 - ERROR - Error al decodificar JSON de la respuesta en https://www.carrefour.es/cloud-api/plp-food-papi/v1/supermercado/productos-frescos/panaderia-tradicional/pdteborrar-pdteborrar-pdteborrar-pan-de-molde-tostado-y-picos/cat20163/c?offset=0
2025-04-28 00:52:14,737 - ERROR - Error 403: Reintentando acceso a https://www.carrefour.es/cloud-api/plp-food-papi/v1/supermercado/la-despensa/lacteos/bechamel/cat20091/c?offset=0 (1/3)
2025-04-28 00:52:21,282 - ERROR - Error 403: Reintentando acceso a https://www.carrefour.es/cloud-api/plp-food-papi/v1/supermercado/la-despensa/lacteos/bechamel/cat20091/c?offset=24 (1/3)
2025-04-28 00:52:26,539 - ERROR - Error 403: Reintentando acceso a https://www.carrefour.es/cloud-api/plp-food-papi/v1/supermercado/bebidas/licores-y-cremas/todos-los-licores-y-cremas/cat30003/c?offset=0 (1/3)
2025-04-28 00:52:44,648 - ERROR - Error 403: Reintentando acceso a https://www.carrefour.es/cloud-api/plp-food-papi/v1/supermercado/la-despensa/desayuno/barritas/cat26101207/c?offset=96 (1/3)
2025-04-28 00:52:51,606 - ERROR - Error 403: Reintentando acceso a https://www.carrefour.es/cloud-api/plp-food-papi/v1/supermercado/mascotas/pajaros/pienso-para-pajaros/cat20374/c?offset=24 (1/3)
2025-04-28 00:53:27,351 - ERROR - Error 403: Reintentando acceso a https://www.carrefour.es/cloud-api/plp-food-papi/v1/supermercado/bebidas/refrescos/sabores-con-gas/cat650011/c?offset=96 (1/3)
2025-04-28 00:53:31,880 - ERROR - Error 403: Reintentando acceso a https://www.carrefour.es/cloud-api/plp-food-papi/v1/supermercado/perfumeria-e-higiene/cabello/fijadores/cat20224/c?offset=0 (1/3)
2025-04-28 00:53:40,616 - ERROR - Error 403: Reintentando acceso a https://www.carrefour.es/cloud-api/plp-food-papi/v1/supermercado/perfumeria-e-higiene/cabello/fijadores/cat20224/c?offset=48 (1/3)
2025-04-28 00:53:44,058 - ERROR - Error 403: Reintentando acceso a https://www.carrefour.es/cloud-api/plp-food-papi/v1/supermercado/parafarmacia/nutricion-y-dietetica/tratamientos-naturales/cat20428/c?offset=0 (1/3)
2025-04-28 00:53:49,425 - ERROR - Error 403: Reintentando acceso a https://www.carrefour.es/cloud-api/plp-food-papi/v1/supermercado/parafarmacia/nutricion-y-dietetica/tratamientos-naturales/cat20428/c?offset=24 (1/3)
2025-04-28 00:54:13,509 - ERROR - Error al acceder a https://www.carrefour.es/cloud-api/plp-food-papi/v1/supermercado/la-despensa/helados/bloques/cat460002/c?offset=0: 500
2025-04-28 00:54:13,648 - ERROR - Error 403: Reintentando acceso a https://www.carrefour.es/cloud-api/plp-food-papi/v1/supermercado/limpieza-y-hogar/productos-para-cocina/aditivos-y-limpiamaquinas/cat20300/c?offset=0 (1/3)
2025-04-28 00:54:20,170 - ERROR - Error 403: Reintentando acceso a https://www.carrefour.es/cloud-api/plp-food-papi/v1/supermercado/limpieza-y-hogar/productos-para-cocina/aditivos-y-limpiamaquinas/cat20300/c?offset=24 (1/3)
2025-04-28 00:54:26,581 - ERROR - Error 403: Reintentando acceso a https://www.carrefour.es/cloud-api/plp-food-papi/v1/supermercado/la-despensa/dulce-y-desayuno/siropes-aromas-y-decoracion/cat20088/c?offset=0 (1/3)
2025-04-28 00:54:32,233 - ERROR - Error 403: Reintentando acceso a https://www.carrefour.es/cloud-api/plp-food-papi/v1/supermercado/bebidas/sidra/sin-alcohol/cat370012/c?offset=24 (1/3)
2025-04-28 00:54:40,991 - ERROR - Error 403: Reintentando acceso a https://www.carrefour.es/cloud-api/plp-food-papi/v1/supermercado/perfumeria-e-higiene/higiene-intima/tampones/cat20243/c?offset=0 (1/3)
2025-04-28 00:55:02,973 - ERROR - Error 403: Reintentando acceso a https://www.carrefour.es/cloud-api/plp-food-papi/v1/supermercado/limpieza-y-hogar/utensilios-de-limpieza/cubos-de-fregar-y-barrenos/cat20326/c?offset=24 (1/3)
2025-04-28 00:55:09,030 - ERROR - Error 403: Reintentando acceso a https://www.carrefour.es/cloud-api/plp-food-papi/v1/supermercado/productos-frescos/charcuteria/mortadela-y-chopped/cat370002/c?offset=24 (1/3)
2025-04-28 00:55:11,483 - ERROR - Error 403: Reintentando acceso a https://www.carrefour.es/cloud-api/plp-food-papi/v1/supermercado/productos-frescos/charcuteria/mortadela-y-chopped/cat370002/c?offset=24 (2/3)
2025-04-28 00:55:16,357 - ERROR - Error 403: Reintentando acceso a https://www.carrefour.es/cloud-api/plp-food-papi/v1/supermercado/productos-frescos/charcuteria/mortadela-y-chopped/cat370002/c?offset=48 (1/3)
2025-04-28 00:55:28,719 - ERROR - Error 403: Reintentando acceso a https://www.carrefour.es/cloud-api/plp-food-papi/v1/supermercado/la-despensa/dulce/siropes-aromas-y-decoracion/cat26102820/c?offset=24 (1/3)
2025-04-28 00:55:35,775 - ERROR - Error 403: Reintentando acceso a https://www.carrefour.es/cloud-api/plp-food-papi/v1/supermercado/la-despensa/huevos/claras-de-huevo/cat700001/c?offset=0 (1/3)
2025-04-28 00:55:41,869 - ERROR - Error 403: Reintentando acceso a https://www.carrefour.es/cloud-api/plp-food-papi/v1/supermercado/la-despensa/dulce-y-desayuno/azucar-y-edulcorantes/cat20078/c?offset=0 (1/3)
2025-04-28 00:55:47,226 - ERROR - Error al decodificar JSON de la respuesta en https://www.carrefour.es/cloud-api/plp-food-papi/v1/supermercado/productos-frescos/panaderia-tradicional/pdteborrar-pdteborrar-masa-fresca-y-bases/cat20162/c?offset=0
2025-04-28 00:55:55,224 - ERROR - Error 403: Reintentando acceso a https://www.carrefour.es/cloud-api/plp-food-papi/v1/supermercado/limpieza-y-hogar/calzado/plantillas-de-calzado/cat20273/c?offset=0 (1/3)
2025-04-28 00:55:59,462 - ERROR - Error 403: Reintentando acceso a https://www.carrefour.es/cloud-api/plp-food-papi/v1/supermercado/limpieza-y-hogar/calzado/plantillas-de-calzado/cat20273/c?offset=0 (2/3)
2025-04-28 00:56:01,957 - ERROR - Error 403: Reintentando acceso a https://www.carrefour.es/cloud-api/plp-food-papi/v1/supermercado/limpieza-y-hogar/calzado/plantillas-de-calzado/cat20273/c?offset=0 (3/3)
2025-04-28 00:56:04,582 - ERROR - Error 403 persistente: Acceso denegado a https://www.carrefour.es/cloud-api/plp-food-papi/v1/supermercado/limpieza-y-hogar/calzado/plantillas-de-calzado/cat20273/c?offset=0 tras 3 intentos
2025-04-28 00:56:04,741 - ERROR - Error 403: Reintentando acceso a https://www.carrefour.es/cloud-api/plp-food-papi/v1/supermercado/limpieza-y-hogar/calzado/limpiador-liquido/cat20272/c?offset=0 (1/3)
2025-04-28 00:56:27,512 - ERROR - Error 403: Reintentando acceso a https://www.carrefour.es/cloud-api/plp-food-papi/v1/supermercado/la-despensa/cestas-y-lotes/estuches-de-vino-y-cava/cat340004/c?offset=0 (1/3)
2025-04-28 00:56:40,662 - ERROR - Error 403: Reintentando acceso a https://www.carrefour.es/cloud-api/plp-food-papi/v1/supermercado/limpieza-y-hogar/cuidado-de-la-ropa/detergentes/cat20303/c?offset=96 (1/3)
2025-04-28 00:57:12,770 - ERROR - Error 403: Reintentando acceso a https://www.carrefour.es/cloud-api/plp-food-papi/v1/supermercado/la-despensa/desayuno/cereales/cat26100678/c?offset=120 (1/3)
2025-04-28 00:57:17,697 - ERROR - Error 403: Reintentando acceso a https://www.carrefour.es/cloud-api/plp-food-papi/v1/supermercado/la-despensa/desayuno/cereales/cat26100678/c?offset=144 (1/3)
2025-04-28 00:57:46,742 - ERROR - Error 403: Reintentando acceso a https://www.carrefour.es/cloud-api/plp-food-papi/v1/supermercado/la-despensa/aperitivos/frutos-secos/cat390003/c?offset=168 (1/3)
2025-04-28 00:57:54,541 - ERROR - Error 403: Reintentando acceso a https://www.carrefour.es/cloud-api/plp-food-papi/v1/supermercado/limpieza-y-hogar/menaje/ollas-cazos-y-accesorios/cat20287/c?offset=0 (1/3)
2025-04-28 00:58:16,027 - ERROR - Error al acceder a https://www.carrefour.es/cloud-api/plp-food-papi/v1/supermercado/la-despensa/helados/tartas-heladas/cat460010/c?offset=0: 500
2025-04-28 00:58:16,081 - ERROR - Error 403: Reintentando acceso a https://www.carrefour.es/cloud-api/plp-food-papi/v1/supermercado/la-despensa/lacteos/leche/cat20093/c?offset=0 (1/3)
2025-04-28 00:58:20,942 - ERROR - Error 403: Reintentando acceso a https://www.carrefour.es/cloud-api/plp-food-papi/v1/supermercado/la-despensa/lacteos/leche/cat20093/c?offset=0 (2/3)
2025-04-28 00:58:39,289 - ERROR - Error 403: Reintentando acceso a https://www.carrefour.es/cloud-api/plp-food-papi/v1/supermercado/mascotas/peces-y-tortugas/tortugas/cat80003/c?offset=0 (1/3)
2025-04-28 00:59:02,160 - ERROR - Error 403: Reintentando acceso a https://www.carrefour.es/cloud-api/plp-food-papi/v1/supermercado/limpieza-y-hogar/utensilios-de-limpieza/bolsas-de-basura/cat20324/c?offset=24 (1/3)
2025-04-28 00:59:10,010 - ERROR - Error 403: Reintentando acceso a https://www.carrefour.es/cloud-api/plp-food-papi/v1/supermercado/limpieza-y-hogar/bazar/barbacoas-y-accesorios/cat20283/c?offset=0 (1/3)
2025-04-28 00:59:17,811 - ERROR - Error 403: Reintentando acceso a https://www.carrefour.es/cloud-api/plp-food-papi/v1/supermercado/productos-frescos/carniceria/hamburguesas/cat20154/c?offset=0 (1/3)
2025-04-28 00:59:27,549 - ERROR - Error 403: Reintentando acceso a https://www.carrefour.es/cloud-api/plp-food-papi/v1/supermercado/perfumeria-e-higiene/depilacion-y-afeitado/afeitado/cat20236/c?offset=0 (1/3)
2025-04-28 00:59:47,630 - ERROR - Error 403: Reintentando acceso a https://www.carrefour.es/cloud-api/plp-food-papi/v1/supermercado/la-despensa/aperitivos/patatas-fritas/cat20072/c?offset=0 (1/3)
2025-04-28 01:00:41,108 - ERROR - Error 403: Reintentando acceso a https://www.carrefour.es/cloud-api/plp-food-papi/v1/supermercado/la-despensa/alimentacion/salsas-y-tomate-frito/cat20076/c?offset=240 (1/3)
2025-04-28 01:00:54,745 - ERROR - Error 403: Reintentando acceso a https://www.carrefour.es/cloud-api/plp-food-papi/v1/supermercado/parafarmacia/cabello/champus-anticaida/cat20397/c?offset=24 (1/3)
2025-04-28 01:01:07,440 - ERROR - Error 403: Reintentando acceso a https://www.carrefour.es/cloud-api/plp-food-papi/v1/supermercado/bebidas/cava-y-champagne/cavas/cat370006/c?offset=0 (1/3)
2025-04-28 01:01:11,333 - ERROR - Error 403: Reintentando acceso a https://www.carrefour.es/cloud-api/plp-food-papi/v1/supermercado/bebidas/cava-y-champagne/cavas/cat370006/c?offset=0 (2/3)
2025-04-28 01:02:11,169 - ERROR - Error 403: Reintentando acceso a https://www.carrefour.es/cloud-api/plp-food-papi/v1/supermercado/la-despensa/dulce/reposteria/cat26102772/c?offset=48 (1/3)
2025-04-28 01:02:40,152 - ERROR - Error 403: Reintentando acceso a https://www.carrefour.es/cloud-api/plp-food-papi/v1/supermercado/la-despensa/panaderia-bolleria-y-pasteleria/pan-perrito-y-burguer/cat21623839/c?offset=48 (1/3)
2025-04-28 01:03:06,246 - ERROR - Error 403: Reintentando acceso a https://www.carrefour.es/cloud-api/plp-food-papi/v1/supermercado/la-despensa/conservas-sopas-y-precocinados/conservas-de-frutas/cat20110/c?offset=0 (1/3)
2025-04-28 01:03:43,238 - ERROR - Error 403: Reintentando acceso a https://www.carrefour.es/cloud-api/plp-food-papi/v1/supermercado/perfumeria-e-higiene/bienestar-sexual/estimuladores/cat20212/c?offset=24 (1/3)
2025-04-28 01:03:45,514 - ERROR - Error 403: Reintentando acceso a https://www.carrefour.es/cloud-api/plp-food-papi/v1/supermercado/congelados/helados/tartas-heladas/cat21449319/c?offset=0 (1/3)
2025-04-28 01:03:51,305 - ERROR - Error 403: Reintentando acceso a https://www.carrefour.es/cloud-api/plp-food-papi/v1/supermercado/bebidas/alcoholes/brandy-y-conac/cat20179/c?offset=0 (1/3)
2025-04-28 01:03:58,921 - ERROR - Error 403: Reintentando acceso a https://www.carrefour.es/cloud-api/plp-food-papi/v1/supermercado/parafarmacia/botiquin/alivio-del-dolor/cat20387/c?offset=24 (1/3)
2025-04-28 01:04:03,884 - ERROR - Error 403: Reintentando acceso a https://www.carrefour.es/cloud-api/plp-food-papi/v1/supermercado/parafarmacia/botiquin/alivio-del-dolor/cat20387/c?offset=24 (2/3)
2025-04-28 01:04:15,540 - ERROR - Error al acceder a https://www.carrefour.es/cloud-api/plp-food-papi/v1/supermercado/la-despensa/helados/polos/cat460006/c?offset=0: 500
2025-04-28 01:04:22,508 - ERROR - Error 403: Reintentando acceso a https://www.carrefour.es/cloud-api/plp-food-papi/v1/supermercado/perfumeria-e-higiene/cabello/champus/cat20222/c?offset=48 (1/3)
2025-04-28 01:05:05,024 - ERROR - Error 403: Reintentando acceso a https://www.carrefour.es/cloud-api/plp-food-papi/v1/supermercado/parafarmacia/cuidado-e-higiene-facial/tonicos-y-lociones/cat20412/c?offset=24 (1/3)
2025-04-28 01:05:17,714 - ERROR - Error 403: Reintentando acceso a https://www.carrefour.es/cloud-api/plp-food-papi/v1/supermercado/mascotas/perros/comederos/cat80004/c?offset=24 (1/3)
2025-04-28 01:05:27,991 - ERROR - Error 403: Reintentando acceso a https://www.carrefour.es/cloud-api/plp-food-papi/v1/supermercado/productos-frescos/panaderia-tradicional/bolleria-tradicional/cat170026/c?offset=48 (1/3)
2025-04-28 01:06:01,351 - ERROR - Error 403: Reintentando acceso a https://www.carrefour.es/cloud-api/plp-food-papi/v1/supermercado/la-despensa/panaderia-bolleria-y-pasteleria/pasteleria/cat21618505/c?offset=24 (1/3)
2025-04-28 01:06:23,099 - ERROR - Error 403: Reintentando acceso a https://www.carrefour.es/cloud-api/plp-food-papi/v1/supermercado/productos-frescos/verduras-y-hortalizas/hierbas-aromaticas-y-especias/cat220023/c?offset=0 (1/3)
2025-04-28 01:06:37,482 - ERROR - Error 403: Reintentando acceso a https://www.carrefour.es/cloud-api/plp-food-papi/v1/supermercado/limpieza-y-hogar/productos-para-bano/desatascadores-y-limpia-tuberias/cat310001/c?offset=0 (1/3)
2025-04-28 01:06:40,598 - ERROR - Error 403: Reintentando acceso a https://www.carrefour.es/cloud-api/plp-food-papi/v1/supermercado/limpieza-y-hogar/productos-para-bano/desatascadores-y-limpia-tuberias/cat310001/c?offset=0 (2/3)
2025-04-28 01:06:53,451 - ERROR - Error al decodificar JSON de la respuesta en https://www.carrefour.es/cloud-api/plp-food-papi/v1/supermercado/productos-frescos/panaderia-tradicional/pdteborrar-pdteborrar-magdalenas-dulces-y-bollos/cat20161/c?offset=0
2025-04-28 01:06:53,853 - ERROR - Error al acceder a https://www.carrefour.es/cloud-api/plp-food-papi/v1/supermercado/la-despensa/helados/sandwiches/cat460005/c?offset=0: 500
2025-04-28 01:06:56,256 - ERROR - Error 403: Reintentando acceso a https://www.carrefour.es/cloud-api/plp-food-papi/v1/supermercado/bebe/alimentacion-infantil/postres-zumos-petit-y-yogures-infantiles/cat20337/c?offset=24 (1/3)
2025-04-28 01:07:05,732 - ERROR - Error 403: Reintentando acceso a https://www.carrefour.es/cloud-api/plp-food-papi/v1/supermercado/bebe/alimentacion-infantil/postres-zumos-petit-y-yogures-infantiles/cat20337/c?offset=72 (1/3)
2025-04-28 01:07:22,324 - ERROR - Error 403: Reintentando acceso a https://www.carrefour.es/cloud-api/plp-food-papi/v1/supermercado/bebidas/alcoholes/sin-alcohol/cat610002/c?offset=24 (1/3)
2025-04-28 01:07:26,225 - ERROR - Error 403: Reintentando acceso a https://www.carrefour.es/cloud-api/plp-food-papi/v1/supermercado/bebidas/alcoholes/sin-alcohol/cat610002/c?offset=24 (2/3)
2025-04-28 01:07:38,279 - ERROR - Error 403: Reintentando acceso a https://www.carrefour.es/cloud-api/plp-food-papi/v1/supermercado/la-despensa/desayuno/infusiones-y-tes/cat26102052/c?offset=72 (1/3)
2025-04-28 01:07:49,693 - ERROR - Error 403: Reintentando acceso a https://www.carrefour.es/cloud-api/plp-food-papi/v1/supermercado/la-despensa/desayuno/infusiones-y-tes/cat26102052/c?offset=144 (1/3)
2025-04-28 01:07:54,700 - ERROR - Error 403: Reintentando acceso a https://www.carrefour.es/cloud-api/plp-food-papi/v1/supermercado/la-despensa/desayuno/infusiones-y-tes/cat26102052/c?offset=144 (2/3)
2025-04-28 01:07:57,654 - ERROR - Error 403: Reintentando acceso a https://www.carrefour.es/cloud-api/plp-food-papi/v1/supermercado/la-despensa/desayuno/infusiones-y-tes/cat26102052/c?offset=144 (3/3)
2025-04-28 01:08:02,153 - ERROR - Error 403 persistente: Acceso denegado a https://www.carrefour.es/cloud-api/plp-food-papi/v1/supermercado/la-despensa/desayuno/infusiones-y-tes/cat26102052/c?offset=144 tras 3 intentos
2025-04-28 01:08:06,770 - ERROR - Error 403: Reintentando acceso a https://www.carrefour.es/cloud-api/plp-food-papi/v1/supermercado/congelados/helados/tarrinas/cat21449289/c?offset=48 (1/3)
2025-04-28 01:08:10,428 - ERROR - Error 403: Reintentando acceso a https://www.carrefour.es/cloud-api/plp-food-papi/v1/supermercado/congelados/helados/tarrinas/cat21449289/c?offset=48 (2/3)
2025-04-28 01:08:14,851 - ERROR - Error 403: Reintentando acceso a https://www.carrefour.es/cloud-api/plp-food-papi/v1/supermercado/congelados/helados/tarrinas/cat21449289/c?offset=48 (3/3)
2025-04-28 01:08:17,968 - ERROR - Error 403 persistente: Acceso denegado a https://www.carrefour.es/cloud-api/plp-food-papi/v1/supermercado/congelados/helados/tarrinas/cat21449289/c?offset=48 tras 3 intentos
2025-04-28 01:08:27,141 - ERROR - Error 403: Reintentando acceso a https://www.carrefour.es/cloud-api/plp-food-papi/v1/supermercado/perfumeria-e-higiene/cuidado-y-proteccion-corporal/limpieza-facial/cat20231/c?offset=24 (1/3)
2025-04-28 01:08:34,729 - ERROR - Error 403: Reintentando acceso a https://www.carrefour.es/cloud-api/plp-food-papi/v1/supermercado/perfumeria-e-higiene/cuidado-y-proteccion-corporal/limpieza-facial/cat20231/c?offset=72 (1/3)
2025-04-28 01:09:14,552 - ERROR - Error 403: Reintentando acceso a https://www.carrefour.es/cloud-api/plp-food-papi/v1/supermercado/la-despensa/desayuno/galletas/cat26102047/c?offset=168 (1/3)
2025-04-28 01:09:18,265 - ERROR - Error 403: Reintentando acceso a https://www.carrefour.es/cloud-api/plp-food-papi/v1/supermercado/la-despensa/desayuno/galletas/cat26102047/c?offset=168 (2/3)
2025-04-28 01:10:00,073 - ERROR - Error 403: Reintentando acceso a https://www.carrefour.es/cloud-api/plp-food-papi/v1/supermercado/congelados/helados/frutas-heladas/cat21449310/c?offset=24 (1/3)
2025-04-28 01:10:08,444 - ERROR - Error 403: Reintentando acceso a https://www.carrefour.es/cloud-api/plp-food-papi/v1/supermercado/bebidas/aguas-y-zumos/agua-de-075-a-2-litros/cat650004/c?offset=24 (1/3)
2025-04-28 01:10:17,144 - ERROR - Error 403: Reintentando acceso a https://www.carrefour.es/cloud-api/plp-food-papi/v1/supermercado/perfumeria-e-higiene/depilacion-y-afeitado/depilacion/cat20238/c?offset=24 (1/3)
2025-04-28 01:10:21,505 - ERROR - Error 403: Reintentando acceso a https://www.carrefour.es/cloud-api/plp-food-papi/v1/supermercado/bebidas/cerveza/tostada-roja/cat20190/c?offset=0 (1/3)
2025-04-28 01:10:26,870 - ERROR - Error 403: Reintentando acceso a https://www.carrefour.es/cloud-api/plp-food-papi/v1/supermercado/bebidas/cerveza/tostada-roja/cat20190/c?offset=24 (1/3)
2025-04-28 01:10:53,332 - ERROR - Error 403: Reintentando acceso a https://www.carrefour.es/cloud-api/plp-food-papi/v1/supermercado/congelados/helados/bombon-helado/cat21449294/c?offset=72 (1/3)
2025-04-28 01:10:59,523 - ERROR - Error 403: Reintentando acceso a https://www.carrefour.es/cloud-api/plp-food-papi/v1/supermercado/perfumeria-e-higiene/cabello/cepillos-peines-y-accesorios/cat20221/c?offset=0 (1/3)
2025-04-28 01:11:10,368 - ERROR - Error 403: Reintentando acceso a https://www.carrefour.es/cloud-api/plp-food-papi/v1/supermercado/bebe/perfumeria-e-higiene/protectores-solares/cat20365/c?offset=0 (1/3)
2025-04-28 01:11:17,911 - ERROR - Error 403: Reintentando acceso a https://www.carrefour.es/cloud-api/plp-food-papi/v1/supermercado/perfumeria-e-higiene/cabello/acondicionadores/cat20220/c?offset=0 (1/3)
2025-04-28 01:11:32,923 - ERROR - Error 403: Reintentando acceso a https://www.carrefour.es/cloud-api/plp-food-papi/v1/supermercado/productos-frescos/frutas/platanos-y-bananas/cat220011/c?offset=0 (1/3)
2025-04-28 01:11:41,257 - ERROR - Error 403: Reintentando acceso a https://www.carrefour.es/cloud-api/plp-food-papi/v1/supermercado/bebidas/bodega/vinos-generosos-y-dulces/cat20200/c?offset=24 (1/3)
2025-04-28 01:11:57,703 - ERROR - Error 403: Reintentando acceso a https://www.carrefour.es/cloud-api/plp-food-papi/v1/supermercado/la-despensa/alimentacion/nutricion-deportiva/cat70006/c?offset=48 (1/3)
2025-04-28 01:12:05,078 - ERROR - Error 403: Reintentando acceso a https://www.carrefour.es/cloud-api/plp-food-papi/v1/supermercado/la-despensa/dulce/bombones-y-chocolates/cat26102512/c?offset=24 (1/3)
2025-04-28 01:12:13,370 - ERROR - Error 403: Reintentando acceso a https://www.carrefour.es/cloud-api/plp-food-papi/v1/supermercado/la-despensa/dulce/bombones-y-chocolates/cat26102512/c?offset=72 (1/3)
2025-04-28 01:12:36,368 - ERROR - Error 403: Reintentando acceso a https://www.carrefour.es/cloud-api/plp-food-papi/v1/supermercado/la-despensa/dulce/bombones-y-chocolates/cat26102512/c?offset=216 (1/3)
2025-04-28 01:13:14,230 - ERROR - Error 403: Reintentando acceso a https://www.carrefour.es/cloud-api/plp-food-papi/v1/supermercado/bebidas/alcoholes/cockteles-y-combinados/cat20180/c?offset=0 (1/3)
2025-04-28 01:13:26,574 - ERROR - Error 403: Reintentando acceso a https://www.carrefour.es/cloud-api/plp-food-papi/v1/supermercado/la-despensa/alimentacion/aceites-y-vinagres/cat20066/c?offset=0 (1/3)
2025-04-28 01:13:32,909 - ERROR - Error 403: Reintentando acceso a https://www.carrefour.es/cloud-api/plp-food-papi/v1/supermercado/la-despensa/alimentacion/aceites-y-vinagres/cat20066/c?offset=24 (1/3)
2025-04-28 01:13:41,237 - ERROR - Error 403: Reintentando acceso a https://www.carrefour.es/cloud-api/plp-food-papi/v1/supermercado/la-despensa/alimentacion/aceites-y-vinagres/cat20066/c?offset=72 (1/3)
2025-04-28 01:13:44,247 - ERROR - Error 403: Reintentando acceso a https://www.carrefour.es/cloud-api/plp-food-papi/v1/supermercado/la-despensa/alimentacion/aceites-y-vinagres/cat20066/c?offset=72 (2/3)
2025-04-28 01:14:00,706 - ERROR - Error 403: Reintentando acceso a https://www.carrefour.es/cloud-api/plp-food-papi/v1/supermercado/parafarmacia/cuidado-e-higiene-facial/exfoliantes-y-mascarillas/cat20410/c?offset=0 (1/3)
2025-04-28 01:14:05,173 - ERROR - Error 403: Reintentando acceso a https://www.carrefour.es/cloud-api/plp-food-papi/v1/supermercado/bebe/alimentacion-infantil/galletas-y-snacks/cat21295306/c?offset=0 (1/3)
2025-04-28 01:14:14,138 - ERROR - Error 403: Reintentando acceso a https://www.carrefour.es/cloud-api/plp-food-papi/v1/supermercado/bebe/alimentacion-infantil/galletas-y-snacks/cat21295306/c?offset=24 (1/3)
2025-04-28 01:14:39,781 - ERROR - Error 403: Reintentando acceso a https://www.carrefour.es/cloud-api/plp-food-papi/v1/supermercado/la-despensa/alimentacion/arroz-y-cous-cous/cat20068/c?offset=48 (1/3)
2025-04-28 01:14:54,296 - ERROR - Error al acceder a https://www.carrefour.es/cloud-api/plp-food-papi/v1/supermercado/la-despensa/helados/bombon/cat460003/c?offset=0: 500
2025-04-28 01:15:27,674 - ERROR - Error 403: Reintentando acceso a https://www.carrefour.es/cloud-api/plp-food-papi/v1/supermercado/perfumeria-e-higiene/cabello/cuidado-y-tratamientos-del-cabello/cat20223/c?offset=24 (1/3)
2025-04-28 01:15:31,933 - ERROR - Error 403: Reintentando acceso a https://www.carrefour.es/cloud-api/plp-food-papi/v1/supermercado/perfumeria-e-higiene/cabello/cuidado-y-tratamientos-del-cabello/cat20223/c?offset=24 (2/3)
2025-04-28 01:16:13,241 - ERROR - Error al acceder a https://www.carrefour.es/cloud-api/plp-food-papi/v1/supermercado/la-despensa/helados/tarrinas/cat460007/c?offset=0: 500
2025-04-28 01:16:26,911 - ERROR - Error 403: Reintentando acceso a https://www.carrefour.es/cloud-api/plp-food-papi/v1/supermercado/limpieza-y-hogar/bazar/herramientas/cat20265/c?offset=24 (1/3)
2025-04-28 01:17:05,741 - ERROR - Error 403: Reintentando acceso a https://www.carrefour.es/cloud-api/plp-food-papi/v1/supermercado/la-despensa/panaderia-bolleria-y-pasteleria/colines-picos-y-crakers/cat21623838/c?offset=72 (1/3)
2025-04-28 01:18:09,441 - ERROR - Error 403: Reintentando acceso a https://www.carrefour.es/cloud-api/plp-food-papi/v1/supermercado/productos-frescos/panaderia-tradicional/pan-tradicional/cat170025/c?offset=0 (1/3)
2025-04-28 01:18:19,133 - ERROR - Error 403: Reintentando acceso a https://www.carrefour.es/cloud-api/plp-food-papi/v1/supermercado/productos-frescos/panaderia-tradicional/pan-tradicional/cat170025/c?offset=48 (1/3)
2025-04-28 01:18:29,518 - ERROR - Error 403: Reintentando acceso a https://www.carrefour.es/cloud-api/plp-food-papi/v1/supermercado/parafarmacia/cuidado-corporal/protectores-solares/cat20404/c?offset=0 (1/3)
2025-04-28 01:18:39,109 - ERROR - Error 403: Reintentando acceso a https://www.carrefour.es/cloud-api/plp-food-papi/v1/supermercado/la-despensa/dulce-y-desayuno/cacaos-y-cereales-solubles/cat20079/c?offset=0 (1/3)
2025-04-28 01:18:57,750 - ERROR - Error 403: Reintentando acceso a https://www.carrefour.es/cloud-api/plp-food-papi/v1/supermercado/limpieza-y-hogar/calzado/crema/cat20268/c?offset=24 (1/3)
2025-04-28 01:19:49,846 - ERROR - Error 403: Reintentando acceso a https://www.carrefour.es/cloud-api/plp-food-papi/v1/supermercado/la-despensa/conservas-sopas-y-precocinados/tortillas-empanadillas-y-sandwiches/cat20120/c?offset=48 (1/3)
2025-04-28 01:19:54,031 - ERROR - Error 403: Reintentando acceso a https://www.carrefour.es/cloud-api/plp-food-papi/v1/supermercado/la-despensa/conservas-sopas-y-precocinados/tortillas-empanadillas-y-sandwiches/cat20120/c?offset=48 (2/3)
2025-04-28 01:19:58,148 - ERROR - Error 403: Reintentando acceso a https://www.carrefour.es/cloud-api/plp-food-papi/v1/supermercado/la-despensa/conservas-sopas-y-precocinados/tortillas-empanadillas-y-sandwiches/cat20120/c?offset=48 (3/3)
2025-04-28 01:20:00,763 - ERROR - Error 403 persistente: Acceso denegado a https://www.carrefour.es/cloud-api/plp-food-papi/v1/supermercado/la-despensa/conservas-sopas-y-precocinados/tortillas-empanadillas-y-sandwiches/cat20120/c?offset=48 tras 3 intentos
2025-04-28 01:20:10,336 - ERROR - Error al acceder a https://www.carrefour.es/cloud-api/plp-food-papi/v1/supermercado/parafarmacia/higiene-bucal/ortodoncia/cat20423/c?offset=0: 404
2025-04-28 01:20:10,815 - ERROR - Error al decodificar JSON de la respuesta en https://www.carrefour.es/cloud-api/plp-food-papi/v1/supermercado/bebe/panales-y-toallitas/banadores/cat210003/c?offset=0
2025-04-28 01:20:11,002 - ERROR - Error al acceder a https://www.carrefour.es/cloud-api/plp-food-papi/v1/supermercado/limpieza-y-hogar/ambientadores/automaticos/cat20249/c?offset=0: 404
2025-04-28 01:20:14,960 - ERROR - Error al acceder a https://www.carrefour.es/cloud-api/plp-food-papi/v1/supermercado/productos-frescos/quesos/crema-de-queso/cat690003/c?offset=24: 500
2025-04-28 01:20:15,286 - ERROR - Error al acceder a https://www.carrefour.es/cloud-api/plp-food-papi/v1/supermercado/la-despensa/conservas-sopas-y-precocinados/caldos-sopas-y-pure/cat20108/c?offset=0: 404
2025-04-28 01:20:15,575 - ERROR - Error al acceder a https://www.carrefour.es/cloud-api/plp-food-papi/v1/supermercado/la-despensa/alimentacion/especias-y-sazonadores/cat20069/c?offset=0: 404
2025-04-28 01:20:16,293 - ERROR - Error al acceder a https://www.carrefour.es/cloud-api/plp-food-papi/v1/supermercado/congelados/helados/polos/cat21449296/c?offset=0: 404
2025-04-28 01:20:40,767 - ERROR - Error 403: Reintentando acceso a https://www.carrefour.es/cloud-api/plp-food-papi/v1/supermercado/la-despensa/conservas-sopas-y-precocinados/conservas-de-pescado-y-marisco/cat20111/c?offset=48 (1/3)
2025-04-28 01:20:43,636 - ERROR - Error 403: Reintentando acceso a https://www.carrefour.es/cloud-api/plp-food-papi/v1/supermercado/la-despensa/conservas-sopas-y-precocinados/conservas-de-pescado-y-marisco/cat20111/c?offset=48 (2/3)
2025-04-28 01:20:50,122 - ERROR - Error 403: Reintentando acceso a https://www.carrefour.es/cloud-api/plp-food-papi/v1/supermercado/la-despensa/conservas-sopas-y-precocinados/conservas-de-pescado-y-marisco/cat20111/c?offset=72 (1/3)
2025-04-28 01:21:11,796 - ERROR - Error 403: Reintentando acceso a https://www.carrefour.es/cloud-api/plp-food-papi/v1/supermercado/la-despensa/conservas-sopas-y-precocinados/conservas-de-pescado-y-marisco/cat20111/c?offset=264 (1/3)
2025-04-28 01:21:23,792 - ERROR - Error 403: Reintentando acceso a https://www.carrefour.es/cloud-api/plp-food-papi/v1/supermercado/productos-frescos/carniceria/cerdo/cat190011/c?offset=72 (1/3)
2025-04-28 01:21:51,545 - ERROR - Error 403: Reintentando acceso a https://www.carrefour.es/cloud-api/plp-food-papi/v1/supermercado/limpieza-y-hogar/papel-y-celulosa/servilletas/cat20321/c?offset=0 (1/3)
2025-04-28 01:21:58,371 - ERROR - Error 403: Reintentando acceso a https://www.carrefour.es/cloud-api/plp-food-papi/v1/supermercado/productos-frescos/platos-preparados-cocinados/pastas-y-pizzas/cat180024/c?offset=24 (1/3)
2025-04-28 01:22:01,593 - ERROR - Error 403: Reintentando acceso a https://www.carrefour.es/cloud-api/plp-food-papi/v1/supermercado/productos-frescos/platos-preparados-cocinados/pastas-y-pizzas/cat180024/c?offset=24 (2/3)
2025-04-28 01:22:08,837 - ERROR - Error 403: Reintentando acceso a https://www.carrefour.es/cloud-api/plp-food-papi/v1/supermercado/limpieza-y-hogar/ambientadores/antihumedad/cat20248/c?offset=0 (1/3)
2025-04-28 01:22:37,558 - ERROR - Error 403: Reintentando acceso a https://www.carrefour.es/cloud-api/plp-food-papi/v1/supermercado/perfumeria-e-higiene/boca-y-sonrisa/protesis/cat20219/c?offset=24 (1/3)
2025-04-28 01:22:44,063 - ERROR - Error 403: Reintentando acceso a https://www.carrefour.es/cloud-api/plp-food-papi/v1/supermercado/limpieza-y-hogar/productos-para-cocina/limpiadores-electrodomesticos-cocina/cat20298/c?offset=24 (1/3)
2025-04-28 01:23:43,894 - ERROR - Error 403: Reintentando acceso a https://www.carrefour.es/cloud-api/plp-food-papi/v1/supermercado/la-despensa/helados/hielo/cat460011/c?offset=0 (1/3)
2025-04-28 01:23:47,230 - ERROR - Error al acceder a https://www.carrefour.es/cloud-api/plp-food-papi/v1/supermercado/la-despensa/helados/hielo/cat460011/c?offset=0: 500
2025-04-28 01:24:05,035 - ERROR - Error 403: Reintentando acceso a https://www.carrefour.es/cloud-api/plp-food-papi/v1/supermercado/productos-frescos/panaderia-tradicional/pan-rebanado/cat28890910/c?offset=24 (1/3)
2025-04-28 01:24:07,559 - ERROR - Error 403: Reintentando acceso a https://www.carrefour.es/cloud-api/plp-food-papi/v1/supermercado/productos-frescos/panaderia-tradicional/pan-rebanado/cat28890910/c?offset=24 (2/3)
2025-04-28 01:25:00,589 - ERROR - Error 403: Reintentando acceso a https://www.carrefour.es/cloud-api/plp-food-papi/v1/supermercado/perfumeria-e-higiene/bano-e-higiene-corporal/geles-de-bano/cat20208/c?offset=48 (1/3)
2025-04-28 01:25:39,478 - ERROR - Error 403: Reintentando acceso a https://www.carrefour.es/cloud-api/plp-food-papi/v1/supermercado/limpieza-y-hogar/papeleria/pequeno-accesorio/cat260015/c?offset=0 (1/3)
2025-04-28 01:25:50,391 - WARNING - Scrapeo terminado.
2025-04-28 01:25:50,546 - WARNING - Limpiando duplicados en output/productos_carrefour.csv, nmero de elementos duplicados: 14
2025-04-28 01:25:50,752 - WARNING - Limpiando duplicados en output/productos_carrefour.csv, nmero de elementos duplicados: 0
