2025-03-31 00:19:19,831 - WARNING - Scrapeo iniciado.
2025-03-31 00:19:59,930 - ERROR - Error 403: Reintentando acceso a https://www.carrefour.es/cloud-api/plp-food-papi/v1/supermercado/bebidas/aguas-y-zumos/agua-con-gas/cat650006/c?offset=0 (1/3)
2025-03-31 00:20:53,816 - ERROR - Error 403: Reintentando acceso a https://www.carrefour.es/cloud-api/plp-food-papi/v1/supermercado/bebidas/sidra/todas-las-sidras/cat20197/c?offset=0 (1/3)
2025-03-31 00:21:05,126 - ERROR - Error 403: Reintentando acceso a https://www.carrefour.es/cloud-api/plp-food-papi/v1/supermercado/limpieza-y-hogar/productos-para-bano/limpiadores-bano/cat20293/c?offset=24 (1/3)
2025-03-31 00:21:08,742 - ERROR - Error 403: Reintentando acceso a https://www.carrefour.es/cloud-api/plp-food-papi/v1/supermercado/limpieza-y-hogar/productos-para-bano/limpiadores-bano/cat20293/c?offset=24 (2/3)
2025-03-31 00:24:20,493 - ERROR - Error 403: Reintentando acceso a https://www.carrefour.es/cloud-api/plp-food-papi/v1/supermercado/parafarmacia/nutricion-y-dietetica/complementos-vitaminicos/cat20426/c?offset=0 (1/3)
2025-03-31 00:25:09,597 - ERROR - Error 403: Reintentando acceso a https://www.carrefour.es/cloud-api/plp-food-papi/v1/supermercado/productos-frescos/charcuteria/salchichas/cat20143/c?offset=24 (1/3)
2025-03-31 00:26:34,722 - ERROR - Error 403: Reintentando acceso a https://www.carrefour.es/cloud-api/plp-food-papi/v1/supermercado/la-despensa/yogures-y-postres/yogur-natural-y-sabores/cat360008/c?offset=0 (1/3)
2025-03-31 00:28:12,176 - ERROR - Error al acceder a https://www.carrefour.es/cloud-api/plp-food-papi/v1/supermercado/la-despensa/helados/frutas-heladas/cat460009/c?offset=0: 500
2025-03-31 00:28:38,152 - ERROR - Error al acceder a https://www.carrefour.es/cloud-api/plp-food-papi/v1/supermercado/la-despensa/helados/conos/cat460004/c?offset=0: 500
2025-03-31 00:29:28,583 - ERROR - Error 403: Reintentando acceso a https://www.carrefour.es/cloud-api/plp-food-papi/v1/supermercado/parafarmacia/cuidado-de-manos-y-pies/crema-de-manos/cat20414/c?offset=0 (1/3)
2025-03-31 00:31:07,757 - ERROR - Error 403: Reintentando acceso a https://www.carrefour.es/cloud-api/plp-food-papi/v1/supermercado/bebidas/alcoholes/ginebra/cat20181/c?offset=48 (1/3)
2025-03-31 00:31:37,661 - ERROR - Error 403: Reintentando acceso a https://www.carrefour.es/cloud-api/plp-food-papi/v1/supermercado/productos-frescos/quesos/rallados/cat690002/c?offset=48 (1/3)
2025-03-31 00:33:12,980 - ERROR - Error 403: Reintentando acceso a https://www.carrefour.es/cloud-api/plp-food-papi/v1/supermercado/productos-frescos/quesos/tierno/cat20171/c?offset=72 (1/3)
2025-03-31 00:33:17,591 - ERROR - Error 403: Reintentando acceso a https://www.carrefour.es/cloud-api/plp-food-papi/v1/supermercado/la-despensa/dulce/mermeladas-membrillos-y-compotas/cat26102558/c?offset=24 (1/3)
2025-03-31 00:34:03,836 - ERROR - Error 403: Reintentando acceso a https://www.carrefour.es/cloud-api/plp-food-papi/v1/supermercado/productos-frescos/verduras-y-hortalizas/verduras-y-hortalizas-congeladas/cat220022/c?offset=0 (1/3)
2025-03-31 00:34:24,490 - ERROR - Error 403: Reintentando acceso a https://www.carrefour.es/cloud-api/plp-food-papi/v1/supermercado/bebidas/refrescos/colas/cat650010/c?offset=72 (1/3)
2025-03-31 00:35:01,367 - ERROR - Error 403: Reintentando acceso a https://www.carrefour.es/cloud-api/plp-food-papi/v1/supermercado/congelados/helados/hielo/cat21449314/c?offset=24 (1/3)
2025-03-31 00:35:26,029 - ERROR - Error 403: Reintentando acceso a https://www.carrefour.es/cloud-api/plp-food-papi/v1/supermercado/bebidas/cerveza/rubia/cat20189/c?offset=0 (1/3)
2025-03-31 00:36:46,177 - ERROR - Error 403: Reintentando acceso a https://www.carrefour.es/cloud-api/plp-food-papi/v1/supermercado/bebidas/alcoholes/todos-los-alcoholes/cat30005/c?offset=0 (1/3)
2025-03-31 00:37:22,728 - ERROR - Error 403: Reintentando acceso a https://www.carrefour.es/cloud-api/plp-food-papi/v1/supermercado/mascotas/perros/pienso-para-perros/cat20377/c?offset=0 (1/3)
2025-03-31 00:37:27,447 - ERROR - Error 403: Reintentando acceso a https://www.carrefour.es/cloud-api/plp-food-papi/v1/supermercado/mascotas/perros/pienso-para-perros/cat20377/c?offset=0 (2/3)
2025-03-31 00:37:42,797 - ERROR - Error 403: Reintentando acceso a https://www.carrefour.es/cloud-api/plp-food-papi/v1/supermercado/bebidas/vinos/vinos-internacionales/cat20204/c?offset=24 (1/3)
2025-03-31 00:37:52,428 - ERROR - Error 403: Reintentando acceso a https://www.carrefour.es/cloud-api/plp-food-papi/v1/supermercado/limpieza-y-hogar/menaje/utensilios-de-cocina/cat20290/c?offset=0 (1/3)
2025-03-31 00:38:13,953 - ERROR - Error 403: Reintentando acceso a https://www.carrefour.es/cloud-api/plp-food-papi/v1/supermercado/limpieza-y-hogar/ambientadores/coche/cat20250/c?offset=0 (1/3)
2025-03-31 00:38:48,696 - ERROR - Error al decodificar JSON de la respuesta en https://www.carrefour.es/cloud-api/plp-food-papi/v1/supermercado/productos-frescos/panaderia-tradicional/pdteborrar-pdteborrar-pdteborrar-pan-de-molde-tostado-y-picos/cat20163/c?offset=0
2025-03-31 00:38:48,757 - ERROR - Error 403: Reintentando acceso a https://www.carrefour.es/cloud-api/plp-food-papi/v1/supermercado/la-despensa/lacteos/bechamel/cat20091/c?offset=0 (1/3)
2025-03-31 00:38:51,985 - ERROR - Error 403: Reintentando acceso a https://www.carrefour.es/cloud-api/plp-food-papi/v1/supermercado/la-despensa/lacteos/bechamel/cat20091/c?offset=0 (2/3)
2025-03-31 00:39:11,477 - ERROR - Error 403: Reintentando acceso a https://www.carrefour.es/cloud-api/plp-food-papi/v1/supermercado/parafarmacia/cuidado-de-manos-y-pies/apositos-y-plantillas/cat20413/c?offset=0 (1/3)
2025-03-31 00:39:29,361 - ERROR - Error 403: Reintentando acceso a https://www.carrefour.es/cloud-api/plp-food-papi/v1/supermercado/la-despensa/aperitivos/aceitunas-y-encurtidos/cat20067/c?offset=96 (1/3)
2025-03-31 00:40:08,486 - ERROR - Error 403: Reintentando acceso a https://www.carrefour.es/cloud-api/plp-food-papi/v1/supermercado/perfumeria-e-higiene/cuidado-y-proteccion-corporal/piel/cat20233/c?offset=96 (1/3)
2025-03-31 00:40:17,441 - ERROR - Error al acceder a https://www.carrefour.es/cloud-api/plp-food-papi/v1/supermercado/la-despensa/helados/bloques/cat460002/c?offset=0: 500
2025-03-31 00:40:21,137 - ERROR - Error 403: Reintentando acceso a https://www.carrefour.es/cloud-api/plp-food-papi/v1/supermercado/perfumeria-e-higiene/cosmetica/ojos/cat20228/c?offset=0 (1/3)
2025-03-31 00:40:30,184 - ERROR - Error 403: Reintentando acceso a https://www.carrefour.es/cloud-api/plp-food-papi/v1/supermercado/bebidas/sidra/sin-alcohol/cat370012/c?offset=0 (1/3)
2025-03-31 00:40:44,258 - ERROR - Error 403: Reintentando acceso a https://www.carrefour.es/cloud-api/plp-food-papi/v1/supermercado/perfumeria-e-higiene/higiene-intima/tampones/cat20243/c?offset=0 (1/3)
2025-03-31 00:40:48,149 - ERROR - Error 403: Reintentando acceso a https://www.carrefour.es/cloud-api/plp-food-papi/v1/supermercado/perfumeria-e-higiene/higiene-intima/tampones/cat20243/c?offset=0 (2/3)
2025-03-31 00:41:48,102 - ERROR - Error 403: Reintentando acceso a https://www.carrefour.es/cloud-api/plp-food-papi/v1/supermercado/productos-frescos/panaderia-tradicional/pdteborrar-pdteborrar-masa-fresca-y-bases/cat20162/c?offset=0 (1/3)
2025-03-31 00:41:53,140 - ERROR - Error 403: Reintentando acceso a https://www.carrefour.es/cloud-api/plp-food-papi/v1/supermercado/productos-frescos/panaderia-tradicional/pdteborrar-pdteborrar-masa-fresca-y-bases/cat20162/c?offset=0 (2/3)
2025-03-31 00:41:56,509 - ERROR - Error 403: Reintentando acceso a https://www.carrefour.es/cloud-api/plp-food-papi/v1/supermercado/productos-frescos/panaderia-tradicional/pdteborrar-pdteborrar-masa-fresca-y-bases/cat20162/c?offset=0 (3/3)
2025-03-31 00:42:00,175 - ERROR - Error 403 persistente: Acceso denegado a https://www.carrefour.es/cloud-api/plp-food-papi/v1/supermercado/productos-frescos/panaderia-tradicional/pdteborrar-pdteborrar-masa-fresca-y-bases/cat20162/c?offset=0 tras 3 intentos
2025-03-31 00:42:12,728 - ERROR - Error 403: Reintentando acceso a https://www.carrefour.es/cloud-api/plp-food-papi/v1/supermercado/limpieza-y-hogar/calzado/limpiador-liquido/cat20272/c?offset=0 (1/3)
2025-03-31 00:42:39,280 - ERROR - Error 403: Reintentando acceso a https://www.carrefour.es/cloud-api/plp-food-papi/v1/supermercado/limpieza-y-hogar/cuidado-de-la-ropa/detergentes/cat20303/c?offset=48 (1/3)
2025-03-31 00:44:02,409 - ERROR - Error al acceder a https://www.carrefour.es/cloud-api/plp-food-papi/v1/supermercado/la-despensa/helados/tartas-heladas/cat460010/c?offset=0: 500
2025-03-31 00:44:44,544 - ERROR - Error 403: Reintentando acceso a https://www.carrefour.es/cloud-api/plp-food-papi/v1/supermercado/productos-frescos/carniceria/hamburguesas/cat20154/c?offset=0 (1/3)
2025-03-31 00:46:06,163 - ERROR - Error 403: Reintentando acceso a https://www.carrefour.es/cloud-api/plp-food-papi/v1/supermercado/parafarmacia/cabello/champus-anticaida/cat20397/c?offset=24 (1/3)
2025-03-31 00:47:06,730 - ERROR - Error 403: Reintentando acceso a https://www.carrefour.es/cloud-api/plp-food-papi/v1/supermercado/bebidas/refrescos/kombucha/cat23383768/c?offset=0 (1/3)
2025-03-31 00:48:15,570 - ERROR - Error 403: Reintentando acceso a https://www.carrefour.es/cloud-api/plp-food-papi/v1/supermercado/bebidas/alcoholes/tequila/cat20183/c?offset=24 (1/3)
2025-03-31 00:48:42,591 - ERROR - Error 403: Reintentando acceso a https://www.carrefour.es/cloud-api/plp-food-papi/v1/supermercado/congelados/helados/tartas-heladas/cat21449319/c?offset=24 (1/3)
2025-03-31 00:48:59,371 - ERROR - Error al acceder a https://www.carrefour.es/cloud-api/plp-food-papi/v1/supermercado/la-despensa/helados/polos/cat460006/c?offset=0: 500
2025-03-31 00:49:20,464 - ERROR - Error 403: Reintentando acceso a https://www.carrefour.es/cloud-api/plp-food-papi/v1/supermercado/la-despensa/lacteos/leche-condensada-evaporada-y-en-polvo/cat20094/c?offset=0 (1/3)
2025-03-31 00:49:55,412 - ERROR - Error 403: Reintentando acceso a https://www.carrefour.es/cloud-api/plp-food-papi/v1/supermercado/mascotas/perros/comederos/cat80004/c?offset=24 (1/3)
2025-03-31 00:51:07,872 - ERROR - Error al decodificar JSON de la respuesta en https://www.carrefour.es/cloud-api/plp-food-papi/v1/supermercado/productos-frescos/panaderia-tradicional/pdteborrar-pdteborrar-magdalenas-dulces-y-bollos/cat20161/c?offset=0
2025-03-31 00:51:08,282 - ERROR - Error al acceder a https://www.carrefour.es/cloud-api/plp-food-papi/v1/supermercado/la-despensa/helados/sandwiches/cat460005/c?offset=0: 500
2025-03-31 00:51:14,472 - ERROR - Error 403: Reintentando acceso a https://www.carrefour.es/cloud-api/plp-food-papi/v1/supermercado/bebe/alimentacion-infantil/postres-zumos-petit-y-yogures-infantiles/cat20337/c?offset=48 (1/3)
2025-03-31 00:52:19,892 - ERROR - Error 403: Reintentando acceso a https://www.carrefour.es/cloud-api/plp-food-papi/v1/supermercado/productos-frescos/charcuteria/tablas-y-surtidos/cat20145/c?offset=24 (1/3)
2025-03-31 00:52:45,225 - ERROR - Error 403: Reintentando acceso a https://www.carrefour.es/cloud-api/plp-food-papi/v1/supermercado/la-despensa/desayuno/galletas/cat26102047/c?offset=120 (1/3)
2025-03-31 00:53:00,807 - ERROR - Error 403: Reintentando acceso a https://www.carrefour.es/cloud-api/plp-food-papi/v1/supermercado/la-despensa/desayuno/galletas/cat26102047/c?offset=192 (1/3)
2025-03-31 00:53:15,675 - ERROR - Error 403: Reintentando acceso a https://www.carrefour.es/cloud-api/plp-food-papi/v1/supermercado/la-despensa/desayuno/galletas/cat26102047/c?offset=312 (1/3)
2025-03-31 00:54:14,768 - ERROR - Error 403: Reintentando acceso a https://www.carrefour.es/cloud-api/plp-food-papi/v1/supermercado/perfumeria-e-higiene/bano-e-higiene-corporal/ojos-y-oreja/cat20210/c?offset=0 (1/3)
2025-03-31 00:54:19,365 - ERROR - Error 403: Reintentando acceso a https://www.carrefour.es/cloud-api/plp-food-papi/v1/supermercado/perfumeria-e-higiene/bano-e-higiene-corporal/ojos-y-oreja/cat20210/c?offset=0 (2/3)
2025-03-31 00:54:39,388 - ERROR - Error 403: Reintentando acceso a https://www.carrefour.es/cloud-api/plp-food-papi/v1/supermercado/productos-frescos/pescaderia/surimi-y-elaborados/cat20123/c?offset=0 (1/3)
2025-03-31 00:55:11,037 - ERROR - Error 403: Reintentando acceso a https://www.carrefour.es/cloud-api/plp-food-papi/v1/supermercado/la-despensa/dulce/bombones-y-chocolates/cat26102512/c?offset=48 (1/3)
2025-03-31 00:55:20,716 - ERROR - Error 403: Reintentando acceso a https://www.carrefour.es/cloud-api/plp-food-papi/v1/supermercado/la-despensa/dulce/bombones-y-chocolates/cat26102512/c?offset=96 (1/3)
2025-03-31 00:55:29,332 - ERROR - Error 403: Reintentando acceso a https://www.carrefour.es/cloud-api/plp-food-papi/v1/supermercado/la-despensa/dulce/bombones-y-chocolates/cat26102512/c?offset=144 (1/3)
2025-03-31 00:55:48,156 - ERROR - Error 403: Reintentando acceso a https://www.carrefour.es/cloud-api/plp-food-papi/v1/supermercado/la-despensa/dulce/bombones-y-chocolates/cat26102512/c?offset=264 (1/3)
2025-03-31 00:56:06,378 - ERROR - Error 403: Reintentando acceso a https://www.carrefour.es/cloud-api/plp-food-papi/v1/supermercado/bebidas/vinos/sangria-y-tinto-de-verano/cat20202/c?offset=24 (1/3)
2025-03-31 00:56:24,995 - ERROR - Error 403: Reintentando acceso a https://www.carrefour.es/cloud-api/plp-food-papi/v1/supermercado/bebidas/alcoholes/cockteles-y-combinados/cat20180/c?offset=24 (1/3)
2025-03-31 00:56:41,445 - ERROR - Error 403: Reintentando acceso a https://www.carrefour.es/cloud-api/plp-food-papi/v1/supermercado/la-despensa/alimentacion/aceites-y-vinagres/cat20066/c?offset=72 (1/3)
2025-03-31 00:57:37,022 - ERROR - Error al acceder a https://www.carrefour.es/cloud-api/plp-food-papi/v1/supermercado/la-despensa/helados/bombon/cat460003/c?offset=0: 500
2025-03-31 00:57:42,336 - ERROR - Error 403: Reintentando acceso a https://www.carrefour.es/cloud-api/plp-food-papi/v1/supermercado/limpieza-y-hogar/papel-y-celulosa/papel-cocina-y-multiusos/cat20319/c?offset=0 (1/3)
2025-03-31 00:57:55,858 - ERROR - Error 403: Reintentando acceso a https://www.carrefour.es/cloud-api/plp-food-papi/v1/supermercado/parafarmacia/botiquin/antimosquitos/cat20388/c?offset=24 (1/3)
2025-03-31 00:58:49,455 - ERROR - Error 403: Reintentando acceso a https://www.carrefour.es/cloud-api/plp-food-papi/v1/supermercado/perfumeria-e-higiene/cosmetica/rostro/cat20229/c?offset=24 (1/3)
2025-03-31 00:59:01,995 - ERROR - Error al acceder a https://www.carrefour.es/cloud-api/plp-food-papi/v1/supermercado/la-despensa/helados/tarrinas/cat460007/c?offset=0: 500
2025-03-31 00:59:30,398 - ERROR - Error 403: Reintentando acceso a https://www.carrefour.es/cloud-api/plp-food-papi/v1/supermercado/productos-frescos/pescaderia/marisco-almejas-y-mejillones/cat20124/c?offset=0 (1/3)
2025-03-31 01:00:46,349 - ERROR - Error 403: Reintentando acceso a https://www.carrefour.es/cloud-api/plp-food-papi/v1/supermercado/la-despensa/aperitivos/snacks/cat20074/c?offset=72 (1/3)
2025-03-31 01:02:30,657 - ERROR - Error 403: Reintentando acceso a https://www.carrefour.es/cloud-api/plp-food-papi/v1/supermercado/la-despensa/conservas-sopas-y-precocinados/caldos-sopas-y-pure/cat20108/c?offset=168 (1/3)
2025-03-31 01:02:33,790 - ERROR - Error 403: Reintentando acceso a https://www.carrefour.es/cloud-api/plp-food-papi/v1/supermercado/la-despensa/conservas-sopas-y-precocinados/caldos-sopas-y-pure/cat20108/c?offset=168 (2/3)
2025-03-31 01:02:54,726 - ERROR - Error 403: Reintentando acceso a https://www.carrefour.es/cloud-api/plp-food-papi/v1/supermercado/productos-frescos/verduras-y-hortalizas/ensaladas-y-verduras-preparadas/cat220020/c?offset=0 (1/3)
2025-03-31 01:03:10,605 - ERROR - Error 403: Reintentando acceso a https://www.carrefour.es/cloud-api/plp-food-papi/v1/supermercado/productos-frescos/verduras-y-hortalizas/ensaladas-y-verduras-preparadas/cat220020/c?offset=96 (1/3)
2025-03-31 01:03:24,354 - ERROR - Error 403: Reintentando acceso a https://www.carrefour.es/cloud-api/plp-food-papi/v1/supermercado/limpieza-y-hogar/ambientadores/electricos/cat20252/c?offset=24 (1/3)
2025-03-31 01:04:09,989 - ERROR - Error 403: Reintentando acceso a https://www.carrefour.es/cloud-api/plp-food-papi/v1/supermercado/bebidas/vinos/todos-los-vinos/cat30006/c?offset=0 (1/3)
2025-03-31 01:04:32,909 - ERROR - Error 403: Reintentando acceso a https://www.carrefour.es/cloud-api/plp-food-papi/v1/supermercado/productos-frescos/charcuteria-y-quesos-al-corte/jamon-a-cuchillo/cat510005/c?offset=0 (1/3)
2025-03-31 01:04:59,549 - ERROR - Error 403: Reintentando acceso a https://www.carrefour.es/cloud-api/plp-food-papi/v1/supermercado/limpieza-y-hogar/cuidado-de-la-ropa/toallitas-atrapacolores/cat20309/c?offset=24 (1/3)
2025-03-31 01:06:03,558 - ERROR - Error al acceder a https://www.carrefour.es/cloud-api/plp-food-papi/v1/supermercado/la-despensa/helados/hielo/cat460011/c?offset=0: 500
2025-03-31 01:06:29,532 - ERROR - Error 403: Reintentando acceso a https://www.carrefour.es/cloud-api/plp-food-papi/v1/supermercado/limpieza-y-hogar/bazar/pilas/cat20262/c?offset=0 (1/3)
2025-03-31 01:07:26,353 - ERROR - Error 403: Reintentando acceso a https://www.carrefour.es/cloud-api/plp-food-papi/v1/supermercado/la-despensa/yogures-y-postres/yogures-griegos-y-enriquecidos/cat360003/c?offset=0 (1/3)
2025-03-31 01:07:48,733 - WARNING - Scrapeo terminado.
2025-03-31 01:07:48,879 - WARNING - Limpiando duplicados en output/productos_carrefour.csv, número de elementos duplicados: 14
2025-03-31 01:07:49,078 - WARNING - Limpiando duplicados en output/productos_carrefour.csv, número de elementos duplicados: 0
